CRITICAL - 2023-11-20 01:13:20 --> Undefined property: stdClass::$id_user
in APPPATH\Controllers\Home.php on line 395.
 1 APPPATH\Controllers\Home.php(395): CodeIgniter\Debug\Exceptions->errorHandler(2, 'Undefined property: stdClass::$id_user', 'D:\\Lelang\\app\\Controllers\\Home.php', 395)
 2 SYSTEMPATH\CodeIgniter.php(915): App\Controllers\Home->aksi_login()
 3 SYSTEMPATH\CodeIgniter.php(492): CodeIgniter\CodeIgniter->runController(Object(App\Controllers\Home))
 4 SYSTEMPATH\CodeIgniter.php(353): CodeIgniter\CodeIgniter->handleRequest(null, Object(Config\Cache), false)
 5 FCPATH\index.php(79): CodeIgniter\CodeIgniter->run()
 6 SYSTEMPATH\Commands\Server\rewrite.php(47): require_once('D:\\Lelang\\public\\index.php')
CRITICAL - 2023-11-20 01:13:48 --> Undefined property: stdClass::$id_user
in APPPATH\Controllers\Home.php on line 395.
 1 APPPATH\Controllers\Home.php(395): CodeIgniter\Debug\Exceptions->errorHandler(2, 'Undefined property: stdClass::$id_user', 'D:\\Lelang\\app\\Controllers\\Home.php', 395)
 2 SYSTEMPATH\CodeIgniter.php(915): App\Controllers\Home->aksi_login()
 3 SYSTEMPATH\CodeIgniter.php(492): CodeIgniter\CodeIgniter->runController(Object(App\Controllers\Home))
 4 SYSTEMPATH\CodeIgniter.php(353): CodeIgniter\CodeIgniter->handleRequest(null, Object(Config\Cache), false)
 5 FCPATH\index.php(79): CodeIgniter\CodeIgniter->run()
 6 SYSTEMPATH\Commands\Server\rewrite.php(47): require_once('D:\\Lelang\\public\\index.php')
CRITICAL - 2023-11-20 01:14:31 --> Undefined property: stdClass::$level
in APPPATH\Controllers\Home.php on line 397.
 1 APPPATH\Controllers\Home.php(397): CodeIgniter\Debug\Exceptions->errorHandler(2, 'Undefined property: stdClass::$level', 'D:\\Lelang\\app\\Controllers\\Home.php', 397)
 2 SYSTEMPATH\CodeIgniter.php(915): App\Controllers\Home->aksi_login()
 3 SYSTEMPATH\CodeIgniter.php(492): CodeIgniter\CodeIgniter->runController(Object(App\Controllers\Home))
 4 SYSTEMPATH\CodeIgniter.php(353): CodeIgniter\CodeIgniter->handleRequest(null, Object(Config\Cache), false)
 5 FCPATH\index.php(79): CodeIgniter\CodeIgniter->run()
 6 SYSTEMPATH\Commands\Server\rewrite.php(47): require_once('D:\\Lelang\\public\\index.php')
