ERROR - 2023-11-29 00:01:54 --> Error connecting to the database: mysqli_sql_exception: No connection could be made because the target machine actively refused it in D:\Lelang\system\Database\MySQLi\Connection.php:184
Stack trace:
#0 D:\Lelang\system\Database\MySQLi\Connection.php(184): mysqli->real_connect('localhost', 'root', Object(SensitiveParameterValue), 'lelang_online', 3306, '', 0)
#1 D:\Lelang\system\Database\BaseConnection.php(391): CodeIgniter\Database\MySQLi\Connection->connect(false)
#2 D:\Lelang\system\Database\BaseConnection.php(574): CodeIgniter\Database\BaseConnection->initialize()
#3 D:\Lelang\system\Database\BaseBuilder.php(1749): CodeIgniter\Database\BaseConnection->query('SELECT *\nFROM `...', Array, false)
#4 D:\Lelang\app\Models\M_lelang.php(24): CodeIgniter\Database\BaseBuilder->getWhere(Array)
#5 D:\Lelang\app\Controllers\Home.php(412): App\Models\M_lelang->getWhere('petugas', Array)
#6 D:\Lelang\system\CodeIgniter.php(915): App\Controllers\Home->aksi_login()
#7 D:\Lelang\system\CodeIgniter.php(492): CodeIgniter\CodeIgniter->runController(Object(App\Controllers\Home))
#8 D:\Lelang\system\CodeIgniter.php(353): CodeIgniter\CodeIgniter->handleRequest(NULL, Object(Config\Cache), false)
#9 D:\Lelang\public\index.php(79): CodeIgniter\CodeIgniter->run()
#10 D:\Lelang\system\Commands\Server\rewrite.php(47): require_once('D:\\Lelang\\publi...')
#11 {main}

Next CodeIgniter\Database\Exceptions\DatabaseException: No connection could be made because the target machine actively refused it in D:\Lelang\system\Database\MySQLi\Connection.php:229
Stack trace:
#0 D:\Lelang\system\Database\BaseConnection.php(391): CodeIgniter\Database\MySQLi\Connection->connect(false)
#1 D:\Lelang\system\Database\BaseConnection.php(574): CodeIgniter\Database\BaseConnection->initialize()
#2 D:\Lelang\system\Database\BaseBuilder.php(1749): CodeIgniter\Database\BaseConnection->query('SELECT *\nFROM `...', Array, false)
#3 D:\Lelang\app\Models\M_lelang.php(24): CodeIgniter\Database\BaseBuilder->getWhere(Array)
#4 D:\Lelang\app\Controllers\Home.php(412): App\Models\M_lelang->getWhere('petugas', Array)
#5 D:\Lelang\system\CodeIgniter.php(915): App\Controllers\Home->aksi_login()
#6 D:\Lelang\system\CodeIgniter.php(492): CodeIgniter\CodeIgniter->runController(Object(App\Controllers\Home))
#7 D:\Lelang\system\CodeIgniter.php(353): CodeIgniter\CodeIgniter->handleRequest(NULL, Object(Config\Cache), false)
#8 D:\Lelang\public\index.php(79): CodeIgniter\CodeIgniter->run()
#9 D:\Lelang\system\Commands\Server\rewrite.php(47): require_once('D:\\Lelang\\publi...')
#10 {main}
CRITICAL - 2023-11-29 00:01:54 --> Unable to connect to the database.
Main connection [MySQLi]: No connection could be made because the target machine actively refused it
in SYSTEMPATH\Database\BaseConnection.php on line 427.
 1 SYSTEMPATH\Database\BaseConnection.php(574): CodeIgniter\Database\BaseConnection->initialize()
 2 SYSTEMPATH\Database\BaseBuilder.php(1749): CodeIgniter\Database\BaseConnection->query('SELECT *
FROM `petugas`
WHERE `username` = :username:
AND `password` = :password:', [...], false)
 3 APPPATH\Models\M_lelang.php(24): CodeIgniter\Database\BaseBuilder->getWhere([...])
 4 APPPATH\Controllers\Home.php(412): App\Models\M_lelang->getWhere('petugas', [...])
 5 SYSTEMPATH\CodeIgniter.php(915): App\Controllers\Home->aksi_login()
 6 SYSTEMPATH\CodeIgniter.php(492): CodeIgniter\CodeIgniter->runController(Object(App\Controllers\Home))
 7 SYSTEMPATH\CodeIgniter.php(353): CodeIgniter\CodeIgniter->handleRequest(null, Object(Config\Cache), false)
 8 FCPATH\index.php(79): CodeIgniter\CodeIgniter->run()
 9 SYSTEMPATH\Commands\Server\rewrite.php(47): require_once('D:\\Lelang\\public\\index.php')
ERROR - 2023-11-29 00:02:08 --> Error connecting to the database: mysqli_sql_exception: No connection could be made because the target machine actively refused it in D:\Lelang\system\Database\MySQLi\Connection.php:184
Stack trace:
#0 D:\Lelang\system\Database\MySQLi\Connection.php(184): mysqli->real_connect('localhost', 'root', Object(SensitiveParameterValue), 'lelang_online', 3306, '', 0)
#1 D:\Lelang\system\Database\BaseConnection.php(391): CodeIgniter\Database\MySQLi\Connection->connect(false)
#2 D:\Lelang\system\Database\BaseConnection.php(574): CodeIgniter\Database\BaseConnection->initialize()
#3 D:\Lelang\system\Database\BaseBuilder.php(1749): CodeIgniter\Database\BaseConnection->query('SELECT *\nFROM `...', Array, false)
#4 D:\Lelang\app\Models\M_lelang.php(24): CodeIgniter\Database\BaseBuilder->getWhere(Array)
#5 D:\Lelang\app\Controllers\Home.php(412): App\Models\M_lelang->getWhere('petugas', Array)
#6 D:\Lelang\system\CodeIgniter.php(915): App\Controllers\Home->aksi_login()
#7 D:\Lelang\system\CodeIgniter.php(492): CodeIgniter\CodeIgniter->runController(Object(App\Controllers\Home))
#8 D:\Lelang\system\CodeIgniter.php(353): CodeIgniter\CodeIgniter->handleRequest(NULL, Object(Config\Cache), false)
#9 D:\Lelang\public\index.php(79): CodeIgniter\CodeIgniter->run()
#10 D:\Lelang\system\Commands\Server\rewrite.php(47): require_once('D:\\Lelang\\publi...')
#11 {main}

Next CodeIgniter\Database\Exceptions\DatabaseException: No connection could be made because the target machine actively refused it in D:\Lelang\system\Database\MySQLi\Connection.php:229
Stack trace:
#0 D:\Lelang\system\Database\BaseConnection.php(391): CodeIgniter\Database\MySQLi\Connection->connect(false)
#1 D:\Lelang\system\Database\BaseConnection.php(574): CodeIgniter\Database\BaseConnection->initialize()
#2 D:\Lelang\system\Database\BaseBuilder.php(1749): CodeIgniter\Database\BaseConnection->query('SELECT *\nFROM `...', Array, false)
#3 D:\Lelang\app\Models\M_lelang.php(24): CodeIgniter\Database\BaseBuilder->getWhere(Array)
#4 D:\Lelang\app\Controllers\Home.php(412): App\Models\M_lelang->getWhere('petugas', Array)
#5 D:\Lelang\system\CodeIgniter.php(915): App\Controllers\Home->aksi_login()
#6 D:\Lelang\system\CodeIgniter.php(492): CodeIgniter\CodeIgniter->runController(Object(App\Controllers\Home))
#7 D:\Lelang\system\CodeIgniter.php(353): CodeIgniter\CodeIgniter->handleRequest(NULL, Object(Config\Cache), false)
#8 D:\Lelang\public\index.php(79): CodeIgniter\CodeIgniter->run()
#9 D:\Lelang\system\Commands\Server\rewrite.php(47): require_once('D:\\Lelang\\publi...')
#10 {main}
CRITICAL - 2023-11-29 00:02:08 --> Unable to connect to the database.
Main connection [MySQLi]: No connection could be made because the target machine actively refused it
in SYSTEMPATH\Database\BaseConnection.php on line 427.
 1 SYSTEMPATH\Database\BaseConnection.php(574): CodeIgniter\Database\BaseConnection->initialize()
 2 SYSTEMPATH\Database\BaseBuilder.php(1749): CodeIgniter\Database\BaseConnection->query('SELECT *
FROM `petugas`
WHERE `username` = :username:
AND `password` = :password:', [...], false)
 3 APPPATH\Models\M_lelang.php(24): CodeIgniter\Database\BaseBuilder->getWhere([...])
 4 APPPATH\Controllers\Home.php(412): App\Models\M_lelang->getWhere('petugas', [...])
 5 SYSTEMPATH\CodeIgniter.php(915): App\Controllers\Home->aksi_login()
 6 SYSTEMPATH\CodeIgniter.php(492): CodeIgniter\CodeIgniter->runController(Object(App\Controllers\Home))
 7 SYSTEMPATH\CodeIgniter.php(353): CodeIgniter\CodeIgniter->handleRequest(null, Object(Config\Cache), false)
 8 FCPATH\index.php(79): CodeIgniter\CodeIgniter->run()
 9 SYSTEMPATH\Commands\Server\rewrite.php(47): require_once('D:\\Lelang\\public\\index.php')
ERROR - 2023-11-29 00:10:52 --> Error connecting to the database: mysqli_sql_exception: No connection could be made because the target machine actively refused it in D:\Lelang\system\Database\MySQLi\Connection.php:184
Stack trace:
#0 D:\Lelang\system\Database\MySQLi\Connection.php(184): mysqli->real_connect('localhost', 'root', Object(SensitiveParameterValue), 'lelang_online', 3306, '', 0)
#1 D:\Lelang\system\Database\BaseConnection.php(391): CodeIgniter\Database\MySQLi\Connection->connect(false)
#2 D:\Lelang\system\Database\BaseConnection.php(574): CodeIgniter\Database\BaseConnection->initialize()
#3 D:\Lelang\system\Database\BaseBuilder.php(1749): CodeIgniter\Database\BaseConnection->query('SELECT *\nFROM `...', Array, false)
#4 D:\Lelang\app\Models\M_lelang.php(24): CodeIgniter\Database\BaseBuilder->getWhere(Array)
#5 D:\Lelang\app\Controllers\Home.php(173): App\Models\M_lelang->getWhere('barang', Array)
#6 D:\Lelang\system\CodeIgniter.php(915): App\Controllers\Home->edit_barang('2')
#7 D:\Lelang\system\CodeIgniter.php(492): CodeIgniter\CodeIgniter->runController(Object(App\Controllers\Home))
#8 D:\Lelang\system\CodeIgniter.php(353): CodeIgniter\CodeIgniter->handleRequest(NULL, Object(Config\Cache), false)
#9 D:\Lelang\public\index.php(79): CodeIgniter\CodeIgniter->run()
#10 D:\Lelang\system\Commands\Server\rewrite.php(47): require_once('D:\\Lelang\\publi...')
#11 {main}

Next CodeIgniter\Database\Exceptions\DatabaseException: No connection could be made because the target machine actively refused it in D:\Lelang\system\Database\MySQLi\Connection.php:229
Stack trace:
#0 D:\Lelang\system\Database\BaseConnection.php(391): CodeIgniter\Database\MySQLi\Connection->connect(false)
#1 D:\Lelang\system\Database\BaseConnection.php(574): CodeIgniter\Database\BaseConnection->initialize()
#2 D:\Lelang\system\Database\BaseBuilder.php(1749): CodeIgniter\Database\BaseConnection->query('SELECT *\nFROM `...', Array, false)
#3 D:\Lelang\app\Models\M_lelang.php(24): CodeIgniter\Database\BaseBuilder->getWhere(Array)
#4 D:\Lelang\app\Controllers\Home.php(173): App\Models\M_lelang->getWhere('barang', Array)
#5 D:\Lelang\system\CodeIgniter.php(915): App\Controllers\Home->edit_barang('2')
#6 D:\Lelang\system\CodeIgniter.php(492): CodeIgniter\CodeIgniter->runController(Object(App\Controllers\Home))
#7 D:\Lelang\system\CodeIgniter.php(353): CodeIgniter\CodeIgniter->handleRequest(NULL, Object(Config\Cache), false)
#8 D:\Lelang\public\index.php(79): CodeIgniter\CodeIgniter->run()
#9 D:\Lelang\system\Commands\Server\rewrite.php(47): require_once('D:\\Lelang\\publi...')
#10 {main}
CRITICAL - 2023-11-29 00:10:52 --> Unable to connect to the database.
Main connection [MySQLi]: No connection could be made because the target machine actively refused it
in SYSTEMPATH\Database\BaseConnection.php on line 427.
 1 SYSTEMPATH\Database\BaseConnection.php(574): CodeIgniter\Database\BaseConnection->initialize()
 2 SYSTEMPATH\Database\BaseBuilder.php(1749): CodeIgniter\Database\BaseConnection->query('SELECT *
FROM `barang`
WHERE `id_barang` = :id_barang:', [...], false)
 3 APPPATH\Models\M_lelang.php(24): CodeIgniter\Database\BaseBuilder->getWhere([...])
 4 APPPATH\Controllers\Home.php(173): App\Models\M_lelang->getWhere('barang', [...])
 5 SYSTEMPATH\CodeIgniter.php(915): App\Controllers\Home->edit_barang('2')
 6 SYSTEMPATH\CodeIgniter.php(492): CodeIgniter\CodeIgniter->runController(Object(App\Controllers\Home))
 7 SYSTEMPATH\CodeIgniter.php(353): CodeIgniter\CodeIgniter->handleRequest(null, Object(Config\Cache), false)
 8 FCPATH\index.php(79): CodeIgniter\CodeIgniter->run()
 9 SYSTEMPATH\Commands\Server\rewrite.php(47): require_once('D:\\Lelang\\public\\index.php')
CRITICAL - 2023-11-29 00:12:35 --> Undefined property: stdClass::$deskripsi
in APPPATH\Views\barang.php on line 50.
 1 APPPATH\Views\barang.php(50): CodeIgniter\Debug\Exceptions->errorHandler(2, 'Undefined property: stdClass::$deskripsi', 'D:\\Lelang\\app\\Views\\barang.php', 50)
 2 SYSTEMPATH\View\View.php(226): include('D:\\Lelang\\app\\Views\\barang.php')
 3 SYSTEMPATH\View\View.php(229): CodeIgniter\View\View->CodeIgniter\View\{closure}()
 4 SYSTEMPATH\Common.php(1178): CodeIgniter\View\View->render('barang', [], true)
 5 APPPATH\Controllers\Home.php(125): view('barang', [...])
 6 SYSTEMPATH\CodeIgniter.php(915): App\Controllers\Home->barang()
 7 SYSTEMPATH\CodeIgniter.php(492): CodeIgniter\CodeIgniter->runController(Object(App\Controllers\Home))
 8 SYSTEMPATH\CodeIgniter.php(353): CodeIgniter\CodeIgniter->handleRequest(null, Object(Config\Cache), false)
 9 FCPATH\index.php(79): CodeIgniter\CodeIgniter->run()
10 SYSTEMPATH\Commands\Server\rewrite.php(47): require_once('D:\\Lelang\\public\\index.php')
CRITICAL - 2023-11-29 10:56:58 --> Undefined property: stdClass::$id_petugass
in APPPATH\Views\e_lelang.php on line 50.
 1 APPPATH\Views\e_lelang.php(50): CodeIgniter\Debug\Exceptions->errorHandler(2, 'Undefined property: stdClass::$id_petugass', 'D:\\Lelang\\app\\Views\\e_lelang.php', 50)
 2 SYSTEMPATH\View\View.php(226): include('D:\\Lelang\\app\\Views\\e_lelang.php')
 3 SYSTEMPATH\View\View.php(229): CodeIgniter\View\View->CodeIgniter\View\{closure}()
 4 SYSTEMPATH\Common.php(1178): CodeIgniter\View\View->render('e_lelang', [], true)
 5 APPPATH\Controllers\Home.php(84): view('e_lelang', [...])
 6 SYSTEMPATH\CodeIgniter.php(915): App\Controllers\Home->edit_lelang('13')
 7 SYSTEMPATH\CodeIgniter.php(492): CodeIgniter\CodeIgniter->runController(Object(App\Controllers\Home))
 8 SYSTEMPATH\CodeIgniter.php(353): CodeIgniter\CodeIgniter->handleRequest(null, Object(Config\Cache), false)
 9 FCPATH\index.php(79): CodeIgniter\CodeIgniter->run()
10 SYSTEMPATH\Commands\Server\rewrite.php(47): require_once('D:\\Lelang\\public\\index.php')
ERROR - 2023-11-29 11:01:13 --> mysqli_sql_exception: Unknown column 'deskripsi' in 'field list' in D:\Lelang\system\Database\MySQLi\Connection.php:306
Stack trace:
#0 D:\Lelang\system\Database\MySQLi\Connection.php(306): mysqli->query('INSERT INTO `ba...', 0)
#1 D:\Lelang\system\Database\BaseConnection.php(692): CodeIgniter\Database\MySQLi\Connection->execute('INSERT INTO `ba...')
#2 D:\Lelang\system\Database\BaseConnection.php(606): CodeIgniter\Database\BaseConnection->simpleQuery('INSERT INTO `ba...')
#3 D:\Lelang\system\Database\BaseBuilder.php(2309): CodeIgniter\Database\BaseConnection->query('INSERT INTO `ba...', Array, false)
#4 D:\Lelang\app\Models\M_lelang.php(30): CodeIgniter\Database\BaseBuilder->insert(Array)
#5 D:\Lelang\app\Controllers\Home.php(155): App\Models\M_lelang->tambah('barang', Array)
#6 D:\Lelang\system\CodeIgniter.php(915): App\Controllers\Home->aksi_t_barang()
#7 D:\Lelang\system\CodeIgniter.php(492): CodeIgniter\CodeIgniter->runController(Object(App\Controllers\Home))
#8 D:\Lelang\system\CodeIgniter.php(353): CodeIgniter\CodeIgniter->handleRequest(NULL, Object(Config\Cache), false)
#9 D:\Lelang\public\index.php(79): CodeIgniter\CodeIgniter->run()
#10 D:\Lelang\system\Commands\Server\rewrite.php(47): require_once('D:\\Lelang\\publi...')
#11 {main}
CRITICAL - 2023-11-29 11:01:13 --> Unknown column 'deskripsi' in 'field list'
in SYSTEMPATH\Database\BaseConnection.php on line 646.
 1 SYSTEMPATH\Database\BaseBuilder.php(2309): CodeIgniter\Database\BaseConnection->query('INSERT INTO `barang` (`nama_barang`, `date`, `harga_awal`, `deskripsi`) VALUES (:nama_barang:, :date:, :harga_awal:, :deskripsi:)', [...], false)
 2 APPPATH\Models\M_lelang.php(30): CodeIgniter\Database\BaseBuilder->insert([...])
 3 APPPATH\Controllers\Home.php(155): App\Models\M_lelang->tambah('barang', [...])
 4 SYSTEMPATH\CodeIgniter.php(915): App\Controllers\Home->aksi_t_barang()
 5 SYSTEMPATH\CodeIgniter.php(492): CodeIgniter\CodeIgniter->runController(Object(App\Controllers\Home))
 6 SYSTEMPATH\CodeIgniter.php(353): CodeIgniter\CodeIgniter->handleRequest(null, Object(Config\Cache), false)
 7 FCPATH\index.php(79): CodeIgniter\CodeIgniter->run()
 8 SYSTEMPATH\Commands\Server\rewrite.php(47): require_once('D:\\Lelang\\public\\index.php')
ERROR - 2023-11-29 11:01:37 --> mysqli_sql_exception: Unknown column 'deskripsi' in 'field list' in D:\Lelang\system\Database\MySQLi\Connection.php:306
Stack trace:
#0 D:\Lelang\system\Database\MySQLi\Connection.php(306): mysqli->query('INSERT INTO `ba...', 0)
#1 D:\Lelang\system\Database\BaseConnection.php(692): CodeIgniter\Database\MySQLi\Connection->execute('INSERT INTO `ba...')
#2 D:\Lelang\system\Database\BaseConnection.php(606): CodeIgniter\Database\BaseConnection->simpleQuery('INSERT INTO `ba...')
#3 D:\Lelang\system\Database\BaseBuilder.php(2309): CodeIgniter\Database\BaseConnection->query('INSERT INTO `ba...', Array, false)
#4 D:\Lelang\app\Models\M_lelang.php(30): CodeIgniter\Database\BaseBuilder->insert(Array)
#5 D:\Lelang\app\Controllers\Home.php(155): App\Models\M_lelang->tambah('barang', Array)
#6 D:\Lelang\system\CodeIgniter.php(915): App\Controllers\Home->aksi_t_barang()
#7 D:\Lelang\system\CodeIgniter.php(492): CodeIgniter\CodeIgniter->runController(Object(App\Controllers\Home))
#8 D:\Lelang\system\CodeIgniter.php(353): CodeIgniter\CodeIgniter->handleRequest(NULL, Object(Config\Cache), false)
#9 D:\Lelang\public\index.php(79): CodeIgniter\CodeIgniter->run()
#10 D:\Lelang\system\Commands\Server\rewrite.php(47): require_once('D:\\Lelang\\publi...')
#11 {main}
CRITICAL - 2023-11-29 11:01:37 --> Unknown column 'deskripsi' in 'field list'
in SYSTEMPATH\Database\BaseConnection.php on line 646.
 1 SYSTEMPATH\Database\BaseBuilder.php(2309): CodeIgniter\Database\BaseConnection->query('INSERT INTO `barang` (`nama_barang`, `date`, `harga_awal`, `deskripsi`) VALUES (:nama_barang:, :date:, :harga_awal:, :deskripsi:)', [...], false)
 2 APPPATH\Models\M_lelang.php(30): CodeIgniter\Database\BaseBuilder->insert([...])
 3 APPPATH\Controllers\Home.php(155): App\Models\M_lelang->tambah('barang', [...])
 4 SYSTEMPATH\CodeIgniter.php(915): App\Controllers\Home->aksi_t_barang()
 5 SYSTEMPATH\CodeIgniter.php(492): CodeIgniter\CodeIgniter->runController(Object(App\Controllers\Home))
 6 SYSTEMPATH\CodeIgniter.php(353): CodeIgniter\CodeIgniter->handleRequest(null, Object(Config\Cache), false)
 7 FCPATH\index.php(79): CodeIgniter\CodeIgniter->run()
 8 SYSTEMPATH\Commands\Server\rewrite.php(47): require_once('D:\\Lelang\\public\\index.php')
ERROR - 2023-11-29 11:02:28 --> mysqli_sql_exception: Unknown column 'deskripsi' in 'field list' in D:\Lelang\system\Database\MySQLi\Connection.php:306
Stack trace:
#0 D:\Lelang\system\Database\MySQLi\Connection.php(306): mysqli->query('INSERT INTO `ba...', 0)
#1 D:\Lelang\system\Database\BaseConnection.php(692): CodeIgniter\Database\MySQLi\Connection->execute('INSERT INTO `ba...')
#2 D:\Lelang\system\Database\BaseConnection.php(606): CodeIgniter\Database\BaseConnection->simpleQuery('INSERT INTO `ba...')
#3 D:\Lelang\system\Database\BaseBuilder.php(2309): CodeIgniter\Database\BaseConnection->query('INSERT INTO `ba...', Array, false)
#4 D:\Lelang\app\Models\M_lelang.php(30): CodeIgniter\Database\BaseBuilder->insert(Array)
#5 D:\Lelang\app\Controllers\Home.php(155): App\Models\M_lelang->tambah('barang', Array)
#6 D:\Lelang\system\CodeIgniter.php(915): App\Controllers\Home->aksi_t_barang()
#7 D:\Lelang\system\CodeIgniter.php(492): CodeIgniter\CodeIgniter->runController(Object(App\Controllers\Home))
#8 D:\Lelang\system\CodeIgniter.php(353): CodeIgniter\CodeIgniter->handleRequest(NULL, Object(Config\Cache), false)
#9 D:\Lelang\public\index.php(79): CodeIgniter\CodeIgniter->run()
#10 D:\Lelang\system\Commands\Server\rewrite.php(47): require_once('D:\\Lelang\\publi...')
#11 {main}
CRITICAL - 2023-11-29 11:02:28 --> Unknown column 'deskripsi' in 'field list'
in SYSTEMPATH\Database\BaseConnection.php on line 646.
 1 SYSTEMPATH\Database\BaseBuilder.php(2309): CodeIgniter\Database\BaseConnection->query('INSERT INTO `barang` (`nama_barang`, `date`, `harga_awal`, `deskripsi`) VALUES (:nama_barang:, :date:, :harga_awal:, :deskripsi:)', [...], false)
 2 APPPATH\Models\M_lelang.php(30): CodeIgniter\Database\BaseBuilder->insert([...])
 3 APPPATH\Controllers\Home.php(155): App\Models\M_lelang->tambah('barang', [...])
 4 SYSTEMPATH\CodeIgniter.php(915): App\Controllers\Home->aksi_t_barang()
 5 SYSTEMPATH\CodeIgniter.php(492): CodeIgniter\CodeIgniter->runController(Object(App\Controllers\Home))
 6 SYSTEMPATH\CodeIgniter.php(353): CodeIgniter\CodeIgniter->handleRequest(null, Object(Config\Cache), false)
 7 FCPATH\index.php(79): CodeIgniter\CodeIgniter->run()
 8 SYSTEMPATH\Commands\Server\rewrite.php(47): require_once('D:\\Lelang\\public\\index.php')
