CRITICAL - 2023-11-15 01:23:23 --> Undefined variable $manda
in APPPATH\Views\barang.php on line 42.
 1 APPPATH\Views\barang.php(42): CodeIgniter\Debug\Exceptions->errorHandler(2, 'Undefined variable $manda', 'D:\\Lelang\\app\\Views\\barang.php', 42)
 2 SYSTEMPATH\View\View.php(226): include('D:\\Lelang\\app\\Views\\barang.php')
 3 SYSTEMPATH\View\View.php(229): CodeIgniter\View\View->CodeIgniter\View\{closure}()
 4 SYSTEMPATH\Common.php(1178): CodeIgniter\View\View->render('barang', [], true)
 5 APPPATH\Controllers\Home.php(14): view('barang')
 6 SYSTEMPATH\CodeIgniter.php(915): App\Controllers\Home->tes()
 7 SYSTEMPATH\CodeIgniter.php(492): CodeIgniter\CodeIgniter->runController(Object(App\Controllers\Home))
 8 SYSTEMPATH\CodeIgniter.php(353): CodeIgniter\CodeIgniter->handleRequest(null, Object(Config\Cache), false)
 9 FCPATH\index.php(79): CodeIgniter\CodeIgniter->run()
10 SYSTEMPATH\Commands\Server\rewrite.php(47): require_once('D:\\Lelang\\public\\index.php')
CRITICAL - 2023-11-15 01:23:24 --> Undefined variable $manda
in APPPATH\Views\barang.php on line 42.
 1 APPPATH\Views\barang.php(42): CodeIgniter\Debug\Exceptions->errorHandler(2, 'Undefined variable $manda', 'D:\\Lelang\\app\\Views\\barang.php', 42)
 2 SYSTEMPATH\View\View.php(226): include('D:\\Lelang\\app\\Views\\barang.php')
 3 SYSTEMPATH\View\View.php(229): CodeIgniter\View\View->CodeIgniter\View\{closure}()
 4 SYSTEMPATH\Common.php(1178): CodeIgniter\View\View->render('barang', [], true)
 5 APPPATH\Controllers\Home.php(14): view('barang')
 6 SYSTEMPATH\CodeIgniter.php(915): App\Controllers\Home->tes()
 7 SYSTEMPATH\CodeIgniter.php(492): CodeIgniter\CodeIgniter->runController(Object(App\Controllers\Home))
 8 SYSTEMPATH\CodeIgniter.php(353): CodeIgniter\CodeIgniter->handleRequest(null, Object(Config\Cache), false)
 9 FCPATH\index.php(79): CodeIgniter\CodeIgniter->run()
10 SYSTEMPATH\Commands\Server\rewrite.php(47): require_once('D:\\Lelang\\public\\index.php')
CRITICAL - 2023-11-15 01:24:41 --> Undefined variable $manda
in APPPATH\Views\barang.php on line 42.
 1 APPPATH\Views\barang.php(42): CodeIgniter\Debug\Exceptions->errorHandler(2, 'Undefined variable $manda', 'D:\\Lelang\\app\\Views\\barang.php', 42)
 2 SYSTEMPATH\View\View.php(226): include('D:\\Lelang\\app\\Views\\barang.php')
 3 SYSTEMPATH\View\View.php(229): CodeIgniter\View\View->CodeIgniter\View\{closure}()
 4 SYSTEMPATH\Common.php(1178): CodeIgniter\View\View->render('barang', [], true)
 5 APPPATH\Controllers\Home.php(14): view('barang')
 6 SYSTEMPATH\CodeIgniter.php(915): App\Controllers\Home->tes()
 7 SYSTEMPATH\CodeIgniter.php(492): CodeIgniter\CodeIgniter->runController(Object(App\Controllers\Home))
 8 SYSTEMPATH\CodeIgniter.php(353): CodeIgniter\CodeIgniter->handleRequest(null, Object(Config\Cache), false)
 9 FCPATH\index.php(79): CodeIgniter\CodeIgniter->run()
10 SYSTEMPATH\Commands\Server\rewrite.php(47): require_once('D:\\Lelang\\public\\index.php')
CRITICAL - 2023-11-15 01:25:14 --> Undefined variable $manda
in APPPATH\Views\barang.php on line 42.
 1 APPPATH\Views\barang.php(42): CodeIgniter\Debug\Exceptions->errorHandler(2, 'Undefined variable $manda', 'D:\\Lelang\\app\\Views\\barang.php', 42)
 2 SYSTEMPATH\View\View.php(226): include('D:\\Lelang\\app\\Views\\barang.php')
 3 SYSTEMPATH\View\View.php(229): CodeIgniter\View\View->CodeIgniter\View\{closure}()
 4 SYSTEMPATH\Common.php(1178): CodeIgniter\View\View->render('barang', [], true)
 5 APPPATH\Controllers\Home.php(14): view('barang')
 6 SYSTEMPATH\CodeIgniter.php(915): App\Controllers\Home->tes()
 7 SYSTEMPATH\CodeIgniter.php(492): CodeIgniter\CodeIgniter->runController(Object(App\Controllers\Home))
 8 SYSTEMPATH\CodeIgniter.php(353): CodeIgniter\CodeIgniter->handleRequest(null, Object(Config\Cache), false)
 9 FCPATH\index.php(79): CodeIgniter\CodeIgniter->run()
10 SYSTEMPATH\Commands\Server\rewrite.php(47): require_once('D:\\Lelang\\public\\index.php')
CRITICAL - 2023-11-15 01:25:22 --> Undefined variable $manda
in APPPATH\Views\barang.php on line 42.
 1 APPPATH\Views\barang.php(42): CodeIgniter\Debug\Exceptions->errorHandler(2, 'Undefined variable $manda', 'D:\\Lelang\\app\\Views\\barang.php', 42)
 2 SYSTEMPATH\View\View.php(226): include('D:\\Lelang\\app\\Views\\barang.php')
 3 SYSTEMPATH\View\View.php(229): CodeIgniter\View\View->CodeIgniter\View\{closure}()
 4 SYSTEMPATH\Common.php(1178): CodeIgniter\View\View->render('barang', [], true)
 5 APPPATH\Controllers\Home.php(14): view('barang')
 6 SYSTEMPATH\CodeIgniter.php(915): App\Controllers\Home->tes()
 7 SYSTEMPATH\CodeIgniter.php(492): CodeIgniter\CodeIgniter->runController(Object(App\Controllers\Home))
 8 SYSTEMPATH\CodeIgniter.php(353): CodeIgniter\CodeIgniter->handleRequest(null, Object(Config\Cache), false)
 9 FCPATH\index.php(79): CodeIgniter\CodeIgniter->run()
10 SYSTEMPATH\Commands\Server\rewrite.php(47): require_once('D:\\Lelang\\public\\index.php')
CRITICAL - 2023-11-15 01:25:54 --> Undefined variable $manda
in APPPATH\Views\barang.php on line 42.
 1 APPPATH\Views\barang.php(42): CodeIgniter\Debug\Exceptions->errorHandler(2, 'Undefined variable $manda', 'D:\\Lelang\\app\\Views\\barang.php', 42)
 2 SYSTEMPATH\View\View.php(226): include('D:\\Lelang\\app\\Views\\barang.php')
 3 SYSTEMPATH\View\View.php(229): CodeIgniter\View\View->CodeIgniter\View\{closure}()
 4 SYSTEMPATH\Common.php(1178): CodeIgniter\View\View->render('barang', [], true)
 5 APPPATH\Controllers\Home.php(14): view('barang')
 6 SYSTEMPATH\CodeIgniter.php(915): App\Controllers\Home->tes()
 7 SYSTEMPATH\CodeIgniter.php(492): CodeIgniter\CodeIgniter->runController(Object(App\Controllers\Home))
 8 SYSTEMPATH\CodeIgniter.php(353): CodeIgniter\CodeIgniter->handleRequest(null, Object(Config\Cache), false)
 9 FCPATH\index.php(79): CodeIgniter\CodeIgniter->run()
10 SYSTEMPATH\Commands\Server\rewrite.php(47): require_once('D:\\Lelang\\public\\index.php')
CRITICAL - 2023-11-15 01:26:10 --> Undefined variable $manda
in APPPATH\Views\barang.php on line 42.
 1 APPPATH\Views\barang.php(42): CodeIgniter\Debug\Exceptions->errorHandler(2, 'Undefined variable $manda', 'D:\\Lelang\\app\\Views\\barang.php', 42)
 2 SYSTEMPATH\View\View.php(226): include('D:\\Lelang\\app\\Views\\barang.php')
 3 SYSTEMPATH\View\View.php(229): CodeIgniter\View\View->CodeIgniter\View\{closure}()
 4 SYSTEMPATH\Common.php(1178): CodeIgniter\View\View->render('barang', [], true)
 5 APPPATH\Controllers\Home.php(14): view('barang')
 6 SYSTEMPATH\CodeIgniter.php(915): App\Controllers\Home->tes()
 7 SYSTEMPATH\CodeIgniter.php(492): CodeIgniter\CodeIgniter->runController(Object(App\Controllers\Home))
 8 SYSTEMPATH\CodeIgniter.php(353): CodeIgniter\CodeIgniter->handleRequest(null, Object(Config\Cache), false)
 9 FCPATH\index.php(79): CodeIgniter\CodeIgniter->run()
10 SYSTEMPATH\Commands\Server\rewrite.php(47): require_once('D:\\Lelang\\public\\index.php')
CRITICAL - 2023-11-15 01:26:21 --> Undefined variable $manda
in APPPATH\Views\barang.php on line 42.
 1 APPPATH\Views\barang.php(42): CodeIgniter\Debug\Exceptions->errorHandler(2, 'Undefined variable $manda', 'D:\\Lelang\\app\\Views\\barang.php', 42)
 2 SYSTEMPATH\View\View.php(226): include('D:\\Lelang\\app\\Views\\barang.php')
 3 SYSTEMPATH\View\View.php(229): CodeIgniter\View\View->CodeIgniter\View\{closure}()
 4 SYSTEMPATH\Common.php(1178): CodeIgniter\View\View->render('barang', [], true)
 5 APPPATH\Controllers\Home.php(14): view('barang')
 6 SYSTEMPATH\CodeIgniter.php(915): App\Controllers\Home->tes()
 7 SYSTEMPATH\CodeIgniter.php(492): CodeIgniter\CodeIgniter->runController(Object(App\Controllers\Home))
 8 SYSTEMPATH\CodeIgniter.php(353): CodeIgniter\CodeIgniter->handleRequest(null, Object(Config\Cache), false)
 9 FCPATH\index.php(79): CodeIgniter\CodeIgniter->run()
10 SYSTEMPATH\Commands\Server\rewrite.php(47): require_once('D:\\Lelang\\public\\index.php')
CRITICAL - 2023-11-15 01:31:53 --> Undefined variable $manda
in APPPATH\Views\barang.php on line 42.
 1 APPPATH\Views\barang.php(42): CodeIgniter\Debug\Exceptions->errorHandler(2, 'Undefined variable $manda', 'D:\\Lelang\\app\\Views\\barang.php', 42)
 2 SYSTEMPATH\View\View.php(226): include('D:\\Lelang\\app\\Views\\barang.php')
 3 SYSTEMPATH\View\View.php(229): CodeIgniter\View\View->CodeIgniter\View\{closure}()
 4 SYSTEMPATH\Common.php(1178): CodeIgniter\View\View->render('barang', [], true)
 5 APPPATH\Controllers\Home.php(14): view('barang')
 6 SYSTEMPATH\CodeIgniter.php(915): App\Controllers\Home->tes()
 7 SYSTEMPATH\CodeIgniter.php(492): CodeIgniter\CodeIgniter->runController(Object(App\Controllers\Home))
 8 SYSTEMPATH\CodeIgniter.php(353): CodeIgniter\CodeIgniter->handleRequest(null, Object(Config\Cache), false)
 9 FCPATH\index.php(79): CodeIgniter\CodeIgniter->run()
10 SYSTEMPATH\Commands\Server\rewrite.php(47): require_once('D:\\Lelang\\public\\index.php')
CRITICAL - 2023-11-15 01:31:54 --> Undefined variable $manda
in APPPATH\Views\barang.php on line 42.
 1 APPPATH\Views\barang.php(42): CodeIgniter\Debug\Exceptions->errorHandler(2, 'Undefined variable $manda', 'D:\\Lelang\\app\\Views\\barang.php', 42)
 2 SYSTEMPATH\View\View.php(226): include('D:\\Lelang\\app\\Views\\barang.php')
 3 SYSTEMPATH\View\View.php(229): CodeIgniter\View\View->CodeIgniter\View\{closure}()
 4 SYSTEMPATH\Common.php(1178): CodeIgniter\View\View->render('barang', [], true)
 5 APPPATH\Controllers\Home.php(14): view('barang')
 6 SYSTEMPATH\CodeIgniter.php(915): App\Controllers\Home->tes()
 7 SYSTEMPATH\CodeIgniter.php(492): CodeIgniter\CodeIgniter->runController(Object(App\Controllers\Home))
 8 SYSTEMPATH\CodeIgniter.php(353): CodeIgniter\CodeIgniter->handleRequest(null, Object(Config\Cache), false)
 9 FCPATH\index.php(79): CodeIgniter\CodeIgniter->run()
10 SYSTEMPATH\Commands\Server\rewrite.php(47): require_once('D:\\Lelang\\public\\index.php')
CRITICAL - 2023-11-15 01:36:48 --> Invalid file: "tes.php"
in SYSTEMPATH\Exceptions\FrameworkException.php on line 39.
 1 SYSTEMPATH\View\View.php(214): CodeIgniter\Exceptions\FrameworkException::forInvalidFile('tes.php')
 2 SYSTEMPATH\Common.php(1178): CodeIgniter\View\View->render('tes', [], true)
 3 APPPATH\Controllers\Home.php(14): view('tes')
 4 SYSTEMPATH\CodeIgniter.php(915): App\Controllers\Home->tes()
 5 SYSTEMPATH\CodeIgniter.php(492): CodeIgniter\CodeIgniter->runController(Object(App\Controllers\Home))
 6 SYSTEMPATH\CodeIgniter.php(353): CodeIgniter\CodeIgniter->handleRequest(null, Object(Config\Cache), false)
 7 FCPATH\index.php(79): CodeIgniter\CodeIgniter->run()
 8 SYSTEMPATH\Commands\Server\rewrite.php(47): require_once('D:\\Lelang\\public\\index.php')
CRITICAL - 2023-11-15 01:37:12 --> Undefined property: stdClass::$id_brg
in APPPATH\Views\barang.php on line 55.
 1 APPPATH\Views\barang.php(55): CodeIgniter\Debug\Exceptions->errorHandler(2, 'Undefined property: stdClass::$id_brg', 'D:\\Lelang\\app\\Views\\barang.php', 55)
 2 SYSTEMPATH\View\View.php(226): include('D:\\Lelang\\app\\Views\\barang.php')
 3 SYSTEMPATH\View\View.php(229): CodeIgniter\View\View->CodeIgniter\View\{closure}()
 4 SYSTEMPATH\Common.php(1178): CodeIgniter\View\View->render('barang', [], true)
 5 APPPATH\Controllers\Home.php(75): view('barang', [...])
 6 SYSTEMPATH\CodeIgniter.php(915): App\Controllers\Home->barang()
 7 SYSTEMPATH\CodeIgniter.php(492): CodeIgniter\CodeIgniter->runController(Object(App\Controllers\Home))
 8 SYSTEMPATH\CodeIgniter.php(353): CodeIgniter\CodeIgniter->handleRequest(null, Object(Config\Cache), false)
 9 FCPATH\index.php(79): CodeIgniter\CodeIgniter->run()
10 SYSTEMPATH\Commands\Server\rewrite.php(47): require_once('D:\\Lelang\\public\\index.php')
CRITICAL - 2023-11-15 01:58:04 --> Undefined property: stdClass::$id_brg
in APPPATH\Views\barang.php on line 55.
 1 APPPATH\Views\barang.php(55): CodeIgniter\Debug\Exceptions->errorHandler(2, 'Undefined property: stdClass::$id_brg', 'D:\\Lelang\\app\\Views\\barang.php', 55)
 2 SYSTEMPATH\View\View.php(226): include('D:\\Lelang\\app\\Views\\barang.php')
 3 SYSTEMPATH\View\View.php(229): CodeIgniter\View\View->CodeIgniter\View\{closure}()
 4 SYSTEMPATH\Common.php(1178): CodeIgniter\View\View->render('barang', [], true)
 5 APPPATH\Controllers\Home.php(75): view('barang', [...])
 6 SYSTEMPATH\CodeIgniter.php(915): App\Controllers\Home->barang()
 7 SYSTEMPATH\CodeIgniter.php(492): CodeIgniter\CodeIgniter->runController(Object(App\Controllers\Home))
 8 SYSTEMPATH\CodeIgniter.php(353): CodeIgniter\CodeIgniter->handleRequest(null, Object(Config\Cache), false)
 9 FCPATH\index.php(79): CodeIgniter\CodeIgniter->run()
10 SYSTEMPATH\Commands\Server\rewrite.php(47): require_once('D:\\Lelang\\public\\index.php')
