CRITICAL - 2023-11-09 01:59:13 --> Undefined variable $manda
in APPPATH\Views\barang.php on line 41.
 1 APPPATH\Views\barang.php(41): CodeIgniter\Debug\Exceptions->errorHandler(2, 'Undefined variable $manda', 'D:\\Lelang\\app\\Views\\barang.php', 41)
 2 SYSTEMPATH\View\View.php(226): include('D:\\Lelang\\app\\Views\\barang.php')
 3 SYSTEMPATH\View\View.php(229): CodeIgniter\View\View->CodeIgniter\View\{closure}()
 4 SYSTEMPATH\Common.php(1178): CodeIgniter\View\View->render('barang', [], true)
 5 APPPATH\Controllers\Home.php(14): view('barang')
 6 SYSTEMPATH\CodeIgniter.php(915): App\Controllers\Home->tes()
 7 SYSTEMPATH\CodeIgniter.php(492): CodeIgniter\CodeIgniter->runController(Object(App\Controllers\Home))
 8 SYSTEMPATH\CodeIgniter.php(353): CodeIgniter\CodeIgniter->handleRequest(null, Object(Config\Cache), false)
 9 FCPATH\index.php(79): CodeIgniter\CodeIgniter->run()
10 SYSTEMPATH\Commands\Server\rewrite.php(47): require_once('D:\\Lelang\\public\\index.php')
CRITICAL - 2023-11-09 01:59:14 --> Undefined variable $manda
in APPPATH\Views\barang.php on line 41.
 1 APPPATH\Views\barang.php(41): CodeIgniter\Debug\Exceptions->errorHandler(2, 'Undefined variable $manda', 'D:\\Lelang\\app\\Views\\barang.php', 41)
 2 SYSTEMPATH\View\View.php(226): include('D:\\Lelang\\app\\Views\\barang.php')
 3 SYSTEMPATH\View\View.php(229): CodeIgniter\View\View->CodeIgniter\View\{closure}()
 4 SYSTEMPATH\Common.php(1178): CodeIgniter\View\View->render('barang', [], true)
 5 APPPATH\Controllers\Home.php(14): view('barang')
 6 SYSTEMPATH\CodeIgniter.php(915): App\Controllers\Home->tes()
 7 SYSTEMPATH\CodeIgniter.php(492): CodeIgniter\CodeIgniter->runController(Object(App\Controllers\Home))
 8 SYSTEMPATH\CodeIgniter.php(353): CodeIgniter\CodeIgniter->handleRequest(null, Object(Config\Cache), false)
 9 FCPATH\index.php(79): CodeIgniter\CodeIgniter->run()
10 SYSTEMPATH\Commands\Server\rewrite.php(47): require_once('D:\\Lelang\\public\\index.php')
CRITICAL - 2023-11-09 01:59:34 --> Undefined variable $manda
in APPPATH\Views\barang.php on line 41.
 1 APPPATH\Views\barang.php(41): CodeIgniter\Debug\Exceptions->errorHandler(2, 'Undefined variable $manda', 'D:\\Lelang\\app\\Views\\barang.php', 41)
 2 SYSTEMPATH\View\View.php(226): include('D:\\Lelang\\app\\Views\\barang.php')
 3 SYSTEMPATH\View\View.php(229): CodeIgniter\View\View->CodeIgniter\View\{closure}()
 4 SYSTEMPATH\Common.php(1178): CodeIgniter\View\View->render('barang', [], true)
 5 APPPATH\Controllers\Home.php(14): view('barang')
 6 SYSTEMPATH\CodeIgniter.php(915): App\Controllers\Home->tes()
 7 SYSTEMPATH\CodeIgniter.php(492): CodeIgniter\CodeIgniter->runController(Object(App\Controllers\Home))
 8 SYSTEMPATH\CodeIgniter.php(353): CodeIgniter\CodeIgniter->handleRequest(null, Object(Config\Cache), false)
 9 FCPATH\index.php(79): CodeIgniter\CodeIgniter->run()
10 SYSTEMPATH\Commands\Server\rewrite.php(47): require_once('D:\\Lelang\\public\\index.php')
CRITICAL - 2023-11-09 01:59:35 --> Undefined variable $manda
in APPPATH\Views\barang.php on line 41.
 1 APPPATH\Views\barang.php(41): CodeIgniter\Debug\Exceptions->errorHandler(2, 'Undefined variable $manda', 'D:\\Lelang\\app\\Views\\barang.php', 41)
 2 SYSTEMPATH\View\View.php(226): include('D:\\Lelang\\app\\Views\\barang.php')
 3 SYSTEMPATH\View\View.php(229): CodeIgniter\View\View->CodeIgniter\View\{closure}()
 4 SYSTEMPATH\Common.php(1178): CodeIgniter\View\View->render('barang', [], true)
 5 APPPATH\Controllers\Home.php(14): view('barang')
 6 SYSTEMPATH\CodeIgniter.php(915): App\Controllers\Home->tes()
 7 SYSTEMPATH\CodeIgniter.php(492): CodeIgniter\CodeIgniter->runController(Object(App\Controllers\Home))
 8 SYSTEMPATH\CodeIgniter.php(353): CodeIgniter\CodeIgniter->handleRequest(null, Object(Config\Cache), false)
 9 FCPATH\index.php(79): CodeIgniter\CodeIgniter->run()
10 SYSTEMPATH\Commands\Server\rewrite.php(47): require_once('D:\\Lelang\\public\\index.php')
CRITICAL - 2023-11-09 01:59:36 --> Undefined variable $manda
in APPPATH\Views\barang.php on line 41.
 1 APPPATH\Views\barang.php(41): CodeIgniter\Debug\Exceptions->errorHandler(2, 'Undefined variable $manda', 'D:\\Lelang\\app\\Views\\barang.php', 41)
 2 SYSTEMPATH\View\View.php(226): include('D:\\Lelang\\app\\Views\\barang.php')
 3 SYSTEMPATH\View\View.php(229): CodeIgniter\View\View->CodeIgniter\View\{closure}()
 4 SYSTEMPATH\Common.php(1178): CodeIgniter\View\View->render('barang', [], true)
 5 APPPATH\Controllers\Home.php(14): view('barang')
 6 SYSTEMPATH\CodeIgniter.php(915): App\Controllers\Home->tes()
 7 SYSTEMPATH\CodeIgniter.php(492): CodeIgniter\CodeIgniter->runController(Object(App\Controllers\Home))
 8 SYSTEMPATH\CodeIgniter.php(353): CodeIgniter\CodeIgniter->handleRequest(null, Object(Config\Cache), false)
 9 FCPATH\index.php(79): CodeIgniter\CodeIgniter->run()
10 SYSTEMPATH\Commands\Server\rewrite.php(47): require_once('D:\\Lelang\\public\\index.php')
CRITICAL - 2023-11-09 01:59:36 --> Undefined variable $manda
in APPPATH\Views\barang.php on line 41.
 1 APPPATH\Views\barang.php(41): CodeIgniter\Debug\Exceptions->errorHandler(2, 'Undefined variable $manda', 'D:\\Lelang\\app\\Views\\barang.php', 41)
 2 SYSTEMPATH\View\View.php(226): include('D:\\Lelang\\app\\Views\\barang.php')
 3 SYSTEMPATH\View\View.php(229): CodeIgniter\View\View->CodeIgniter\View\{closure}()
 4 SYSTEMPATH\Common.php(1178): CodeIgniter\View\View->render('barang', [], true)
 5 APPPATH\Controllers\Home.php(14): view('barang')
 6 SYSTEMPATH\CodeIgniter.php(915): App\Controllers\Home->tes()
 7 SYSTEMPATH\CodeIgniter.php(492): CodeIgniter\CodeIgniter->runController(Object(App\Controllers\Home))
 8 SYSTEMPATH\CodeIgniter.php(353): CodeIgniter\CodeIgniter->handleRequest(null, Object(Config\Cache), false)
 9 FCPATH\index.php(79): CodeIgniter\CodeIgniter->run()
10 SYSTEMPATH\Commands\Server\rewrite.php(47): require_once('D:\\Lelang\\public\\index.php')
CRITICAL - 2023-11-09 01:59:36 --> Undefined variable $manda
in APPPATH\Views\barang.php on line 41.
 1 APPPATH\Views\barang.php(41): CodeIgniter\Debug\Exceptions->errorHandler(2, 'Undefined variable $manda', 'D:\\Lelang\\app\\Views\\barang.php', 41)
 2 SYSTEMPATH\View\View.php(226): include('D:\\Lelang\\app\\Views\\barang.php')
 3 SYSTEMPATH\View\View.php(229): CodeIgniter\View\View->CodeIgniter\View\{closure}()
 4 SYSTEMPATH\Common.php(1178): CodeIgniter\View\View->render('barang', [], true)
 5 APPPATH\Controllers\Home.php(14): view('barang')
 6 SYSTEMPATH\CodeIgniter.php(915): App\Controllers\Home->tes()
 7 SYSTEMPATH\CodeIgniter.php(492): CodeIgniter\CodeIgniter->runController(Object(App\Controllers\Home))
 8 SYSTEMPATH\CodeIgniter.php(353): CodeIgniter\CodeIgniter->handleRequest(null, Object(Config\Cache), false)
 9 FCPATH\index.php(79): CodeIgniter\CodeIgniter->run()
10 SYSTEMPATH\Commands\Server\rewrite.php(47): require_once('D:\\Lelang\\public\\index.php')
CRITICAL - 2023-11-09 01:59:36 --> Undefined variable $manda
in APPPATH\Views\barang.php on line 41.
 1 APPPATH\Views\barang.php(41): CodeIgniter\Debug\Exceptions->errorHandler(2, 'Undefined variable $manda', 'D:\\Lelang\\app\\Views\\barang.php', 41)
 2 SYSTEMPATH\View\View.php(226): include('D:\\Lelang\\app\\Views\\barang.php')
 3 SYSTEMPATH\View\View.php(229): CodeIgniter\View\View->CodeIgniter\View\{closure}()
 4 SYSTEMPATH\Common.php(1178): CodeIgniter\View\View->render('barang', [], true)
 5 APPPATH\Controllers\Home.php(14): view('barang')
 6 SYSTEMPATH\CodeIgniter.php(915): App\Controllers\Home->tes()
 7 SYSTEMPATH\CodeIgniter.php(492): CodeIgniter\CodeIgniter->runController(Object(App\Controllers\Home))
 8 SYSTEMPATH\CodeIgniter.php(353): CodeIgniter\CodeIgniter->handleRequest(null, Object(Config\Cache), false)
 9 FCPATH\index.php(79): CodeIgniter\CodeIgniter->run()
10 SYSTEMPATH\Commands\Server\rewrite.php(47): require_once('D:\\Lelang\\public\\index.php')
CRITICAL - 2023-11-09 01:59:36 --> Undefined variable $manda
in APPPATH\Views\barang.php on line 41.
 1 APPPATH\Views\barang.php(41): CodeIgniter\Debug\Exceptions->errorHandler(2, 'Undefined variable $manda', 'D:\\Lelang\\app\\Views\\barang.php', 41)
 2 SYSTEMPATH\View\View.php(226): include('D:\\Lelang\\app\\Views\\barang.php')
 3 SYSTEMPATH\View\View.php(229): CodeIgniter\View\View->CodeIgniter\View\{closure}()
 4 SYSTEMPATH\Common.php(1178): CodeIgniter\View\View->render('barang', [], true)
 5 APPPATH\Controllers\Home.php(14): view('barang')
 6 SYSTEMPATH\CodeIgniter.php(915): App\Controllers\Home->tes()
 7 SYSTEMPATH\CodeIgniter.php(492): CodeIgniter\CodeIgniter->runController(Object(App\Controllers\Home))
 8 SYSTEMPATH\CodeIgniter.php(353): CodeIgniter\CodeIgniter->handleRequest(null, Object(Config\Cache), false)
 9 FCPATH\index.php(79): CodeIgniter\CodeIgniter->run()
10 SYSTEMPATH\Commands\Server\rewrite.php(47): require_once('D:\\Lelang\\public\\index.php')
CRITICAL - 2023-11-09 01:59:37 --> Undefined variable $manda
in APPPATH\Views\barang.php on line 41.
 1 APPPATH\Views\barang.php(41): CodeIgniter\Debug\Exceptions->errorHandler(2, 'Undefined variable $manda', 'D:\\Lelang\\app\\Views\\barang.php', 41)
 2 SYSTEMPATH\View\View.php(226): include('D:\\Lelang\\app\\Views\\barang.php')
 3 SYSTEMPATH\View\View.php(229): CodeIgniter\View\View->CodeIgniter\View\{closure}()
 4 SYSTEMPATH\Common.php(1178): CodeIgniter\View\View->render('barang', [], true)
 5 APPPATH\Controllers\Home.php(14): view('barang')
 6 SYSTEMPATH\CodeIgniter.php(915): App\Controllers\Home->tes()
 7 SYSTEMPATH\CodeIgniter.php(492): CodeIgniter\CodeIgniter->runController(Object(App\Controllers\Home))
 8 SYSTEMPATH\CodeIgniter.php(353): CodeIgniter\CodeIgniter->handleRequest(null, Object(Config\Cache), false)
 9 FCPATH\index.php(79): CodeIgniter\CodeIgniter->run()
10 SYSTEMPATH\Commands\Server\rewrite.php(47): require_once('D:\\Lelang\\public\\index.php')
CRITICAL - 2023-11-09 01:59:37 --> Undefined variable $manda
in APPPATH\Views\barang.php on line 41.
 1 APPPATH\Views\barang.php(41): CodeIgniter\Debug\Exceptions->errorHandler(2, 'Undefined variable $manda', 'D:\\Lelang\\app\\Views\\barang.php', 41)
 2 SYSTEMPATH\View\View.php(226): include('D:\\Lelang\\app\\Views\\barang.php')
 3 SYSTEMPATH\View\View.php(229): CodeIgniter\View\View->CodeIgniter\View\{closure}()
 4 SYSTEMPATH\Common.php(1178): CodeIgniter\View\View->render('barang', [], true)
 5 APPPATH\Controllers\Home.php(14): view('barang')
 6 SYSTEMPATH\CodeIgniter.php(915): App\Controllers\Home->tes()
 7 SYSTEMPATH\CodeIgniter.php(492): CodeIgniter\CodeIgniter->runController(Object(App\Controllers\Home))
 8 SYSTEMPATH\CodeIgniter.php(353): CodeIgniter\CodeIgniter->handleRequest(null, Object(Config\Cache), false)
 9 FCPATH\index.php(79): CodeIgniter\CodeIgniter->run()
10 SYSTEMPATH\Commands\Server\rewrite.php(47): require_once('D:\\Lelang\\public\\index.php')
CRITICAL - 2023-11-09 02:00:01 --> Undefined variable $manda
in APPPATH\Views\barang.php on line 41.
 1 APPPATH\Views\barang.php(41): CodeIgniter\Debug\Exceptions->errorHandler(2, 'Undefined variable $manda', 'D:\\Lelang\\app\\Views\\barang.php', 41)
 2 SYSTEMPATH\View\View.php(226): include('D:\\Lelang\\app\\Views\\barang.php')
 3 SYSTEMPATH\View\View.php(229): CodeIgniter\View\View->CodeIgniter\View\{closure}()
 4 SYSTEMPATH\Common.php(1178): CodeIgniter\View\View->render('barang', [], true)
 5 APPPATH\Controllers\Home.php(14): view('barang')
 6 SYSTEMPATH\CodeIgniter.php(915): App\Controllers\Home->tes()
 7 SYSTEMPATH\CodeIgniter.php(492): CodeIgniter\CodeIgniter->runController(Object(App\Controllers\Home))
 8 SYSTEMPATH\CodeIgniter.php(353): CodeIgniter\CodeIgniter->handleRequest(null, Object(Config\Cache), false)
 9 FCPATH\index.php(79): CodeIgniter\CodeIgniter->run()
10 SYSTEMPATH\Commands\Server\rewrite.php(47): require_once('D:\\Lelang\\public\\index.php')
CRITICAL - 2023-11-09 02:00:02 --> Undefined variable $manda
in APPPATH\Views\barang.php on line 41.
 1 APPPATH\Views\barang.php(41): CodeIgniter\Debug\Exceptions->errorHandler(2, 'Undefined variable $manda', 'D:\\Lelang\\app\\Views\\barang.php', 41)
 2 SYSTEMPATH\View\View.php(226): include('D:\\Lelang\\app\\Views\\barang.php')
 3 SYSTEMPATH\View\View.php(229): CodeIgniter\View\View->CodeIgniter\View\{closure}()
 4 SYSTEMPATH\Common.php(1178): CodeIgniter\View\View->render('barang', [], true)
 5 APPPATH\Controllers\Home.php(14): view('barang')
 6 SYSTEMPATH\CodeIgniter.php(915): App\Controllers\Home->tes()
 7 SYSTEMPATH\CodeIgniter.php(492): CodeIgniter\CodeIgniter->runController(Object(App\Controllers\Home))
 8 SYSTEMPATH\CodeIgniter.php(353): CodeIgniter\CodeIgniter->handleRequest(null, Object(Config\Cache), false)
 9 FCPATH\index.php(79): CodeIgniter\CodeIgniter->run()
10 SYSTEMPATH\Commands\Server\rewrite.php(47): require_once('D:\\Lelang\\public\\index.php')
CRITICAL - 2023-11-09 02:00:02 --> Undefined variable $manda
in APPPATH\Views\barang.php on line 41.
 1 APPPATH\Views\barang.php(41): CodeIgniter\Debug\Exceptions->errorHandler(2, 'Undefined variable $manda', 'D:\\Lelang\\app\\Views\\barang.php', 41)
 2 SYSTEMPATH\View\View.php(226): include('D:\\Lelang\\app\\Views\\barang.php')
 3 SYSTEMPATH\View\View.php(229): CodeIgniter\View\View->CodeIgniter\View\{closure}()
 4 SYSTEMPATH\Common.php(1178): CodeIgniter\View\View->render('barang', [], true)
 5 APPPATH\Controllers\Home.php(14): view('barang')
 6 SYSTEMPATH\CodeIgniter.php(915): App\Controllers\Home->tes()
 7 SYSTEMPATH\CodeIgniter.php(492): CodeIgniter\CodeIgniter->runController(Object(App\Controllers\Home))
 8 SYSTEMPATH\CodeIgniter.php(353): CodeIgniter\CodeIgniter->handleRequest(null, Object(Config\Cache), false)
 9 FCPATH\index.php(79): CodeIgniter\CodeIgniter->run()
10 SYSTEMPATH\Commands\Server\rewrite.php(47): require_once('D:\\Lelang\\public\\index.php')
CRITICAL - 2023-11-09 02:00:02 --> Undefined variable $manda
in APPPATH\Views\barang.php on line 41.
 1 APPPATH\Views\barang.php(41): CodeIgniter\Debug\Exceptions->errorHandler(2, 'Undefined variable $manda', 'D:\\Lelang\\app\\Views\\barang.php', 41)
 2 SYSTEMPATH\View\View.php(226): include('D:\\Lelang\\app\\Views\\barang.php')
 3 SYSTEMPATH\View\View.php(229): CodeIgniter\View\View->CodeIgniter\View\{closure}()
 4 SYSTEMPATH\Common.php(1178): CodeIgniter\View\View->render('barang', [], true)
 5 APPPATH\Controllers\Home.php(14): view('barang')
 6 SYSTEMPATH\CodeIgniter.php(915): App\Controllers\Home->tes()
 7 SYSTEMPATH\CodeIgniter.php(492): CodeIgniter\CodeIgniter->runController(Object(App\Controllers\Home))
 8 SYSTEMPATH\CodeIgniter.php(353): CodeIgniter\CodeIgniter->handleRequest(null, Object(Config\Cache), false)
 9 FCPATH\index.php(79): CodeIgniter\CodeIgniter->run()
10 SYSTEMPATH\Commands\Server\rewrite.php(47): require_once('D:\\Lelang\\public\\index.php')
CRITICAL - 2023-11-09 02:00:42 --> Undefined variable $manda
in APPPATH\Views\barang.php on line 41.
 1 APPPATH\Views\barang.php(41): CodeIgniter\Debug\Exceptions->errorHandler(2, 'Undefined variable $manda', 'D:\\Lelang\\app\\Views\\barang.php', 41)
 2 SYSTEMPATH\View\View.php(226): include('D:\\Lelang\\app\\Views\\barang.php')
 3 SYSTEMPATH\View\View.php(229): CodeIgniter\View\View->CodeIgniter\View\{closure}()
 4 SYSTEMPATH\Common.php(1178): CodeIgniter\View\View->render('barang', [], true)
 5 APPPATH\Controllers\Home.php(14): view('barang')
 6 SYSTEMPATH\CodeIgniter.php(915): App\Controllers\Home->tes()
 7 SYSTEMPATH\CodeIgniter.php(492): CodeIgniter\CodeIgniter->runController(Object(App\Controllers\Home))
 8 SYSTEMPATH\CodeIgniter.php(353): CodeIgniter\CodeIgniter->handleRequest(null, Object(Config\Cache), false)
 9 FCPATH\index.php(79): CodeIgniter\CodeIgniter->run()
10 SYSTEMPATH\Commands\Server\rewrite.php(47): require_once('D:\\Lelang\\public\\index.php')
CRITICAL - 2023-11-09 02:02:24 --> Undefined variable $manda
in APPPATH\Views\barang.php on line 41.
 1 APPPATH\Views\barang.php(41): CodeIgniter\Debug\Exceptions->errorHandler(2, 'Undefined variable $manda', 'D:\\Lelang\\app\\Views\\barang.php', 41)
 2 SYSTEMPATH\View\View.php(226): include('D:\\Lelang\\app\\Views\\barang.php')
 3 SYSTEMPATH\View\View.php(229): CodeIgniter\View\View->CodeIgniter\View\{closure}()
 4 SYSTEMPATH\Common.php(1178): CodeIgniter\View\View->render('barang', [], true)
 5 APPPATH\Controllers\Home.php(14): view('barang')
 6 SYSTEMPATH\CodeIgniter.php(915): App\Controllers\Home->tes()
 7 SYSTEMPATH\CodeIgniter.php(492): CodeIgniter\CodeIgniter->runController(Object(App\Controllers\Home))
 8 SYSTEMPATH\CodeIgniter.php(353): CodeIgniter\CodeIgniter->handleRequest(null, Object(Config\Cache), false)
 9 FCPATH\index.php(79): CodeIgniter\CodeIgniter->run()
10 SYSTEMPATH\Commands\Server\rewrite.php(47): require_once('D:\\Lelang\\public\\index.php')
CRITICAL - 2023-11-09 02:02:25 --> Undefined variable $manda
in APPPATH\Views\barang.php on line 41.
 1 APPPATH\Views\barang.php(41): CodeIgniter\Debug\Exceptions->errorHandler(2, 'Undefined variable $manda', 'D:\\Lelang\\app\\Views\\barang.php', 41)
 2 SYSTEMPATH\View\View.php(226): include('D:\\Lelang\\app\\Views\\barang.php')
 3 SYSTEMPATH\View\View.php(229): CodeIgniter\View\View->CodeIgniter\View\{closure}()
 4 SYSTEMPATH\Common.php(1178): CodeIgniter\View\View->render('barang', [], true)
 5 APPPATH\Controllers\Home.php(14): view('barang')
 6 SYSTEMPATH\CodeIgniter.php(915): App\Controllers\Home->tes()
 7 SYSTEMPATH\CodeIgniter.php(492): CodeIgniter\CodeIgniter->runController(Object(App\Controllers\Home))
 8 SYSTEMPATH\CodeIgniter.php(353): CodeIgniter\CodeIgniter->handleRequest(null, Object(Config\Cache), false)
 9 FCPATH\index.php(79): CodeIgniter\CodeIgniter->run()
10 SYSTEMPATH\Commands\Server\rewrite.php(47): require_once('D:\\Lelang\\public\\index.php')
CRITICAL - 2023-11-09 02:02:25 --> Undefined variable $manda
in APPPATH\Views\barang.php on line 41.
 1 APPPATH\Views\barang.php(41): CodeIgniter\Debug\Exceptions->errorHandler(2, 'Undefined variable $manda', 'D:\\Lelang\\app\\Views\\barang.php', 41)
 2 SYSTEMPATH\View\View.php(226): include('D:\\Lelang\\app\\Views\\barang.php')
 3 SYSTEMPATH\View\View.php(229): CodeIgniter\View\View->CodeIgniter\View\{closure}()
 4 SYSTEMPATH\Common.php(1178): CodeIgniter\View\View->render('barang', [], true)
 5 APPPATH\Controllers\Home.php(14): view('barang')
 6 SYSTEMPATH\CodeIgniter.php(915): App\Controllers\Home->tes()
 7 SYSTEMPATH\CodeIgniter.php(492): CodeIgniter\CodeIgniter->runController(Object(App\Controllers\Home))
 8 SYSTEMPATH\CodeIgniter.php(353): CodeIgniter\CodeIgniter->handleRequest(null, Object(Config\Cache), false)
 9 FCPATH\index.php(79): CodeIgniter\CodeIgniter->run()
10 SYSTEMPATH\Commands\Server\rewrite.php(47): require_once('D:\\Lelang\\public\\index.php')
CRITICAL - 2023-11-09 02:02:25 --> Undefined variable $manda
in APPPATH\Views\barang.php on line 41.
 1 APPPATH\Views\barang.php(41): CodeIgniter\Debug\Exceptions->errorHandler(2, 'Undefined variable $manda', 'D:\\Lelang\\app\\Views\\barang.php', 41)
 2 SYSTEMPATH\View\View.php(226): include('D:\\Lelang\\app\\Views\\barang.php')
 3 SYSTEMPATH\View\View.php(229): CodeIgniter\View\View->CodeIgniter\View\{closure}()
 4 SYSTEMPATH\Common.php(1178): CodeIgniter\View\View->render('barang', [], true)
 5 APPPATH\Controllers\Home.php(14): view('barang')
 6 SYSTEMPATH\CodeIgniter.php(915): App\Controllers\Home->tes()
 7 SYSTEMPATH\CodeIgniter.php(492): CodeIgniter\CodeIgniter->runController(Object(App\Controllers\Home))
 8 SYSTEMPATH\CodeIgniter.php(353): CodeIgniter\CodeIgniter->handleRequest(null, Object(Config\Cache), false)
 9 FCPATH\index.php(79): CodeIgniter\CodeIgniter->run()
10 SYSTEMPATH\Commands\Server\rewrite.php(47): require_once('D:\\Lelang\\public\\index.php')
CRITICAL - 2023-11-09 02:02:25 --> Undefined variable $manda
in APPPATH\Views\barang.php on line 41.
 1 APPPATH\Views\barang.php(41): CodeIgniter\Debug\Exceptions->errorHandler(2, 'Undefined variable $manda', 'D:\\Lelang\\app\\Views\\barang.php', 41)
 2 SYSTEMPATH\View\View.php(226): include('D:\\Lelang\\app\\Views\\barang.php')
 3 SYSTEMPATH\View\View.php(229): CodeIgniter\View\View->CodeIgniter\View\{closure}()
 4 SYSTEMPATH\Common.php(1178): CodeIgniter\View\View->render('barang', [], true)
 5 APPPATH\Controllers\Home.php(14): view('barang')
 6 SYSTEMPATH\CodeIgniter.php(915): App\Controllers\Home->tes()
 7 SYSTEMPATH\CodeIgniter.php(492): CodeIgniter\CodeIgniter->runController(Object(App\Controllers\Home))
 8 SYSTEMPATH\CodeIgniter.php(353): CodeIgniter\CodeIgniter->handleRequest(null, Object(Config\Cache), false)
 9 FCPATH\index.php(79): CodeIgniter\CodeIgniter->run()
10 SYSTEMPATH\Commands\Server\rewrite.php(47): require_once('D:\\Lelang\\public\\index.php')
CRITICAL - 2023-11-09 02:03:14 --> Undefined variable $manda
in APPPATH\Views\barang.php on line 41.
 1 APPPATH\Views\barang.php(41): CodeIgniter\Debug\Exceptions->errorHandler(2, 'Undefined variable $manda', 'D:\\Lelang\\app\\Views\\barang.php', 41)
 2 SYSTEMPATH\View\View.php(226): include('D:\\Lelang\\app\\Views\\barang.php')
 3 SYSTEMPATH\View\View.php(229): CodeIgniter\View\View->CodeIgniter\View\{closure}()
 4 SYSTEMPATH\Common.php(1178): CodeIgniter\View\View->render('barang', [], true)
 5 APPPATH\Controllers\Home.php(14): view('barang')
 6 SYSTEMPATH\CodeIgniter.php(915): App\Controllers\Home->tes()
 7 SYSTEMPATH\CodeIgniter.php(492): CodeIgniter\CodeIgniter->runController(Object(App\Controllers\Home))
 8 SYSTEMPATH\CodeIgniter.php(353): CodeIgniter\CodeIgniter->handleRequest(null, Object(Config\Cache), false)
 9 FCPATH\index.php(79): CodeIgniter\CodeIgniter->run()
10 SYSTEMPATH\Commands\Server\rewrite.php(47): require_once('D:\\Lelang\\public\\index.php')
CRITICAL - 2023-11-09 02:03:31 --> Undefined variable $manda
in APPPATH\Views\barang.php on line 41.
 1 APPPATH\Views\barang.php(41): CodeIgniter\Debug\Exceptions->errorHandler(2, 'Undefined variable $manda', 'D:\\Lelang\\app\\Views\\barang.php', 41)
 2 SYSTEMPATH\View\View.php(226): include('D:\\Lelang\\app\\Views\\barang.php')
 3 SYSTEMPATH\View\View.php(229): CodeIgniter\View\View->CodeIgniter\View\{closure}()
 4 SYSTEMPATH\Common.php(1178): CodeIgniter\View\View->render('barang', [], true)
 5 APPPATH\Controllers\Home.php(14): view('barang')
 6 SYSTEMPATH\CodeIgniter.php(915): App\Controllers\Home->tes()
 7 SYSTEMPATH\CodeIgniter.php(492): CodeIgniter\CodeIgniter->runController(Object(App\Controllers\Home))
 8 SYSTEMPATH\CodeIgniter.php(353): CodeIgniter\CodeIgniter->handleRequest(null, Object(Config\Cache), false)
 9 FCPATH\index.php(79): CodeIgniter\CodeIgniter->run()
10 SYSTEMPATH\Commands\Server\rewrite.php(47): require_once('D:\\Lelang\\public\\index.php')
CRITICAL - 2023-11-09 02:03:59 --> Undefined variable $manda
in APPPATH\Views\barang.php on line 41.
 1 APPPATH\Views\barang.php(41): CodeIgniter\Debug\Exceptions->errorHandler(2, 'Undefined variable $manda', 'D:\\Lelang\\app\\Views\\barang.php', 41)
 2 SYSTEMPATH\View\View.php(226): include('D:\\Lelang\\app\\Views\\barang.php')
 3 SYSTEMPATH\View\View.php(229): CodeIgniter\View\View->CodeIgniter\View\{closure}()
 4 SYSTEMPATH\Common.php(1178): CodeIgniter\View\View->render('barang', [], true)
 5 APPPATH\Controllers\Home.php(14): view('barang')
 6 SYSTEMPATH\CodeIgniter.php(915): App\Controllers\Home->tes()
 7 SYSTEMPATH\CodeIgniter.php(492): CodeIgniter\CodeIgniter->runController(Object(App\Controllers\Home))
 8 SYSTEMPATH\CodeIgniter.php(353): CodeIgniter\CodeIgniter->handleRequest(null, Object(Config\Cache), false)
 9 FCPATH\index.php(79): CodeIgniter\CodeIgniter->run()
10 SYSTEMPATH\Commands\Server\rewrite.php(47): require_once('D:\\Lelang\\public\\index.php')
CRITICAL - 2023-11-09 02:04:18 --> Undefined variable $manda
in APPPATH\Views\barang.php on line 41.
 1 APPPATH\Views\barang.php(41): CodeIgniter\Debug\Exceptions->errorHandler(2, 'Undefined variable $manda', 'D:\\Lelang\\app\\Views\\barang.php', 41)
 2 SYSTEMPATH\View\View.php(226): include('D:\\Lelang\\app\\Views\\barang.php')
 3 SYSTEMPATH\View\View.php(229): CodeIgniter\View\View->CodeIgniter\View\{closure}()
 4 SYSTEMPATH\Common.php(1178): CodeIgniter\View\View->render('barang', [], true)
 5 APPPATH\Controllers\Home.php(14): view('barang')
 6 SYSTEMPATH\CodeIgniter.php(915): App\Controllers\Home->tes()
 7 SYSTEMPATH\CodeIgniter.php(492): CodeIgniter\CodeIgniter->runController(Object(App\Controllers\Home))
 8 SYSTEMPATH\CodeIgniter.php(353): CodeIgniter\CodeIgniter->handleRequest(null, Object(Config\Cache), false)
 9 FCPATH\index.php(79): CodeIgniter\CodeIgniter->run()
10 SYSTEMPATH\Commands\Server\rewrite.php(47): require_once('D:\\Lelang\\public\\index.php')
CRITICAL - 2023-11-09 02:04:27 --> Undefined variable $manda
in APPPATH\Views\barang.php on line 41.
 1 APPPATH\Views\barang.php(41): CodeIgniter\Debug\Exceptions->errorHandler(2, 'Undefined variable $manda', 'D:\\Lelang\\app\\Views\\barang.php', 41)
 2 SYSTEMPATH\View\View.php(226): include('D:\\Lelang\\app\\Views\\barang.php')
 3 SYSTEMPATH\View\View.php(229): CodeIgniter\View\View->CodeIgniter\View\{closure}()
 4 SYSTEMPATH\Common.php(1178): CodeIgniter\View\View->render('barang', [], true)
 5 APPPATH\Controllers\Home.php(14): view('barang')
 6 SYSTEMPATH\CodeIgniter.php(915): App\Controllers\Home->tes()
 7 SYSTEMPATH\CodeIgniter.php(492): CodeIgniter\CodeIgniter->runController(Object(App\Controllers\Home))
 8 SYSTEMPATH\CodeIgniter.php(353): CodeIgniter\CodeIgniter->handleRequest(null, Object(Config\Cache), false)
 9 FCPATH\index.php(79): CodeIgniter\CodeIgniter->run()
10 SYSTEMPATH\Commands\Server\rewrite.php(47): require_once('D:\\Lelang\\public\\index.php')
CRITICAL - 2023-11-09 02:04:48 --> Undefined variable $manda
in APPPATH\Views\barang.php on line 41.
 1 APPPATH\Views\barang.php(41): CodeIgniter\Debug\Exceptions->errorHandler(2, 'Undefined variable $manda', 'D:\\Lelang\\app\\Views\\barang.php', 41)
 2 SYSTEMPATH\View\View.php(226): include('D:\\Lelang\\app\\Views\\barang.php')
 3 SYSTEMPATH\View\View.php(229): CodeIgniter\View\View->CodeIgniter\View\{closure}()
 4 SYSTEMPATH\Common.php(1178): CodeIgniter\View\View->render('barang', [], true)
 5 APPPATH\Controllers\Home.php(14): view('barang')
 6 SYSTEMPATH\CodeIgniter.php(915): App\Controllers\Home->tes()
 7 SYSTEMPATH\CodeIgniter.php(492): CodeIgniter\CodeIgniter->runController(Object(App\Controllers\Home))
 8 SYSTEMPATH\CodeIgniter.php(353): CodeIgniter\CodeIgniter->handleRequest(null, Object(Config\Cache), false)
 9 FCPATH\index.php(79): CodeIgniter\CodeIgniter->run()
10 SYSTEMPATH\Commands\Server\rewrite.php(47): require_once('D:\\Lelang\\public\\index.php')
CRITICAL - 2023-11-09 02:05:47 --> Undefined variable $manda
in APPPATH\Views\barang.php on line 41.
 1 APPPATH\Views\barang.php(41): CodeIgniter\Debug\Exceptions->errorHandler(2, 'Undefined variable $manda', 'D:\\Lelang\\app\\Views\\barang.php', 41)
 2 SYSTEMPATH\View\View.php(226): include('D:\\Lelang\\app\\Views\\barang.php')
 3 SYSTEMPATH\View\View.php(229): CodeIgniter\View\View->CodeIgniter\View\{closure}()
 4 SYSTEMPATH\Common.php(1178): CodeIgniter\View\View->render('barang', [], true)
 5 APPPATH\Controllers\Home.php(14): view('barang')
 6 SYSTEMPATH\CodeIgniter.php(915): App\Controllers\Home->tes()
 7 SYSTEMPATH\CodeIgniter.php(492): CodeIgniter\CodeIgniter->runController(Object(App\Controllers\Home))
 8 SYSTEMPATH\CodeIgniter.php(353): CodeIgniter\CodeIgniter->handleRequest(null, Object(Config\Cache), false)
 9 FCPATH\index.php(79): CodeIgniter\CodeIgniter->run()
10 SYSTEMPATH\Commands\Server\rewrite.php(47): require_once('D:\\Lelang\\public\\index.php')
CRITICAL - 2023-11-09 02:08:27 --> Undefined variable $manda
in APPPATH\Views\barang.php on line 41.
 1 APPPATH\Views\barang.php(41): CodeIgniter\Debug\Exceptions->errorHandler(2, 'Undefined variable $manda', 'D:\\Lelang\\app\\Views\\barang.php', 41)
 2 SYSTEMPATH\View\View.php(226): include('D:\\Lelang\\app\\Views\\barang.php')
 3 SYSTEMPATH\View\View.php(229): CodeIgniter\View\View->CodeIgniter\View\{closure}()
 4 SYSTEMPATH\Common.php(1178): CodeIgniter\View\View->render('barang', [], true)
 5 APPPATH\Controllers\Home.php(14): view('barang')
 6 SYSTEMPATH\CodeIgniter.php(915): App\Controllers\Home->tes()
 7 SYSTEMPATH\CodeIgniter.php(492): CodeIgniter\CodeIgniter->runController(Object(App\Controllers\Home))
 8 SYSTEMPATH\CodeIgniter.php(353): CodeIgniter\CodeIgniter->handleRequest(null, Object(Config\Cache), false)
 9 FCPATH\index.php(79): CodeIgniter\CodeIgniter->run()
10 SYSTEMPATH\Commands\Server\rewrite.php(47): require_once('D:\\Lelang\\public\\index.php')
CRITICAL - 2023-11-09 02:09:35 --> Undefined variable $manda
in APPPATH\Views\barang.php on line 41.
 1 APPPATH\Views\barang.php(41): CodeIgniter\Debug\Exceptions->errorHandler(2, 'Undefined variable $manda', 'D:\\Lelang\\app\\Views\\barang.php', 41)
 2 SYSTEMPATH\View\View.php(226): include('D:\\Lelang\\app\\Views\\barang.php')
 3 SYSTEMPATH\View\View.php(229): CodeIgniter\View\View->CodeIgniter\View\{closure}()
 4 SYSTEMPATH\Common.php(1178): CodeIgniter\View\View->render('barang', [], true)
 5 APPPATH\Controllers\Home.php(14): view('barang')
 6 SYSTEMPATH\CodeIgniter.php(915): App\Controllers\Home->tes()
 7 SYSTEMPATH\CodeIgniter.php(492): CodeIgniter\CodeIgniter->runController(Object(App\Controllers\Home))
 8 SYSTEMPATH\CodeIgniter.php(353): CodeIgniter\CodeIgniter->handleRequest(null, Object(Config\Cache), false)
 9 FCPATH\index.php(79): CodeIgniter\CodeIgniter->run()
10 SYSTEMPATH\Commands\Server\rewrite.php(47): require_once('D:\\Lelang\\public\\index.php')
CRITICAL - 2023-11-09 02:11:57 --> Undefined variable $manda
in APPPATH\Views\barang.php on line 41.
 1 APPPATH\Views\barang.php(41): CodeIgniter\Debug\Exceptions->errorHandler(2, 'Undefined variable $manda', 'D:\\Lelang\\app\\Views\\barang.php', 41)
 2 SYSTEMPATH\View\View.php(226): include('D:\\Lelang\\app\\Views\\barang.php')
 3 SYSTEMPATH\View\View.php(229): CodeIgniter\View\View->CodeIgniter\View\{closure}()
 4 SYSTEMPATH\Common.php(1178): CodeIgniter\View\View->render('barang', [], true)
 5 APPPATH\Controllers\Home.php(14): view('barang')
 6 SYSTEMPATH\CodeIgniter.php(915): App\Controllers\Home->tes()
 7 SYSTEMPATH\CodeIgniter.php(492): CodeIgniter\CodeIgniter->runController(Object(App\Controllers\Home))
 8 SYSTEMPATH\CodeIgniter.php(353): CodeIgniter\CodeIgniter->handleRequest(null, Object(Config\Cache), false)
 9 FCPATH\index.php(79): CodeIgniter\CodeIgniter->run()
10 SYSTEMPATH\Commands\Server\rewrite.php(47): require_once('D:\\Lelang\\public\\index.php')
CRITICAL - 2023-11-09 02:17:21 --> Undefined variable $manda
in APPPATH\Views\masyarakat.php on line 41.
 1 APPPATH\Views\masyarakat.php(41): CodeIgniter\Debug\Exceptions->errorHandler(2, 'Undefined variable $manda', 'D:\\Lelang\\app\\Views\\masyarakat.php', 41)
 2 SYSTEMPATH\View\View.php(226): include('D:\\Lelang\\app\\Views\\masyarakat.php')
 3 SYSTEMPATH\View\View.php(229): CodeIgniter\View\View->CodeIgniter\View\{closure}()
 4 SYSTEMPATH\Common.php(1178): CodeIgniter\View\View->render('masyarakat', [], true)
 5 APPPATH\Controllers\Home.php(45): view('masyarakat')
 6 SYSTEMPATH\CodeIgniter.php(915): App\Controllers\Home->masyarakat()
 7 SYSTEMPATH\CodeIgniter.php(492): CodeIgniter\CodeIgniter->runController(Object(App\Controllers\Home))
 8 SYSTEMPATH\CodeIgniter.php(353): CodeIgniter\CodeIgniter->handleRequest(null, Object(Config\Cache), false)
 9 FCPATH\index.php(79): CodeIgniter\CodeIgniter->run()
10 SYSTEMPATH\Commands\Server\rewrite.php(47): require_once('D:\\Lelang\\public\\index.php')
CRITICAL - 2023-11-09 02:20:58 --> Undefined variable $manda
in APPPATH\Views\masyarakat.php on line 41.
 1 APPPATH\Views\masyarakat.php(41): CodeIgniter\Debug\Exceptions->errorHandler(2, 'Undefined variable $manda', 'D:\\Lelang\\app\\Views\\masyarakat.php', 41)
 2 SYSTEMPATH\View\View.php(226): include('D:\\Lelang\\app\\Views\\masyarakat.php')
 3 SYSTEMPATH\View\View.php(229): CodeIgniter\View\View->CodeIgniter\View\{closure}()
 4 SYSTEMPATH\Common.php(1178): CodeIgniter\View\View->render('masyarakat', [], true)
 5 APPPATH\Controllers\Home.php(45): view('masyarakat')
 6 SYSTEMPATH\CodeIgniter.php(915): App\Controllers\Home->masyarakat()
 7 SYSTEMPATH\CodeIgniter.php(492): CodeIgniter\CodeIgniter->runController(Object(App\Controllers\Home))
 8 SYSTEMPATH\CodeIgniter.php(353): CodeIgniter\CodeIgniter->handleRequest(null, Object(Config\Cache), false)
 9 FCPATH\index.php(79): CodeIgniter\CodeIgniter->run()
10 SYSTEMPATH\Commands\Server\rewrite.php(47): require_once('D:\\Lelang\\public\\index.php')
CRITICAL - 2023-11-09 02:21:39 --> Undefined variable $manda
in APPPATH\Views\masyarakat.php on line 41.
 1 APPPATH\Views\masyarakat.php(41): CodeIgniter\Debug\Exceptions->errorHandler(2, 'Undefined variable $manda', 'D:\\Lelang\\app\\Views\\masyarakat.php', 41)
 2 SYSTEMPATH\View\View.php(226): include('D:\\Lelang\\app\\Views\\masyarakat.php')
 3 SYSTEMPATH\View\View.php(229): CodeIgniter\View\View->CodeIgniter\View\{closure}()
 4 SYSTEMPATH\Common.php(1178): CodeIgniter\View\View->render('masyarakat', [], true)
 5 APPPATH\Controllers\Home.php(45): view('masyarakat')
 6 SYSTEMPATH\CodeIgniter.php(915): App\Controllers\Home->masyarakat()
 7 SYSTEMPATH\CodeIgniter.php(492): CodeIgniter\CodeIgniter->runController(Object(App\Controllers\Home))
 8 SYSTEMPATH\CodeIgniter.php(353): CodeIgniter\CodeIgniter->handleRequest(null, Object(Config\Cache), false)
 9 FCPATH\index.php(79): CodeIgniter\CodeIgniter->run()
10 SYSTEMPATH\Commands\Server\rewrite.php(47): require_once('D:\\Lelang\\public\\index.php')
CRITICAL - 2023-11-09 02:21:41 --> Undefined variable $manda
in APPPATH\Views\masyarakat.php on line 41.
 1 APPPATH\Views\masyarakat.php(41): CodeIgniter\Debug\Exceptions->errorHandler(2, 'Undefined variable $manda', 'D:\\Lelang\\app\\Views\\masyarakat.php', 41)
 2 SYSTEMPATH\View\View.php(226): include('D:\\Lelang\\app\\Views\\masyarakat.php')
 3 SYSTEMPATH\View\View.php(229): CodeIgniter\View\View->CodeIgniter\View\{closure}()
 4 SYSTEMPATH\Common.php(1178): CodeIgniter\View\View->render('masyarakat', [], true)
 5 APPPATH\Controllers\Home.php(45): view('masyarakat')
 6 SYSTEMPATH\CodeIgniter.php(915): App\Controllers\Home->masyarakat()
 7 SYSTEMPATH\CodeIgniter.php(492): CodeIgniter\CodeIgniter->runController(Object(App\Controllers\Home))
 8 SYSTEMPATH\CodeIgniter.php(353): CodeIgniter\CodeIgniter->handleRequest(null, Object(Config\Cache), false)
 9 FCPATH\index.php(79): CodeIgniter\CodeIgniter->run()
10 SYSTEMPATH\Commands\Server\rewrite.php(47): require_once('D:\\Lelang\\public\\index.php')
CRITICAL - 2023-11-09 02:29:03 --> Undefined property: stdClass::$foto
in APPPATH\Views\lelang.php on line 53.
 1 APPPATH\Views\lelang.php(53): CodeIgniter\Debug\Exceptions->errorHandler(2, 'Undefined property: stdClass::$foto', 'D:\\Lelang\\app\\Views\\lelang.php', 53)
 2 SYSTEMPATH\View\View.php(226): include('D:\\Lelang\\app\\Views\\lelang.php')
 3 SYSTEMPATH\View\View.php(229): CodeIgniter\View\View->CodeIgniter\View\{closure}()
 4 SYSTEMPATH\Common.php(1178): CodeIgniter\View\View->render('lelang', [], true)
 5 APPPATH\Controllers\Home.php(25): view('lelang', [...])
 6 SYSTEMPATH\CodeIgniter.php(915): App\Controllers\Home->lelang()
 7 SYSTEMPATH\CodeIgniter.php(492): CodeIgniter\CodeIgniter->runController(Object(App\Controllers\Home))
 8 SYSTEMPATH\CodeIgniter.php(353): CodeIgniter\CodeIgniter->handleRequest(null, Object(Config\Cache), false)
 9 FCPATH\index.php(79): CodeIgniter\CodeIgniter->run()
10 SYSTEMPATH\Commands\Server\rewrite.php(47): require_once('D:\\Lelang\\public\\index.php')
CRITICAL - 2023-11-09 02:41:26 --> Undefined variable $manda
in APPPATH\Views\barang.php on line 41.
 1 APPPATH\Views\barang.php(41): CodeIgniter\Debug\Exceptions->errorHandler(2, 'Undefined variable $manda', 'D:\\Lelang\\app\\Views\\barang.php', 41)
 2 SYSTEMPATH\View\View.php(226): include('D:\\Lelang\\app\\Views\\barang.php')
 3 SYSTEMPATH\View\View.php(229): CodeIgniter\View\View->CodeIgniter\View\{closure}()
 4 SYSTEMPATH\Common.php(1178): CodeIgniter\View\View->render('barang', [], true)
 5 APPPATH\Controllers\Home.php(14): view('barang')
 6 SYSTEMPATH\CodeIgniter.php(915): App\Controllers\Home->tes()
 7 SYSTEMPATH\CodeIgniter.php(492): CodeIgniter\CodeIgniter->runController(Object(App\Controllers\Home))
 8 SYSTEMPATH\CodeIgniter.php(353): CodeIgniter\CodeIgniter->handleRequest(null, Object(Config\Cache), false)
 9 FCPATH\index.php(79): CodeIgniter\CodeIgniter->run()
10 SYSTEMPATH\Commands\Server\rewrite.php(47): require_once('D:\\Lelang\\public\\index.php')
CRITICAL - 2023-11-09 02:41:27 --> Undefined variable $manda
in APPPATH\Views\barang.php on line 41.
 1 APPPATH\Views\barang.php(41): CodeIgniter\Debug\Exceptions->errorHandler(2, 'Undefined variable $manda', 'D:\\Lelang\\app\\Views\\barang.php', 41)
 2 SYSTEMPATH\View\View.php(226): include('D:\\Lelang\\app\\Views\\barang.php')
 3 SYSTEMPATH\View\View.php(229): CodeIgniter\View\View->CodeIgniter\View\{closure}()
 4 SYSTEMPATH\Common.php(1178): CodeIgniter\View\View->render('barang', [], true)
 5 APPPATH\Controllers\Home.php(14): view('barang')
 6 SYSTEMPATH\CodeIgniter.php(915): App\Controllers\Home->tes()
 7 SYSTEMPATH\CodeIgniter.php(492): CodeIgniter\CodeIgniter->runController(Object(App\Controllers\Home))
 8 SYSTEMPATH\CodeIgniter.php(353): CodeIgniter\CodeIgniter->handleRequest(null, Object(Config\Cache), false)
 9 FCPATH\index.php(79): CodeIgniter\CodeIgniter->run()
10 SYSTEMPATH\Commands\Server\rewrite.php(47): require_once('D:\\Lelang\\public\\index.php')
CRITICAL - 2023-11-09 02:42:25 --> Undefined variable $manda
in APPPATH\Views\barang.php on line 41.
 1 APPPATH\Views\barang.php(41): CodeIgniter\Debug\Exceptions->errorHandler(2, 'Undefined variable $manda', 'D:\\Lelang\\app\\Views\\barang.php', 41)
 2 SYSTEMPATH\View\View.php(226): include('D:\\Lelang\\app\\Views\\barang.php')
 3 SYSTEMPATH\View\View.php(229): CodeIgniter\View\View->CodeIgniter\View\{closure}()
 4 SYSTEMPATH\Common.php(1178): CodeIgniter\View\View->render('barang', [], true)
 5 APPPATH\Controllers\Home.php(14): view('barang')
 6 SYSTEMPATH\CodeIgniter.php(915): App\Controllers\Home->tes()
 7 SYSTEMPATH\CodeIgniter.php(492): CodeIgniter\CodeIgniter->runController(Object(App\Controllers\Home))
 8 SYSTEMPATH\CodeIgniter.php(353): CodeIgniter\CodeIgniter->handleRequest(null, Object(Config\Cache), false)
 9 FCPATH\index.php(79): CodeIgniter\CodeIgniter->run()
10 SYSTEMPATH\Commands\Server\rewrite.php(47): require_once('D:\\Lelang\\public\\index.php')
CRITICAL - 2023-11-09 02:43:09 --> Invalid file: "petugas .php"
in SYSTEMPATH\Exceptions\FrameworkException.php on line 39.
 1 SYSTEMPATH\View\View.php(214): CodeIgniter\Exceptions\FrameworkException::forInvalidFile('petugas .php')
 2 SYSTEMPATH\Common.php(1178): CodeIgniter\View\View->render('petugas ', [], true)
 3 APPPATH\Controllers\Home.php(55): view('petugas ')
 4 SYSTEMPATH\CodeIgniter.php(915): App\Controllers\Home->petugas()
 5 SYSTEMPATH\CodeIgniter.php(492): CodeIgniter\CodeIgniter->runController(Object(App\Controllers\Home))
 6 SYSTEMPATH\CodeIgniter.php(353): CodeIgniter\CodeIgniter->handleRequest(null, Object(Config\Cache), false)
 7 FCPATH\index.php(79): CodeIgniter\CodeIgniter->run()
 8 SYSTEMPATH\Commands\Server\rewrite.php(47): require_once('D:\\Lelang\\public\\index.php')
CRITICAL - 2023-11-09 02:43:37 --> Invalid file: "petugas .php"
in SYSTEMPATH\Exceptions\FrameworkException.php on line 39.
 1 SYSTEMPATH\View\View.php(214): CodeIgniter\Exceptions\FrameworkException::forInvalidFile('petugas .php')
 2 SYSTEMPATH\Common.php(1178): CodeIgniter\View\View->render('petugas ', [], true)
 3 APPPATH\Controllers\Home.php(55): view('petugas ')
 4 SYSTEMPATH\CodeIgniter.php(915): App\Controllers\Home->petugas()
 5 SYSTEMPATH\CodeIgniter.php(492): CodeIgniter\CodeIgniter->runController(Object(App\Controllers\Home))
 6 SYSTEMPATH\CodeIgniter.php(353): CodeIgniter\CodeIgniter->handleRequest(null, Object(Config\Cache), false)
 7 FCPATH\index.php(79): CodeIgniter\CodeIgniter->run()
 8 SYSTEMPATH\Commands\Server\rewrite.php(47): require_once('D:\\Lelang\\public\\index.php')
CRITICAL - 2023-11-09 02:45:03 --> Undefined variable $data
in APPPATH\Controllers\Home.php on line 35.
 1 APPPATH\Controllers\Home.php(35): CodeIgniter\Debug\Exceptions->errorHandler(2, 'Undefined variable $data', 'D:\\Lelang\\app\\Controllers\\Home.php', 35)
 2 SYSTEMPATH\CodeIgniter.php(915): App\Controllers\Home->barang()
 3 SYSTEMPATH\CodeIgniter.php(492): CodeIgniter\CodeIgniter->runController(Object(App\Controllers\Home))
 4 SYSTEMPATH\CodeIgniter.php(353): CodeIgniter\CodeIgniter->handleRequest(null, Object(Config\Cache), false)
 5 FCPATH\index.php(79): CodeIgniter\CodeIgniter->run()
 6 SYSTEMPATH\Commands\Server\rewrite.php(47): require_once('D:\\Lelang\\public\\index.php')
