CRITICAL - 2023-11-16 02:04:03 --> Cannot redeclare App\Controllers\Home::laporan()
in APPPATH\Controllers\Home.php on line 606.
 1 [internal function]: CodeIgniter\Debug\Exceptions->shutdownHandler()
CRITICAL - 2023-11-16 02:04:25 --> Cannot redeclare App\Controllers\Home::laporan()
in APPPATH\Controllers\Home.php on line 606.
 1 [internal function]: CodeIgniter\Debug\Exceptions->shutdownHandler()
CRITICAL - 2023-11-16 13:49:22 --> syntax error, unexpected token "{"
in APPPATH\Views\menu.php on line 68.
 1 SYSTEMPATH\View\View.php(229): CodeIgniter\View\View->CodeIgniter\View\{closure}()
 2 SYSTEMPATH\Common.php(1178): CodeIgniter\View\View->render('menu', [], true)
 3 APPPATH\Controllers\Home.php(16): view('menu')
 4 SYSTEMPATH\CodeIgniter.php(915): App\Controllers\Home->dashboard()
 5 SYSTEMPATH\CodeIgniter.php(492): CodeIgniter\CodeIgniter->runController(Object(App\Controllers\Home))
 6 SYSTEMPATH\CodeIgniter.php(353): CodeIgniter\CodeIgniter->handleRequest(null, Object(Config\Cache), false)
 7 FCPATH\index.php(79): CodeIgniter\CodeIgniter->run()
 8 SYSTEMPATH\Commands\Server\rewrite.php(47): require_once('C:\\lelang\\public\\index.php')
CRITICAL - 2023-11-16 14:17:39 --> Undefined variable $mn
in APPPATH\Views\menu1.php on line 22.
 1 APPPATH\Views\menu1.php(22): CodeIgniter\Debug\Exceptions->errorHandler(2, 'Undefined variable $mn', 'C:\\lelang\\app\\Views\\menu1.php', 22)
 2 SYSTEMPATH\View\View.php(226): include('C:\\lelang\\app\\Views\\menu1.php')
 3 SYSTEMPATH\View\View.php(229): CodeIgniter\View\View->CodeIgniter\View\{closure}()
 4 SYSTEMPATH\Common.php(1178): CodeIgniter\View\View->render('menu1', [], true)
 5 APPPATH\Controllers\Home.php(16): view('menu1')
 6 SYSTEMPATH\CodeIgniter.php(915): App\Controllers\Home->dashboard()
 7 SYSTEMPATH\CodeIgniter.php(492): CodeIgniter\CodeIgniter->runController(Object(App\Controllers\Home))
 8 SYSTEMPATH\CodeIgniter.php(353): CodeIgniter\CodeIgniter->handleRequest(null, Object(Config\Cache), false)
 9 FCPATH\index.php(79): CodeIgniter\CodeIgniter->run()
10 SYSTEMPATH\Commands\Server\rewrite.php(47): require_once('C:\\lelang\\public\\index.php')
CRITICAL - 2023-11-16 14:18:33 --> Undefined variable $data
in APPPATH\Controllers\Home.php on line 16.
 1 APPPATH\Controllers\Home.php(16): CodeIgniter\Debug\Exceptions->errorHandler(2, 'Undefined variable $data', 'C:\\lelang\\app\\Controllers\\Home.php', 16)
 2 SYSTEMPATH\CodeIgniter.php(915): App\Controllers\Home->dashboard()
 3 SYSTEMPATH\CodeIgniter.php(492): CodeIgniter\CodeIgniter->runController(Object(App\Controllers\Home))
 4 SYSTEMPATH\CodeIgniter.php(353): CodeIgniter\CodeIgniter->handleRequest(null, Object(Config\Cache), false)
 5 FCPATH\index.php(79): CodeIgniter\CodeIgniter->run()
 6 SYSTEMPATH\Commands\Server\rewrite.php(47): require_once('C:\\lelang\\public\\index.php')
CRITICAL - 2023-11-16 18:10:04 --> Undefined variable $data
in APPPATH\Controllers\Home.php on line 18.
 1 APPPATH\Controllers\Home.php(18): CodeIgniter\Debug\Exceptions->errorHandler(2, 'Undefined variable $data', 'C:\\lelang\\app\\Controllers\\Home.php', 18)
 2 SYSTEMPATH\CodeIgniter.php(915): App\Controllers\Home->dashboard()
 3 SYSTEMPATH\CodeIgniter.php(492): CodeIgniter\CodeIgniter->runController(Object(App\Controllers\Home))
 4 SYSTEMPATH\CodeIgniter.php(353): CodeIgniter\CodeIgniter->handleRequest(null, Object(Config\Cache), false)
 5 FCPATH\index.php(79): CodeIgniter\CodeIgniter->run()
 6 SYSTEMPATH\Commands\Server\rewrite.php(47): require_once('C:\\lelang\\public\\index.php')
