CRITICAL - 2023-11-22 00:46:33 --> Attempt to read property "id_user" on null
in APPPATH\Controllers\Home.php on line 401.
 1 APPPATH\Controllers\Home.php(401): CodeIgniter\Debug\Exceptions->errorHandler(2, 'Attempt to read property "id_user" on null', 'D:\\Lelang\\app\\Controllers\\Home.php', 401)
 2 SYSTEMPATH\CodeIgniter.php(915): App\Controllers\Home->aksi_login()
 3 SYSTEMPATH\CodeIgniter.php(492): CodeIgniter\CodeIgniter->runController(Object(App\Controllers\Home))
 4 SYSTEMPATH\CodeIgniter.php(353): CodeIgniter\CodeIgniter->handleRequest(null, Object(Config\Cache), false)
 5 FCPATH\index.php(79): CodeIgniter\CodeIgniter->run()
 6 SYSTEMPATH\Commands\Server\rewrite.php(47): require_once('D:\\Lelang\\public\\index.php')
CRITICAL - 2023-11-22 00:47:02 --> Attempt to read property "id_petugas" on null
in APPPATH\Controllers\Home.php on line 401.
 1 APPPATH\Controllers\Home.php(401): CodeIgniter\Debug\Exceptions->errorHandler(2, 'Attempt to read property "id_petugas" on null', 'D:\\Lelang\\app\\Controllers\\Home.php', 401)
 2 SYSTEMPATH\CodeIgniter.php(915): App\Controllers\Home->aksi_login()
 3 SYSTEMPATH\CodeIgniter.php(492): CodeIgniter\CodeIgniter->runController(Object(App\Controllers\Home))
 4 SYSTEMPATH\CodeIgniter.php(353): CodeIgniter\CodeIgniter->handleRequest(null, Object(Config\Cache), false)
 5 FCPATH\index.php(79): CodeIgniter\CodeIgniter->run()
 6 SYSTEMPATH\Commands\Server\rewrite.php(47): require_once('D:\\Lelang\\public\\index.php')
CRITICAL - 2023-11-22 00:47:10 --> Attempt to read property "id_user" on null
in APPPATH\Controllers\Home.php on line 401.
 1 APPPATH\Controllers\Home.php(401): CodeIgniter\Debug\Exceptions->errorHandler(2, 'Attempt to read property "id_user" on null', 'D:\\Lelang\\app\\Controllers\\Home.php', 401)
 2 SYSTEMPATH\CodeIgniter.php(915): App\Controllers\Home->aksi_login()
 3 SYSTEMPATH\CodeIgniter.php(492): CodeIgniter\CodeIgniter->runController(Object(App\Controllers\Home))
 4 SYSTEMPATH\CodeIgniter.php(353): CodeIgniter\CodeIgniter->handleRequest(null, Object(Config\Cache), false)
 5 FCPATH\index.php(79): CodeIgniter\CodeIgniter->run()
 6 SYSTEMPATH\Commands\Server\rewrite.php(47): require_once('D:\\Lelang\\public\\index.php')
CRITICAL - 2023-11-22 00:47:33 --> Attempt to read property "id_level" on null
in APPPATH\Controllers\Home.php on line 401.
 1 APPPATH\Controllers\Home.php(401): CodeIgniter\Debug\Exceptions->errorHandler(2, 'Attempt to read property "id_level" on null', 'D:\\Lelang\\app\\Controllers\\Home.php', 401)
 2 SYSTEMPATH\CodeIgniter.php(915): App\Controllers\Home->aksi_login()
 3 SYSTEMPATH\CodeIgniter.php(492): CodeIgniter\CodeIgniter->runController(Object(App\Controllers\Home))
 4 SYSTEMPATH\CodeIgniter.php(353): CodeIgniter\CodeIgniter->handleRequest(null, Object(Config\Cache), false)
 5 FCPATH\index.php(79): CodeIgniter\CodeIgniter->run()
 6 SYSTEMPATH\Commands\Server\rewrite.php(47): require_once('D:\\Lelang\\public\\index.php')
CRITICAL - 2023-11-22 00:47:41 --> Attempt to read property "id_user" on null
in APPPATH\Controllers\Home.php on line 401.
 1 APPPATH\Controllers\Home.php(401): CodeIgniter\Debug\Exceptions->errorHandler(2, 'Attempt to read property "id_user" on null', 'D:\\Lelang\\app\\Controllers\\Home.php', 401)
 2 SYSTEMPATH\CodeIgniter.php(915): App\Controllers\Home->aksi_login()
 3 SYSTEMPATH\CodeIgniter.php(492): CodeIgniter\CodeIgniter->runController(Object(App\Controllers\Home))
 4 SYSTEMPATH\CodeIgniter.php(353): CodeIgniter\CodeIgniter->handleRequest(null, Object(Config\Cache), false)
 5 FCPATH\index.php(79): CodeIgniter\CodeIgniter->run()
 6 SYSTEMPATH\Commands\Server\rewrite.php(47): require_once('D:\\Lelang\\public\\index.php')
CRITICAL - 2023-11-22 00:50:27 --> Attempt to read property "id_user" on null
in APPPATH\Controllers\Home.php on line 401.
 1 APPPATH\Controllers\Home.php(401): CodeIgniter\Debug\Exceptions->errorHandler(2, 'Attempt to read property "id_user" on null', 'D:\\Lelang\\app\\Controllers\\Home.php', 401)
 2 SYSTEMPATH\CodeIgniter.php(915): App\Controllers\Home->aksi_login()
 3 SYSTEMPATH\CodeIgniter.php(492): CodeIgniter\CodeIgniter->runController(Object(App\Controllers\Home))
 4 SYSTEMPATH\CodeIgniter.php(353): CodeIgniter\CodeIgniter->handleRequest(null, Object(Config\Cache), false)
 5 FCPATH\index.php(79): CodeIgniter\CodeIgniter->run()
 6 SYSTEMPATH\Commands\Server\rewrite.php(47): require_once('D:\\Lelang\\public\\index.php')
CRITICAL - 2023-11-22 01:32:29 --> Undefined variable $manda
in APPPATH\Views\history_lelang.php on line 42.
 1 APPPATH\Views\history_lelang.php(42): CodeIgniter\Debug\Exceptions->errorHandler(2, 'Undefined variable $manda', 'D:\\Lelang\\app\\Views\\history_lelang.php', 42)
 2 SYSTEMPATH\View\View.php(226): include('D:\\Lelang\\app\\Views\\history_lelang.php')
 3 SYSTEMPATH\View\View.php(229): CodeIgniter\View\View->CodeIgniter\View\{closure}()
 4 SYSTEMPATH\Common.php(1178): CodeIgniter\View\View->render('history_lelang', [], true)
 5 APPPATH\Controllers\Home.php(419): view('history_lelang')
 6 SYSTEMPATH\CodeIgniter.php(915): App\Controllers\Home->history_lelang()
 7 SYSTEMPATH\CodeIgniter.php(492): CodeIgniter\CodeIgniter->runController(Object(App\Controllers\Home))
 8 SYSTEMPATH\CodeIgniter.php(353): CodeIgniter\CodeIgniter->handleRequest(null, Object(Config\Cache), false)
 9 FCPATH\index.php(79): CodeIgniter\CodeIgniter->run()
10 SYSTEMPATH\Commands\Server\rewrite.php(47): require_once('D:\\Lelang\\public\\index.php')
CRITICAL - 2023-11-22 01:33:37 --> Undefined variable $model
in APPPATH\Controllers\Home.php on line 417.
 1 APPPATH\Controllers\Home.php(417): CodeIgniter\Debug\Exceptions->errorHandler(2, 'Undefined variable $model', 'D:\\Lelang\\app\\Controllers\\Home.php', 417)
 2 SYSTEMPATH\CodeIgniter.php(915): App\Controllers\Home->history_lelang()
 3 SYSTEMPATH\CodeIgniter.php(492): CodeIgniter\CodeIgniter->runController(Object(App\Controllers\Home))
 4 SYSTEMPATH\CodeIgniter.php(353): CodeIgniter\CodeIgniter->handleRequest(null, Object(Config\Cache), false)
 5 FCPATH\index.php(79): CodeIgniter\CodeIgniter->run()
 6 SYSTEMPATH\Commands\Server\rewrite.php(47): require_once('D:\\Lelang\\public\\index.php')
CRITICAL - 2023-11-22 01:34:00 --> Undefined variable $manda
in APPPATH\Views\history_lelang.php on line 42.
 1 APPPATH\Views\history_lelang.php(42): CodeIgniter\Debug\Exceptions->errorHandler(2, 'Undefined variable $manda', 'D:\\Lelang\\app\\Views\\history_lelang.php', 42)
 2 SYSTEMPATH\View\View.php(226): include('D:\\Lelang\\app\\Views\\history_lelang.php')
 3 SYSTEMPATH\View\View.php(229): CodeIgniter\View\View->CodeIgniter\View\{closure}()
 4 SYSTEMPATH\Common.php(1178): CodeIgniter\View\View->render('history_lelang', [], true)
 5 APPPATH\Controllers\Home.php(421): view('history_lelang')
 6 SYSTEMPATH\CodeIgniter.php(915): App\Controllers\Home->history_lelang()
 7 SYSTEMPATH\CodeIgniter.php(492): CodeIgniter\CodeIgniter->runController(Object(App\Controllers\Home))
 8 SYSTEMPATH\CodeIgniter.php(353): CodeIgniter\CodeIgniter->handleRequest(null, Object(Config\Cache), false)
 9 FCPATH\index.php(79): CodeIgniter\CodeIgniter->run()
10 SYSTEMPATH\Commands\Server\rewrite.php(47): require_once('D:\\Lelang\\public\\index.php')
CRITICAL - 2023-11-22 01:36:39 --> You must set the database table to be used with your query.
in SYSTEMPATH\Database\BaseConnection.php on line 883.
 1 SYSTEMPATH\Model.php(635): CodeIgniter\Database\BaseConnection->table(null)
 2 SYSTEMPATH\Model.php(863): CodeIgniter\Model->builder()
 3 APPPATH\Controllers\Home.php(421): CodeIgniter\Model->__call('joinn', [...])
 4 SYSTEMPATH\CodeIgniter.php(915): App\Controllers\Home->history_lelang()
 5 SYSTEMPATH\CodeIgniter.php(492): CodeIgniter\CodeIgniter->runController(Object(App\Controllers\Home))
 6 SYSTEMPATH\CodeIgniter.php(353): CodeIgniter\CodeIgniter->handleRequest(null, Object(Config\Cache), false)
 7 FCPATH\index.php(79): CodeIgniter\CodeIgniter->run()
 8 SYSTEMPATH\Commands\Server\rewrite.php(47): require_once('D:\\Lelang\\public\\index.php')
CRITICAL - 2023-11-22 01:38:40 --> You must set the database table to be used with your query.
in SYSTEMPATH\Database\BaseConnection.php on line 883.
 1 SYSTEMPATH\Model.php(635): CodeIgniter\Database\BaseConnection->table(null)
 2 SYSTEMPATH\Model.php(863): CodeIgniter\Model->builder()
 3 APPPATH\Controllers\Home.php(421): CodeIgniter\Model->__call('joinn', [...])
 4 SYSTEMPATH\CodeIgniter.php(915): App\Controllers\Home->history_lelang()
 5 SYSTEMPATH\CodeIgniter.php(492): CodeIgniter\CodeIgniter->runController(Object(App\Controllers\Home))
 6 SYSTEMPATH\CodeIgniter.php(353): CodeIgniter\CodeIgniter->handleRequest(null, Object(Config\Cache), false)
 7 FCPATH\index.php(79): CodeIgniter\CodeIgniter->run()
 8 SYSTEMPATH\Commands\Server\rewrite.php(47): require_once('D:\\Lelang\\public\\index.php')
CRITICAL - 2023-11-22 01:38:41 --> You must set the database table to be used with your query.
in SYSTEMPATH\Database\BaseConnection.php on line 883.
 1 SYSTEMPATH\Model.php(635): CodeIgniter\Database\BaseConnection->table(null)
 2 SYSTEMPATH\Model.php(863): CodeIgniter\Model->builder()
 3 APPPATH\Controllers\Home.php(421): CodeIgniter\Model->__call('joinn', [...])
 4 SYSTEMPATH\CodeIgniter.php(915): App\Controllers\Home->history_lelang()
 5 SYSTEMPATH\CodeIgniter.php(492): CodeIgniter\CodeIgniter->runController(Object(App\Controllers\Home))
 6 SYSTEMPATH\CodeIgniter.php(353): CodeIgniter\CodeIgniter->handleRequest(null, Object(Config\Cache), false)
 7 FCPATH\index.php(79): CodeIgniter\CodeIgniter->run()
 8 SYSTEMPATH\Commands\Server\rewrite.php(47): require_once('D:\\Lelang\\public\\index.php')
CRITICAL - 2023-11-22 01:38:52 --> Undefined variable $where
in APPPATH\Models\M_lelang.php on line 52.
 1 APPPATH\Models\M_lelang.php(52): CodeIgniter\Debug\Exceptions->errorHandler(2, 'Undefined variable $where', 'D:\\Lelang\\app\\Models\\M_lelang.php', 52)
 2 APPPATH\Controllers\Home.php(421): App\Models\M_lelang->joinjul('lelang', 'barang', 'petugas', 'masyarakat', 'lelang.id_barang=barang.id_barang', 'lelang.id_petugas=petugas.id_petugas', 'lelang.id_user=masyarakat.id_user', 'lelang.id_lelang', [...])
 3 SYSTEMPATH\CodeIgniter.php(915): App\Controllers\Home->history_lelang()
 4 SYSTEMPATH\CodeIgniter.php(492): CodeIgniter\CodeIgniter->runController(Object(App\Controllers\Home))
 5 SYSTEMPATH\CodeIgniter.php(353): CodeIgniter\CodeIgniter->handleRequest(null, Object(Config\Cache), false)
 6 FCPATH\index.php(79): CodeIgniter\CodeIgniter->run()
 7 SYSTEMPATH\Commands\Server\rewrite.php(47): require_once('D:\\Lelang\\public\\index.php')
CRITICAL - 2023-11-22 02:00:23 --> Cannot redeclare App\Controllers\Home::logout()
in APPPATH\Controllers\Home.php on line 432.
 1 [internal function]: CodeIgniter\Debug\Exceptions->shutdownHandler()
CRITICAL - 2023-11-22 02:00:25 --> Cannot redeclare App\Controllers\Home::logout()
in APPPATH\Controllers\Home.php on line 432.
 1 [internal function]: CodeIgniter\Debug\Exceptions->shutdownHandler()
CRITICAL - 2023-11-22 02:00:26 --> Cannot redeclare App\Controllers\Home::logout()
in APPPATH\Controllers\Home.php on line 432.
 1 [internal function]: CodeIgniter\Debug\Exceptions->shutdownHandler()
CRITICAL - 2023-11-22 02:00:27 --> Cannot redeclare App\Controllers\Home::logout()
in APPPATH\Controllers\Home.php on line 432.
 1 [internal function]: CodeIgniter\Debug\Exceptions->shutdownHandler()
CRITICAL - 2023-11-22 02:00:27 --> Cannot redeclare App\Controllers\Home::logout()
in APPPATH\Controllers\Home.php on line 432.
 1 [internal function]: CodeIgniter\Debug\Exceptions->shutdownHandler()
CRITICAL - 2023-11-22 02:00:28 --> Cannot redeclare App\Controllers\Home::logout()
in APPPATH\Controllers\Home.php on line 432.
 1 [internal function]: CodeIgniter\Debug\Exceptions->shutdownHandler()
CRITICAL - 2023-11-22 02:00:28 --> Cannot redeclare App\Controllers\Home::logout()
in APPPATH\Controllers\Home.php on line 432.
 1 [internal function]: CodeIgniter\Debug\Exceptions->shutdownHandler()
CRITICAL - 2023-11-22 02:00:40 --> Cannot redeclare App\Controllers\Home::logout()
in APPPATH\Controllers\Home.php on line 432.
 1 [internal function]: CodeIgniter\Debug\Exceptions->shutdownHandler()
CRITICAL - 2023-11-22 02:00:41 --> Cannot redeclare App\Controllers\Home::logout()
in APPPATH\Controllers\Home.php on line 432.
 1 [internal function]: CodeIgniter\Debug\Exceptions->shutdownHandler()
CRITICAL - 2023-11-22 02:00:50 --> Cannot redeclare App\Controllers\Home::logout()
in APPPATH\Controllers\Home.php on line 432.
 1 [internal function]: CodeIgniter\Debug\Exceptions->shutdownHandler()
CRITICAL - 2023-11-22 02:00:53 --> Cannot redeclare App\Controllers\Home::logout()
in APPPATH\Controllers\Home.php on line 432.
 1 [internal function]: CodeIgniter\Debug\Exceptions->shutdownHandler()
CRITICAL - 2023-11-22 02:00:58 --> Cannot redeclare App\Controllers\Home::logout()
in APPPATH\Controllers\Home.php on line 432.
 1 [internal function]: CodeIgniter\Debug\Exceptions->shutdownHandler()
CRITICAL - 2023-11-22 02:01:13 --> Cannot redeclare App\Controllers\Home::logout()
in APPPATH\Controllers\Home.php on line 432.
 1 [internal function]: CodeIgniter\Debug\Exceptions->shutdownHandler()
