CRITICAL - 2023-11-03 02:47:11 --> Undefined variable $subsubmenu
in APPPATH\Views\menu.php on line 70.
 1 APPPATH\Views\menu.php(70): CodeIgniter\Debug\Exceptions->errorHandler(2, 'Undefined variable $subsubmenu', 'C:\\lelang\\app\\Views\\menu.php', 70)
 2 SYSTEMPATH\View\View.php(226): include('C:\\lelang\\app\\Views\\menu.php')
 3 SYSTEMPATH\View\View.php(229): CodeIgniter\View\View->CodeIgniter\View\{closure}()
 4 SYSTEMPATH\Common.php(1178): CodeIgniter\View\View->render('menu', [], true)
 5 APPPATH\Controllers\Home.php(64): view('menu')
 6 SYSTEMPATH\CodeIgniter.php(915): App\Controllers\Home->lelang()
 7 SYSTEMPATH\CodeIgniter.php(492): CodeIgniter\CodeIgniter->runController(Object(App\Controllers\Home))
 8 SYSTEMPATH\CodeIgniter.php(353): CodeIgniter\CodeIgniter->handleRequest(null, Object(Config\Cache), false)
 9 FCPATH\index.php(79): CodeIgniter\CodeIgniter->run()
10 SYSTEMPATH\Commands\Server\rewrite.php(47): require_once('C:\\lelang\\public\\index.php')
CRITICAL - 2023-11-03 02:53:34 --> Undefined variable $mainmenu
in APPPATH\Views\menu.php on line 46.
 1 APPPATH\Views\menu.php(46): CodeIgniter\Debug\Exceptions->errorHandler(2, 'Undefined variable $mainmenu', 'C:\\lelang\\app\\Views\\menu.php', 46)
 2 SYSTEMPATH\View\View.php(226): include('C:\\lelang\\app\\Views\\menu.php')
 3 SYSTEMPATH\View\View.php(229): CodeIgniter\View\View->CodeIgniter\View\{closure}()
 4 SYSTEMPATH\Common.php(1178): CodeIgniter\View\View->render('menu', [], true)
 5 APPPATH\Controllers\Home.php(87): view('menu', [...])
 6 SYSTEMPATH\CodeIgniter.php(915): App\Controllers\Home->barang()
 7 SYSTEMPATH\CodeIgniter.php(492): CodeIgniter\CodeIgniter->runController(Object(App\Controllers\Home))
 8 SYSTEMPATH\CodeIgniter.php(353): CodeIgniter\CodeIgniter->handleRequest(null, Object(Config\Cache), false)
 9 FCPATH\index.php(79): CodeIgniter\CodeIgniter->run()
10 SYSTEMPATH\Commands\Server\rewrite.php(47): require_once('C:\\lelang\\public\\index.php')
CRITICAL - 2023-11-03 02:53:48 --> Undefined variable $mainmenu
in APPPATH\Views\menu.php on line 46.
 1 APPPATH\Views\menu.php(46): CodeIgniter\Debug\Exceptions->errorHandler(2, 'Undefined variable $mainmenu', 'C:\\lelang\\app\\Views\\menu.php', 46)
 2 SYSTEMPATH\View\View.php(226): include('C:\\lelang\\app\\Views\\menu.php')
 3 SYSTEMPATH\View\View.php(229): CodeIgniter\View\View->CodeIgniter\View\{closure}()
 4 SYSTEMPATH\Common.php(1178): CodeIgniter\View\View->render('menu', [], true)
 5 APPPATH\Controllers\Home.php(87): view('menu', [...])
 6 SYSTEMPATH\CodeIgniter.php(915): App\Controllers\Home->barang()
 7 SYSTEMPATH\CodeIgniter.php(492): CodeIgniter\CodeIgniter->runController(Object(App\Controllers\Home))
 8 SYSTEMPATH\CodeIgniter.php(353): CodeIgniter\CodeIgniter->handleRequest(null, Object(Config\Cache), false)
 9 FCPATH\index.php(79): CodeIgniter\CodeIgniter->run()
10 SYSTEMPATH\Commands\Server\rewrite.php(47): require_once('C:\\lelang\\public\\index.php')
CRITICAL - 2023-11-03 02:55:27 --> Undefined variable $mainmenu
in APPPATH\Views\menu.php on line 46.
 1 APPPATH\Views\menu.php(46): CodeIgniter\Debug\Exceptions->errorHandler(2, 'Undefined variable $mainmenu', 'C:\\lelang\\app\\Views\\menu.php', 46)
 2 SYSTEMPATH\View\View.php(226): include('C:\\lelang\\app\\Views\\menu.php')
 3 SYSTEMPATH\View\View.php(229): CodeIgniter\View\View->CodeIgniter\View\{closure}()
 4 SYSTEMPATH\Common.php(1178): CodeIgniter\View\View->render('menu', [], true)
 5 APPPATH\Controllers\Home.php(87): view('menu', [...])
 6 SYSTEMPATH\CodeIgniter.php(915): App\Controllers\Home->barang()
 7 SYSTEMPATH\CodeIgniter.php(492): CodeIgniter\CodeIgniter->runController(Object(App\Controllers\Home))
 8 SYSTEMPATH\CodeIgniter.php(353): CodeIgniter\CodeIgniter->handleRequest(null, Object(Config\Cache), false)
 9 FCPATH\index.php(79): CodeIgniter\CodeIgniter->run()
10 SYSTEMPATH\Commands\Server\rewrite.php(47): require_once('C:\\lelang\\public\\index.php')
CRITICAL - 2023-11-03 05:47:33 --> syntax error, unexpected variable "$where", expecting ")"
in APPPATH\Controllers\Home.php on line 111.
 1 SYSTEMPATH\Autoloader\Autoloader.php(285): CodeIgniter\Autoloader\Autoloader->includeFile('C:\\lelang\\app\\Controllers\\Home.php')
 2 SYSTEMPATH\Autoloader\Autoloader.php(263): CodeIgniter\Autoloader\Autoloader->loadInNamespace('App\\Controllers\\Home')
 3 [internal function]: CodeIgniter\Autoloader\Autoloader->loadClass('App\\Controllers\\Home')
 4 SYSTEMPATH\CodeIgniter.php(873): class_exists('\\App\\Controllers\\Home', true)
 5 SYSTEMPATH\CodeIgniter.php(479): CodeIgniter\CodeIgniter->startController()
 6 SYSTEMPATH\CodeIgniter.php(353): CodeIgniter\CodeIgniter->handleRequest(null, Object(Config\Cache), false)
 7 FCPATH\index.php(79): CodeIgniter\CodeIgniter->run()
 8 SYSTEMPATH\Commands\Server\rewrite.php(47): require_once('C:\\lelang\\public\\index.php')
CRITICAL - 2023-11-03 13:41:16 --> Undefined variable $manda
in APPPATH\Views\history.php on line 31.
 1 APPPATH\Views\history.php(31): CodeIgniter\Debug\Exceptions->errorHandler(2, 'Undefined variable $manda', 'C:\\lelang\\app\\Views\\history.php', 31)
 2 SYSTEMPATH\View\View.php(226): include('C:\\lelang\\app\\Views\\history.php')
 3 SYSTEMPATH\View\View.php(229): CodeIgniter\View\View->CodeIgniter\View\{closure}()
 4 SYSTEMPATH\Common.php(1178): CodeIgniter\View\View->render('history', [], true)
 5 APPPATH\Controllers\Home.php(263): view('history')
 6 SYSTEMPATH\CodeIgniter.php(915): App\Controllers\Home->history()
 7 SYSTEMPATH\CodeIgniter.php(492): CodeIgniter\CodeIgniter->runController(Object(App\Controllers\Home))
 8 SYSTEMPATH\CodeIgniter.php(353): CodeIgniter\CodeIgniter->handleRequest(null, Object(Config\Cache), false)
 9 FCPATH\index.php(79): CodeIgniter\CodeIgniter->run()
10 SYSTEMPATH\Commands\Server\rewrite.php(47): require_once('C:\\lelang\\public\\index.php')
CRITICAL - 2023-11-03 13:42:04 --> Undefined variable $manda
in APPPATH\Views\history.php on line 31.
 1 APPPATH\Views\history.php(31): CodeIgniter\Debug\Exceptions->errorHandler(2, 'Undefined variable $manda', 'C:\\lelang\\app\\Views\\history.php', 31)
 2 SYSTEMPATH\View\View.php(226): include('C:\\lelang\\app\\Views\\history.php')
 3 SYSTEMPATH\View\View.php(229): CodeIgniter\View\View->CodeIgniter\View\{closure}()
 4 SYSTEMPATH\Common.php(1178): CodeIgniter\View\View->render('history', [], true)
 5 APPPATH\Controllers\Home.php(265): view('history')
 6 SYSTEMPATH\CodeIgniter.php(915): App\Controllers\Home->history()
 7 SYSTEMPATH\CodeIgniter.php(492): CodeIgniter\CodeIgniter->runController(Object(App\Controllers\Home))
 8 SYSTEMPATH\CodeIgniter.php(353): CodeIgniter\CodeIgniter->handleRequest(null, Object(Config\Cache), false)
 9 FCPATH\index.php(79): CodeIgniter\CodeIgniter->run()
10 SYSTEMPATH\Commands\Server\rewrite.php(47): require_once('C:\\lelang\\public\\index.php')
CRITICAL - 2023-11-03 13:42:10 --> Undefined variable $manda
in APPPATH\Views\history.php on line 31.
 1 APPPATH\Views\history.php(31): CodeIgniter\Debug\Exceptions->errorHandler(2, 'Undefined variable $manda', 'C:\\lelang\\app\\Views\\history.php', 31)
 2 SYSTEMPATH\View\View.php(226): include('C:\\lelang\\app\\Views\\history.php')
 3 SYSTEMPATH\View\View.php(229): CodeIgniter\View\View->CodeIgniter\View\{closure}()
 4 SYSTEMPATH\Common.php(1178): CodeIgniter\View\View->render('history', [], true)
 5 APPPATH\Controllers\Home.php(265): view('history')
 6 SYSTEMPATH\CodeIgniter.php(915): App\Controllers\Home->history()
 7 SYSTEMPATH\CodeIgniter.php(492): CodeIgniter\CodeIgniter->runController(Object(App\Controllers\Home))
 8 SYSTEMPATH\CodeIgniter.php(353): CodeIgniter\CodeIgniter->handleRequest(null, Object(Config\Cache), false)
 9 FCPATH\index.php(79): CodeIgniter\CodeIgniter->run()
10 SYSTEMPATH\Commands\Server\rewrite.php(47): require_once('C:\\lelang\\public\\index.php')
