CRITICAL - 2023-11-05 05:07:44 --> Too few arguments to function App\Controllers\Home::petugas(), 0 passed in C:\lelang\system\CodeIgniter.php on line 915 and exactly 1 expected
in APPPATH\Controllers\Home.php on line 119.
 1 SYSTEMPATH\CodeIgniter.php(915): App\Controllers\Home->petugas()
 2 SYSTEMPATH\CodeIgniter.php(492): CodeIgniter\CodeIgniter->runController(Object(App\Controllers\Home))
 3 SYSTEMPATH\CodeIgniter.php(353): CodeIgniter\CodeIgniter->handleRequest(null, Object(Config\Cache), false)
 4 FCPATH\index.php(79): CodeIgniter\CodeIgniter->run()
 5 SYSTEMPATH\Commands\Server\rewrite.php(47): require_once('C:\\lelang\\public\\index.php')
CRITICAL - 2023-11-05 05:08:03 --> Too few arguments to function App\Controllers\Home::petugas(), 0 passed in C:\lelang\system\CodeIgniter.php on line 915 and exactly 1 expected
in APPPATH\Controllers\Home.php on line 119.
 1 SYSTEMPATH\CodeIgniter.php(915): App\Controllers\Home->petugas()
 2 SYSTEMPATH\CodeIgniter.php(492): CodeIgniter\CodeIgniter->runController(Object(App\Controllers\Home))
 3 SYSTEMPATH\CodeIgniter.php(353): CodeIgniter\CodeIgniter->handleRequest(null, Object(Config\Cache), false)
 4 FCPATH\index.php(79): CodeIgniter\CodeIgniter->run()
 5 SYSTEMPATH\Commands\Server\rewrite.php(47): require_once('C:\\lelang\\public\\index.php')
CRITICAL - 2023-11-05 05:15:12 --> Too few arguments to function App\Controllers\Home::petugas(), 0 passed in C:\lelang\system\CodeIgniter.php on line 915 and exactly 1 expected
in APPPATH\Controllers\Home.php on line 119.
 1 SYSTEMPATH\CodeIgniter.php(915): App\Controllers\Home->petugas()
 2 SYSTEMPATH\CodeIgniter.php(492): CodeIgniter\CodeIgniter->runController(Object(App\Controllers\Home))
 3 SYSTEMPATH\CodeIgniter.php(353): CodeIgniter\CodeIgniter->handleRequest(null, Object(Config\Cache), false)
 4 FCPATH\index.php(79): CodeIgniter\CodeIgniter->run()
 5 SYSTEMPATH\Commands\Server\rewrite.php(47): require_once('C:\\lelang\\public\\index.php')
CRITICAL - 2023-11-05 05:15:36 --> Too few arguments to function App\Controllers\Home::petugas(), 0 passed in C:\lelang\system\CodeIgniter.php on line 915 and exactly 1 expected
in APPPATH\Controllers\Home.php on line 119.
 1 SYSTEMPATH\CodeIgniter.php(915): App\Controllers\Home->petugas()
 2 SYSTEMPATH\CodeIgniter.php(492): CodeIgniter\CodeIgniter->runController(Object(App\Controllers\Home))
 3 SYSTEMPATH\CodeIgniter.php(353): CodeIgniter\CodeIgniter->handleRequest(null, Object(Config\Cache), false)
 4 FCPATH\index.php(79): CodeIgniter\CodeIgniter->run()
 5 SYSTEMPATH\Commands\Server\rewrite.php(47): require_once('C:\\lelang\\public\\index.php')
CRITICAL - 2023-11-05 05:16:49 --> Too few arguments to function App\Controllers\Home::petugas(), 0 passed in C:\lelang\system\CodeIgniter.php on line 915 and exactly 1 expected
in APPPATH\Controllers\Home.php on line 119.
 1 SYSTEMPATH\CodeIgniter.php(915): App\Controllers\Home->petugas()
 2 SYSTEMPATH\CodeIgniter.php(492): CodeIgniter\CodeIgniter->runController(Object(App\Controllers\Home))
 3 SYSTEMPATH\CodeIgniter.php(353): CodeIgniter\CodeIgniter->handleRequest(null, Object(Config\Cache), false)
 4 FCPATH\index.php(79): CodeIgniter\CodeIgniter->run()
 5 SYSTEMPATH\Commands\Server\rewrite.php(47): require_once('C:\\lelang\\public\\index.php')
CRITICAL - 2023-11-05 05:28:25 --> Too few arguments to function App\Controllers\Home::petugas(), 0 passed in C:\lelang\system\CodeIgniter.php on line 915 and exactly 1 expected
in APPPATH\Controllers\Home.php on line 119.
 1 SYSTEMPATH\CodeIgniter.php(915): App\Controllers\Home->petugas()
 2 SYSTEMPATH\CodeIgniter.php(492): CodeIgniter\CodeIgniter->runController(Object(App\Controllers\Home))
 3 SYSTEMPATH\CodeIgniter.php(353): CodeIgniter\CodeIgniter->handleRequest(null, Object(Config\Cache), false)
 4 FCPATH\index.php(79): CodeIgniter\CodeIgniter->run()
 5 SYSTEMPATH\Commands\Server\rewrite.php(47): require_once('C:\\lelang\\public\\index.php')
CRITICAL - 2023-11-05 05:30:32 --> Too few arguments to function App\Controllers\Home::petugas(), 0 passed in C:\lelang\system\CodeIgniter.php on line 915 and exactly 1 expected
in APPPATH\Controllers\Home.php on line 119.
 1 SYSTEMPATH\CodeIgniter.php(915): App\Controllers\Home->petugas()
 2 SYSTEMPATH\CodeIgniter.php(492): CodeIgniter\CodeIgniter->runController(Object(App\Controllers\Home))
 3 SYSTEMPATH\CodeIgniter.php(353): CodeIgniter\CodeIgniter->handleRequest(null, Object(Config\Cache), false)
 4 FCPATH\index.php(79): CodeIgniter\CodeIgniter->run()
 5 SYSTEMPATH\Commands\Server\rewrite.php(47): require_once('C:\\lelang\\public\\index.php')
CRITICAL - 2023-11-05 05:30:33 --> Too few arguments to function App\Controllers\Home::petugas(), 0 passed in C:\lelang\system\CodeIgniter.php on line 915 and exactly 1 expected
in APPPATH\Controllers\Home.php on line 119.
 1 SYSTEMPATH\CodeIgniter.php(915): App\Controllers\Home->petugas()
 2 SYSTEMPATH\CodeIgniter.php(492): CodeIgniter\CodeIgniter->runController(Object(App\Controllers\Home))
 3 SYSTEMPATH\CodeIgniter.php(353): CodeIgniter\CodeIgniter->handleRequest(null, Object(Config\Cache), false)
 4 FCPATH\index.php(79): CodeIgniter\CodeIgniter->run()
 5 SYSTEMPATH\Commands\Server\rewrite.php(47): require_once('C:\\lelang\\public\\index.php')
CRITICAL - 2023-11-05 05:30:34 --> Too few arguments to function App\Controllers\Home::petugas(), 0 passed in C:\lelang\system\CodeIgniter.php on line 915 and exactly 1 expected
in APPPATH\Controllers\Home.php on line 119.
 1 SYSTEMPATH\CodeIgniter.php(915): App\Controllers\Home->petugas()
 2 SYSTEMPATH\CodeIgniter.php(492): CodeIgniter\CodeIgniter->runController(Object(App\Controllers\Home))
 3 SYSTEMPATH\CodeIgniter.php(353): CodeIgniter\CodeIgniter->handleRequest(null, Object(Config\Cache), false)
 4 FCPATH\index.php(79): CodeIgniter\CodeIgniter->run()
 5 SYSTEMPATH\Commands\Server\rewrite.php(47): require_once('C:\\lelang\\public\\index.php')
CRITICAL - 2023-11-05 05:30:37 --> Too few arguments to function App\Controllers\Home::petugas(), 0 passed in C:\lelang\system\CodeIgniter.php on line 915 and exactly 1 expected
in APPPATH\Controllers\Home.php on line 119.
 1 SYSTEMPATH\CodeIgniter.php(915): App\Controllers\Home->petugas()
 2 SYSTEMPATH\CodeIgniter.php(492): CodeIgniter\CodeIgniter->runController(Object(App\Controllers\Home))
 3 SYSTEMPATH\CodeIgniter.php(353): CodeIgniter\CodeIgniter->handleRequest(null, Object(Config\Cache), false)
 4 FCPATH\index.php(79): CodeIgniter\CodeIgniter->run()
 5 SYSTEMPATH\Commands\Server\rewrite.php(47): require_once('C:\\lelang\\public\\index.php')
CRITICAL - 2023-11-05 05:31:21 --> Too few arguments to function App\Controllers\Home::petugas(), 0 passed in C:\lelang\system\CodeIgniter.php on line 915 and exactly 1 expected
in APPPATH\Controllers\Home.php on line 119.
 1 SYSTEMPATH\CodeIgniter.php(915): App\Controllers\Home->petugas()
 2 SYSTEMPATH\CodeIgniter.php(492): CodeIgniter\CodeIgniter->runController(Object(App\Controllers\Home))
 3 SYSTEMPATH\CodeIgniter.php(353): CodeIgniter\CodeIgniter->handleRequest(null, Object(Config\Cache), false)
 4 FCPATH\index.php(79): CodeIgniter\CodeIgniter->run()
 5 SYSTEMPATH\Commands\Server\rewrite.php(47): require_once('C:\\lelang\\public\\index.php')
CRITICAL - 2023-11-05 06:04:53 --> Too few arguments to function App\Controllers\Home::petugas(), 0 passed in C:\lelang\system\CodeIgniter.php on line 915 and exactly 1 expected
in APPPATH\Controllers\Home.php on line 119.
 1 SYSTEMPATH\CodeIgniter.php(915): App\Controllers\Home->petugas()
 2 SYSTEMPATH\CodeIgniter.php(492): CodeIgniter\CodeIgniter->runController(Object(App\Controllers\Home))
 3 SYSTEMPATH\CodeIgniter.php(353): CodeIgniter\CodeIgniter->handleRequest(null, Object(Config\Cache), false)
 4 FCPATH\index.php(79): CodeIgniter\CodeIgniter->run()
 5 SYSTEMPATH\Commands\Server\rewrite.php(47): require_once('C:\\lelang\\public\\index.php')
CRITICAL - 2023-11-05 06:06:40 --> Too few arguments to function App\Controllers\Home::petugas(), 0 passed in C:\lelang\system\CodeIgniter.php on line 915 and exactly 1 expected
in APPPATH\Controllers\Home.php on line 119.
 1 SYSTEMPATH\CodeIgniter.php(915): App\Controllers\Home->petugas()
 2 SYSTEMPATH\CodeIgniter.php(492): CodeIgniter\CodeIgniter->runController(Object(App\Controllers\Home))
 3 SYSTEMPATH\CodeIgniter.php(353): CodeIgniter\CodeIgniter->handleRequest(null, Object(Config\Cache), false)
 4 FCPATH\index.php(79): CodeIgniter\CodeIgniter->run()
 5 SYSTEMPATH\Commands\Server\rewrite.php(47): require_once('C:\\lelang\\public\\index.php')
CRITICAL - 2023-11-05 06:07:50 --> Too few arguments to function App\Controllers\Home::petugas(), 0 passed in C:\lelang\system\CodeIgniter.php on line 915 and exactly 1 expected
in APPPATH\Controllers\Home.php on line 119.
 1 SYSTEMPATH\CodeIgniter.php(915): App\Controllers\Home->petugas()
 2 SYSTEMPATH\CodeIgniter.php(492): CodeIgniter\CodeIgniter->runController(Object(App\Controllers\Home))
 3 SYSTEMPATH\CodeIgniter.php(353): CodeIgniter\CodeIgniter->handleRequest(null, Object(Config\Cache), false)
 4 FCPATH\index.php(79): CodeIgniter\CodeIgniter->run()
 5 SYSTEMPATH\Commands\Server\rewrite.php(47): require_once('C:\\lelang\\public\\index.php')
CRITICAL - 2023-11-05 06:17:29 --> Too few arguments to function App\Controllers\Home::petugas(), 0 passed in C:\lelang\system\CodeIgniter.php on line 915 and exactly 1 expected
in APPPATH\Controllers\Home.php on line 119.
 1 SYSTEMPATH\CodeIgniter.php(915): App\Controllers\Home->petugas()
 2 SYSTEMPATH\CodeIgniter.php(492): CodeIgniter\CodeIgniter->runController(Object(App\Controllers\Home))
 3 SYSTEMPATH\CodeIgniter.php(353): CodeIgniter\CodeIgniter->handleRequest(null, Object(Config\Cache), false)
 4 FCPATH\index.php(79): CodeIgniter\CodeIgniter->run()
 5 SYSTEMPATH\Commands\Server\rewrite.php(47): require_once('C:\\lelang\\public\\index.php')
ERROR - 2023-11-05 06:17:43 --> mysqli_sql_exception: Unknown column 'id_user' in 'where clause' in C:\lelang\system\Database\MySQLi\Connection.php:306
Stack trace:
#0 C:\lelang\system\Database\MySQLi\Connection.php(306): mysqli->query('SELECT *\nFROM `...', 0)
#1 C:\lelang\system\Database\BaseConnection.php(692): CodeIgniter\Database\MySQLi\Connection->execute('SELECT *\nFROM `...')
#2 C:\lelang\system\Database\BaseConnection.php(606): CodeIgniter\Database\BaseConnection->simpleQuery('SELECT *\nFROM `...')
#3 C:\lelang\system\Database\BaseBuilder.php(1749): CodeIgniter\Database\BaseConnection->query('SELECT *\nFROM `...', Array, false)
#4 C:\lelang\app\Models\M_lelang.php(39): CodeIgniter\Database\BaseBuilder->getWhere(Array)
#5 C:\lelang\app\Controllers\Home.php(126): App\Models\M_lelang->getWhere('petugas', Array)
#6 C:\lelang\system\CodeIgniter.php(915): App\Controllers\Home->petugas()
#7 C:\lelang\system\CodeIgniter.php(492): CodeIgniter\CodeIgniter->runController(Object(App\Controllers\Home))
#8 C:\lelang\system\CodeIgniter.php(353): CodeIgniter\CodeIgniter->handleRequest(NULL, Object(Config\Cache), false)
#9 C:\lelang\public\index.php(79): CodeIgniter\CodeIgniter->run()
#10 C:\lelang\system\Commands\Server\rewrite.php(47): require_once('C:\\lelang\\publi...')
#11 {main}
CRITICAL - 2023-11-05 06:17:43 --> Unknown column 'id_user' in 'where clause'
in SYSTEMPATH\Database\BaseConnection.php on line 646.
 1 SYSTEMPATH\Database\BaseBuilder.php(1749): CodeIgniter\Database\BaseConnection->query('SELECT *
FROM `petugas`
WHERE `id_user` IS NULL', [], false)
 2 APPPATH\Models\M_lelang.php(39): CodeIgniter\Database\BaseBuilder->getWhere([...])
 3 APPPATH\Controllers\Home.php(126): App\Models\M_lelang->getWhere('petugas', [...])
 4 SYSTEMPATH\CodeIgniter.php(915): App\Controllers\Home->petugas()
 5 SYSTEMPATH\CodeIgniter.php(492): CodeIgniter\CodeIgniter->runController(Object(App\Controllers\Home))
 6 SYSTEMPATH\CodeIgniter.php(353): CodeIgniter\CodeIgniter->handleRequest(null, Object(Config\Cache), false)
 7 FCPATH\index.php(79): CodeIgniter\CodeIgniter->run()
 8 SYSTEMPATH\Commands\Server\rewrite.php(47): require_once('C:\\lelang\\public\\index.php')
ERROR - 2023-11-05 06:19:29 --> mysqli_sql_exception: Unknown column 'level' in 'field list' in C:\lelang\system\Database\MySQLi\Connection.php:306
Stack trace:
#0 C:\lelang\system\Database\MySQLi\Connection.php(306): mysqli->query('INSERT INTO `pe...', 0)
#1 C:\lelang\system\Database\BaseConnection.php(692): CodeIgniter\Database\MySQLi\Connection->execute('INSERT INTO `pe...')
#2 C:\lelang\system\Database\BaseConnection.php(606): CodeIgniter\Database\BaseConnection->simpleQuery('INSERT INTO `pe...')
#3 C:\lelang\system\Database\BaseBuilder.php(2309): CodeIgniter\Database\BaseConnection->query('INSERT INTO `pe...', Array, false)
#4 C:\lelang\app\Models\M_lelang.php(45): CodeIgniter\Database\BaseBuilder->insert(Array)
#5 C:\lelang\app\Controllers\Home.php(166): App\Models\M_lelang->tambah('petugas', Array)
#6 C:\lelang\system\CodeIgniter.php(915): App\Controllers\Home->aksi_t_petugas()
#7 C:\lelang\system\CodeIgniter.php(492): CodeIgniter\CodeIgniter->runController(Object(App\Controllers\Home))
#8 C:\lelang\system\CodeIgniter.php(353): CodeIgniter\CodeIgniter->handleRequest(NULL, Object(Config\Cache), false)
#9 C:\lelang\public\index.php(79): CodeIgniter\CodeIgniter->run()
#10 C:\lelang\system\Commands\Server\rewrite.php(47): require_once('C:\\lelang\\publi...')
#11 {main}
CRITICAL - 2023-11-05 06:19:29 --> Unknown column 'level' in 'field list'
in SYSTEMPATH\Database\BaseConnection.php on line 646.
 1 SYSTEMPATH\Database\BaseBuilder.php(2309): CodeIgniter\Database\BaseConnection->query('INSERT INTO `petugas` (`nama_petugas`, `username`, `password`, `level`) VALUES (:nama_petugas:, :username:, :password:, :level:)', [...], false)
 2 APPPATH\Models\M_lelang.php(45): CodeIgniter\Database\BaseBuilder->insert([...])
 3 APPPATH\Controllers\Home.php(166): App\Models\M_lelang->tambah('petugas', [...])
 4 SYSTEMPATH\CodeIgniter.php(915): App\Controllers\Home->aksi_t_petugas()
 5 SYSTEMPATH\CodeIgniter.php(492): CodeIgniter\CodeIgniter->runController(Object(App\Controllers\Home))
 6 SYSTEMPATH\CodeIgniter.php(353): CodeIgniter\CodeIgniter->handleRequest(null, Object(Config\Cache), false)
 7 FCPATH\index.php(79): CodeIgniter\CodeIgniter->run()
 8 SYSTEMPATH\Commands\Server\rewrite.php(47): require_once('C:\\lelang\\public\\index.php')
ERROR - 2023-11-05 06:21:45 --> mysqli_sql_exception: Unknown column 'level' in 'field list' in C:\lelang\system\Database\MySQLi\Connection.php:306
Stack trace:
#0 C:\lelang\system\Database\MySQLi\Connection.php(306): mysqli->query('INSERT INTO `pe...', 0)
#1 C:\lelang\system\Database\BaseConnection.php(692): CodeIgniter\Database\MySQLi\Connection->execute('INSERT INTO `pe...')
#2 C:\lelang\system\Database\BaseConnection.php(606): CodeIgniter\Database\BaseConnection->simpleQuery('INSERT INTO `pe...')
#3 C:\lelang\system\Database\BaseBuilder.php(2309): CodeIgniter\Database\BaseConnection->query('INSERT INTO `pe...', Array, false)
#4 C:\lelang\app\Models\M_lelang.php(45): CodeIgniter\Database\BaseBuilder->insert(Array)
#5 C:\lelang\app\Controllers\Home.php(167): App\Models\M_lelang->tambah('petugas', Array)
#6 C:\lelang\system\CodeIgniter.php(915): App\Controllers\Home->aksi_t_petugas()
#7 C:\lelang\system\CodeIgniter.php(492): CodeIgniter\CodeIgniter->runController(Object(App\Controllers\Home))
#8 C:\lelang\system\CodeIgniter.php(353): CodeIgniter\CodeIgniter->handleRequest(NULL, Object(Config\Cache), false)
#9 C:\lelang\public\index.php(79): CodeIgniter\CodeIgniter->run()
#10 C:\lelang\system\Commands\Server\rewrite.php(47): require_once('C:\\lelang\\publi...')
#11 {main}
CRITICAL - 2023-11-05 06:21:45 --> Unknown column 'level' in 'field list'
in SYSTEMPATH\Database\BaseConnection.php on line 646.
 1 SYSTEMPATH\Database\BaseBuilder.php(2309): CodeIgniter\Database\BaseConnection->query('INSERT INTO `petugas` (`nama_petugas`, `username`, `password`, `level`) VALUES (:nama_petugas:, :username:, :password:, :level:)', [...], false)
 2 APPPATH\Models\M_lelang.php(45): CodeIgniter\Database\BaseBuilder->insert([...])
 3 APPPATH\Controllers\Home.php(167): App\Models\M_lelang->tambah('petugas', [...])
 4 SYSTEMPATH\CodeIgniter.php(915): App\Controllers\Home->aksi_t_petugas()
 5 SYSTEMPATH\CodeIgniter.php(492): CodeIgniter\CodeIgniter->runController(Object(App\Controllers\Home))
 6 SYSTEMPATH\CodeIgniter.php(353): CodeIgniter\CodeIgniter->handleRequest(null, Object(Config\Cache), false)
 7 FCPATH\index.php(79): CodeIgniter\CodeIgniter->run()
 8 SYSTEMPATH\Commands\Server\rewrite.php(47): require_once('C:\\lelang\\public\\index.php')
ERROR - 2023-11-05 06:22:03 --> mysqli_sql_exception: Unknown column 'level' in 'field list' in C:\lelang\system\Database\MySQLi\Connection.php:306
Stack trace:
#0 C:\lelang\system\Database\MySQLi\Connection.php(306): mysqli->query('INSERT INTO `pe...', 0)
#1 C:\lelang\system\Database\BaseConnection.php(692): CodeIgniter\Database\MySQLi\Connection->execute('INSERT INTO `pe...')
#2 C:\lelang\system\Database\BaseConnection.php(606): CodeIgniter\Database\BaseConnection->simpleQuery('INSERT INTO `pe...')
#3 C:\lelang\system\Database\BaseBuilder.php(2309): CodeIgniter\Database\BaseConnection->query('INSERT INTO `pe...', Array, false)
#4 C:\lelang\app\Models\M_lelang.php(45): CodeIgniter\Database\BaseBuilder->insert(Array)
#5 C:\lelang\app\Controllers\Home.php(167): App\Models\M_lelang->tambah('petugas', Array)
#6 C:\lelang\system\CodeIgniter.php(915): App\Controllers\Home->aksi_t_petugas()
#7 C:\lelang\system\CodeIgniter.php(492): CodeIgniter\CodeIgniter->runController(Object(App\Controllers\Home))
#8 C:\lelang\system\CodeIgniter.php(353): CodeIgniter\CodeIgniter->handleRequest(NULL, Object(Config\Cache), false)
#9 C:\lelang\public\index.php(79): CodeIgniter\CodeIgniter->run()
#10 C:\lelang\system\Commands\Server\rewrite.php(47): require_once('C:\\lelang\\publi...')
#11 {main}
CRITICAL - 2023-11-05 06:22:03 --> Unknown column 'level' in 'field list'
in SYSTEMPATH\Database\BaseConnection.php on line 646.
 1 SYSTEMPATH\Database\BaseBuilder.php(2309): CodeIgniter\Database\BaseConnection->query('INSERT INTO `petugas` (`nama_petugas`, `username`, `password`, `level`) VALUES (:nama_petugas:, :username:, :password:, :level:)', [...], false)
 2 APPPATH\Models\M_lelang.php(45): CodeIgniter\Database\BaseBuilder->insert([...])
 3 APPPATH\Controllers\Home.php(167): App\Models\M_lelang->tambah('petugas', [...])
 4 SYSTEMPATH\CodeIgniter.php(915): App\Controllers\Home->aksi_t_petugas()
 5 SYSTEMPATH\CodeIgniter.php(492): CodeIgniter\CodeIgniter->runController(Object(App\Controllers\Home))
 6 SYSTEMPATH\CodeIgniter.php(353): CodeIgniter\CodeIgniter->handleRequest(null, Object(Config\Cache), false)
 7 FCPATH\index.php(79): CodeIgniter\CodeIgniter->run()
 8 SYSTEMPATH\Commands\Server\rewrite.php(47): require_once('C:\\lelang\\public\\index.php')
ERROR - 2023-11-05 06:22:26 --> mysqli_sql_exception: Unknown column 'level' in 'field list' in C:\lelang\system\Database\MySQLi\Connection.php:306
Stack trace:
#0 C:\lelang\system\Database\MySQLi\Connection.php(306): mysqli->query('INSERT INTO `pe...', 0)
#1 C:\lelang\system\Database\BaseConnection.php(692): CodeIgniter\Database\MySQLi\Connection->execute('INSERT INTO `pe...')
#2 C:\lelang\system\Database\BaseConnection.php(606): CodeIgniter\Database\BaseConnection->simpleQuery('INSERT INTO `pe...')
#3 C:\lelang\system\Database\BaseBuilder.php(2309): CodeIgniter\Database\BaseConnection->query('INSERT INTO `pe...', Array, false)
#4 C:\lelang\app\Models\M_lelang.php(45): CodeIgniter\Database\BaseBuilder->insert(Array)
#5 C:\lelang\app\Controllers\Home.php(167): App\Models\M_lelang->tambah('petugas', Array)
#6 C:\lelang\system\CodeIgniter.php(915): App\Controllers\Home->aksi_t_petugas()
#7 C:\lelang\system\CodeIgniter.php(492): CodeIgniter\CodeIgniter->runController(Object(App\Controllers\Home))
#8 C:\lelang\system\CodeIgniter.php(353): CodeIgniter\CodeIgniter->handleRequest(NULL, Object(Config\Cache), false)
#9 C:\lelang\public\index.php(79): CodeIgniter\CodeIgniter->run()
#10 C:\lelang\system\Commands\Server\rewrite.php(47): require_once('C:\\lelang\\publi...')
#11 {main}
CRITICAL - 2023-11-05 06:22:26 --> Unknown column 'level' in 'field list'
in SYSTEMPATH\Database\BaseConnection.php on line 646.
 1 SYSTEMPATH\Database\BaseBuilder.php(2309): CodeIgniter\Database\BaseConnection->query('INSERT INTO `petugas` (`nama_petugas`, `username`, `password`, `level`) VALUES (:nama_petugas:, :username:, :password:, :level:)', [...], false)
 2 APPPATH\Models\M_lelang.php(45): CodeIgniter\Database\BaseBuilder->insert([...])
 3 APPPATH\Controllers\Home.php(167): App\Models\M_lelang->tambah('petugas', [...])
 4 SYSTEMPATH\CodeIgniter.php(915): App\Controllers\Home->aksi_t_petugas()
 5 SYSTEMPATH\CodeIgniter.php(492): CodeIgniter\CodeIgniter->runController(Object(App\Controllers\Home))
 6 SYSTEMPATH\CodeIgniter.php(353): CodeIgniter\CodeIgniter->handleRequest(null, Object(Config\Cache), false)
 7 FCPATH\index.php(79): CodeIgniter\CodeIgniter->run()
 8 SYSTEMPATH\Commands\Server\rewrite.php(47): require_once('C:\\lelang\\public\\index.php')
ERROR - 2023-11-05 06:23:42 --> mysqli_sql_exception: Column 'id_level' cannot be null in C:\lelang\system\Database\MySQLi\Connection.php:306
Stack trace:
#0 C:\lelang\system\Database\MySQLi\Connection.php(306): mysqli->query('INSERT INTO `pe...', 0)
#1 C:\lelang\system\Database\BaseConnection.php(692): CodeIgniter\Database\MySQLi\Connection->execute('INSERT INTO `pe...')
#2 C:\lelang\system\Database\BaseConnection.php(606): CodeIgniter\Database\BaseConnection->simpleQuery('INSERT INTO `pe...')
#3 C:\lelang\system\Database\BaseBuilder.php(2309): CodeIgniter\Database\BaseConnection->query('INSERT INTO `pe...', Array, false)
#4 C:\lelang\app\Models\M_lelang.php(45): CodeIgniter\Database\BaseBuilder->insert(Array)
#5 C:\lelang\app\Controllers\Home.php(167): App\Models\M_lelang->tambah('petugas', Array)
#6 C:\lelang\system\CodeIgniter.php(915): App\Controllers\Home->aksi_t_petugas()
#7 C:\lelang\system\CodeIgniter.php(492): CodeIgniter\CodeIgniter->runController(Object(App\Controllers\Home))
#8 C:\lelang\system\CodeIgniter.php(353): CodeIgniter\CodeIgniter->handleRequest(NULL, Object(Config\Cache), false)
#9 C:\lelang\public\index.php(79): CodeIgniter\CodeIgniter->run()
#10 C:\lelang\system\Commands\Server\rewrite.php(47): require_once('C:\\lelang\\publi...')
#11 {main}
CRITICAL - 2023-11-05 06:23:42 --> Column 'id_level' cannot be null
in SYSTEMPATH\Database\BaseConnection.php on line 646.
 1 SYSTEMPATH\Database\BaseBuilder.php(2309): CodeIgniter\Database\BaseConnection->query('INSERT INTO `petugas` (`nama_petugas`, `username`, `password`, `id_level`) VALUES (:nama_petugas:, :username:, :password:, :id_level:)', [...], false)
 2 APPPATH\Models\M_lelang.php(45): CodeIgniter\Database\BaseBuilder->insert([...])
 3 APPPATH\Controllers\Home.php(167): App\Models\M_lelang->tambah('petugas', [...])
 4 SYSTEMPATH\CodeIgniter.php(915): App\Controllers\Home->aksi_t_petugas()
 5 SYSTEMPATH\CodeIgniter.php(492): CodeIgniter\CodeIgniter->runController(Object(App\Controllers\Home))
 6 SYSTEMPATH\CodeIgniter.php(353): CodeIgniter\CodeIgniter->handleRequest(null, Object(Config\Cache), false)
 7 FCPATH\index.php(79): CodeIgniter\CodeIgniter->run()
 8 SYSTEMPATH\Commands\Server\rewrite.php(47): require_once('C:\\lelang\\public\\index.php')
CRITICAL - 2023-11-05 06:26:57 --> Attempt to read property "nama_petugas" on null
in APPPATH\Views\edit_petugas.php on line 15.
 1 APPPATH\Views\edit_petugas.php(15): CodeIgniter\Debug\Exceptions->errorHandler(2, 'Attempt to read property "nama_petugas" on null', 'C:\\lelang\\app\\Views\\edit_petugas.php', 15)
 2 SYSTEMPATH\View\View.php(226): include('C:\\lelang\\app\\Views\\edit_petugas.php')
 3 SYSTEMPATH\View\View.php(229): CodeIgniter\View\View->CodeIgniter\View\{closure}()
 4 SYSTEMPATH\Common.php(1178): CodeIgniter\View\View->render('edit_petugas', [], true)
 5 APPPATH\Controllers\Home.php(181): view('edit_petugas', [...])
 6 SYSTEMPATH\CodeIgniter.php(915): App\Controllers\Home->edit_petugas('3')
 7 SYSTEMPATH\CodeIgniter.php(492): CodeIgniter\CodeIgniter->runController(Object(App\Controllers\Home))
 8 SYSTEMPATH\CodeIgniter.php(353): CodeIgniter\CodeIgniter->handleRequest(null, Object(Config\Cache), false)
 9 FCPATH\index.php(79): CodeIgniter\CodeIgniter->run()
10 SYSTEMPATH\Commands\Server\rewrite.php(47): require_once('C:\\lelang\\public\\index.php')
CRITICAL - 2023-11-05 06:29:44 --> Too few arguments to function App\Models\M_lelang::join(), 3 passed in C:\lelang\app\Controllers\Home.php on line 122 and exactly 4 expected
in APPPATH\Models\M_lelang.php on line 16.
 1 APPPATH\Controllers\Home.php(122): App\Models\M_lelang->join('petugas', 'level', 'petugas.id_level=level.id_level')
 2 SYSTEMPATH\CodeIgniter.php(915): App\Controllers\Home->petugas()
 3 SYSTEMPATH\CodeIgniter.php(492): CodeIgniter\CodeIgniter->runController(Object(App\Controllers\Home))
 4 SYSTEMPATH\CodeIgniter.php(353): CodeIgniter\CodeIgniter->handleRequest(null, Object(Config\Cache), false)
 5 FCPATH\index.php(79): CodeIgniter\CodeIgniter->run()
 6 SYSTEMPATH\Commands\Server\rewrite.php(47): require_once('C:\\lelang\\public\\index.php')
CRITICAL - 2023-11-05 06:35:09 --> Undefined variable $satu
in APPPATH\Views\petugas.php on line 34.
 1 APPPATH\Views\petugas.php(34): CodeIgniter\Debug\Exceptions->errorHandler(2, 'Undefined variable $satu', 'C:\\lelang\\app\\Views\\petugas.php', 34)
 2 SYSTEMPATH\View\View.php(226): include('C:\\lelang\\app\\Views\\petugas.php')
 3 SYSTEMPATH\View\View.php(229): CodeIgniter\View\View->CodeIgniter\View\{closure}()
 4 SYSTEMPATH\Common.php(1178): CodeIgniter\View\View->render('petugas', [], true)
 5 APPPATH\Controllers\Home.php(129): view('petugas', [...])
 6 SYSTEMPATH\CodeIgniter.php(915): App\Controllers\Home->petugas()
 7 SYSTEMPATH\CodeIgniter.php(492): CodeIgniter\CodeIgniter->runController(Object(App\Controllers\Home))
 8 SYSTEMPATH\CodeIgniter.php(353): CodeIgniter\CodeIgniter->handleRequest(null, Object(Config\Cache), false)
 9 FCPATH\index.php(79): CodeIgniter\CodeIgniter->run()
10 SYSTEMPATH\Commands\Server\rewrite.php(47): require_once('C:\\lelang\\public\\index.php')
CRITICAL - 2023-11-05 06:35:15 --> Undefined variable $satu
in APPPATH\Views\petugas.php on line 34.
 1 APPPATH\Views\petugas.php(34): CodeIgniter\Debug\Exceptions->errorHandler(2, 'Undefined variable $satu', 'C:\\lelang\\app\\Views\\petugas.php', 34)
 2 SYSTEMPATH\View\View.php(226): include('C:\\lelang\\app\\Views\\petugas.php')
 3 SYSTEMPATH\View\View.php(229): CodeIgniter\View\View->CodeIgniter\View\{closure}()
 4 SYSTEMPATH\Common.php(1178): CodeIgniter\View\View->render('petugas', [], true)
 5 APPPATH\Controllers\Home.php(129): view('petugas', [...])
 6 SYSTEMPATH\CodeIgniter.php(915): App\Controllers\Home->petugas()
 7 SYSTEMPATH\CodeIgniter.php(492): CodeIgniter\CodeIgniter->runController(Object(App\Controllers\Home))
 8 SYSTEMPATH\CodeIgniter.php(353): CodeIgniter\CodeIgniter->handleRequest(null, Object(Config\Cache), false)
 9 FCPATH\index.php(79): CodeIgniter\CodeIgniter->run()
10 SYSTEMPATH\Commands\Server\rewrite.php(47): require_once('C:\\lelang\\public\\index.php')
ERROR - 2023-11-05 06:42:02 --> mysqli_sql_exception: Column 'status' cannot be null in C:\lelang\system\Database\MySQLi\Connection.php:306
Stack trace:
#0 C:\lelang\system\Database\MySQLi\Connection.php(306): mysqli->query('INSERT INTO `le...', 0)
#1 C:\lelang\system\Database\BaseConnection.php(692): CodeIgniter\Database\MySQLi\Connection->execute('INSERT INTO `le...')
#2 C:\lelang\system\Database\BaseConnection.php(606): CodeIgniter\Database\BaseConnection->simpleQuery('INSERT INTO `le...')
#3 C:\lelang\system\Database\BaseBuilder.php(2309): CodeIgniter\Database\BaseConnection->query('INSERT INTO `le...', Array, false)
#4 C:\lelang\app\Models\M_lelang.php(45): CodeIgniter\Database\BaseBuilder->insert(Array)
#5 C:\lelang\app\Controllers\Home.php(292): App\Models\M_lelang->tambah('lelang', Array)
#6 C:\lelang\system\CodeIgniter.php(915): App\Controllers\Home->aksi_t_lelang()
#7 C:\lelang\system\CodeIgniter.php(492): CodeIgniter\CodeIgniter->runController(Object(App\Controllers\Home))
#8 C:\lelang\system\CodeIgniter.php(353): CodeIgniter\CodeIgniter->handleRequest(NULL, Object(Config\Cache), false)
#9 C:\lelang\public\index.php(79): CodeIgniter\CodeIgniter->run()
#10 C:\lelang\system\Commands\Server\rewrite.php(47): require_once('C:\\lelang\\publi...')
#11 {main}
CRITICAL - 2023-11-05 06:42:02 --> Column 'status' cannot be null
in SYSTEMPATH\Database\BaseConnection.php on line 646.
 1 SYSTEMPATH\Database\BaseBuilder.php(2309): CodeIgniter\Database\BaseConnection->query('INSERT INTO `lelang` (`id_barang`, `tgl_lelang`, `harga_akhir`, `id_user`, `id_petugas`, `status`) VALUES (:id_barang:, :tgl_lelang:, :harga_akhir:, :id_user:, :id_petugas:, :status:)', [...], false)
 2 APPPATH\Models\M_lelang.php(45): CodeIgniter\Database\BaseBuilder->insert([...])
 3 APPPATH\Controllers\Home.php(292): App\Models\M_lelang->tambah('lelang', [...])
 4 SYSTEMPATH\CodeIgniter.php(915): App\Controllers\Home->aksi_t_lelang()
 5 SYSTEMPATH\CodeIgniter.php(492): CodeIgniter\CodeIgniter->runController(Object(App\Controllers\Home))
 6 SYSTEMPATH\CodeIgniter.php(353): CodeIgniter\CodeIgniter->handleRequest(null, Object(Config\Cache), false)
 7 FCPATH\index.php(79): CodeIgniter\CodeIgniter->run()
 8 SYSTEMPATH\Commands\Server\rewrite.php(47): require_once('C:\\lelang\\public\\index.php')
CRITICAL - 2023-11-05 06:49:06 --> Attempt to read property "nama_petugas" on null
in APPPATH\Views\edit_petugas.php on line 15.
 1 APPPATH\Views\edit_petugas.php(15): CodeIgniter\Debug\Exceptions->errorHandler(2, 'Attempt to read property "nama_petugas" on null', 'C:\\lelang\\app\\Views\\edit_petugas.php', 15)
 2 SYSTEMPATH\View\View.php(226): include('C:\\lelang\\app\\Views\\edit_petugas.php')
 3 SYSTEMPATH\View\View.php(229): CodeIgniter\View\View->CodeIgniter\View\{closure}()
 4 SYSTEMPATH\Common.php(1178): CodeIgniter\View\View->render('edit_petugas', [], true)
 5 APPPATH\Controllers\Home.php(181): view('edit_petugas', [...])
 6 SYSTEMPATH\CodeIgniter.php(915): App\Controllers\Home->edit_petugas('5')
 7 SYSTEMPATH\CodeIgniter.php(492): CodeIgniter\CodeIgniter->runController(Object(App\Controllers\Home))
 8 SYSTEMPATH\CodeIgniter.php(353): CodeIgniter\CodeIgniter->handleRequest(null, Object(Config\Cache), false)
 9 FCPATH\index.php(79): CodeIgniter\CodeIgniter->run()
10 SYSTEMPATH\Commands\Server\rewrite.php(47): require_once('C:\\lelang\\public\\index.php')
CRITICAL - 2023-11-05 06:51:04 --> Attempt to read property "nama_petugas" on null
in APPPATH\Views\edit_petugas.php on line 15.
 1 APPPATH\Views\edit_petugas.php(15): CodeIgniter\Debug\Exceptions->errorHandler(2, 'Attempt to read property "nama_petugas" on null', 'C:\\lelang\\app\\Views\\edit_petugas.php', 15)
 2 SYSTEMPATH\View\View.php(226): include('C:\\lelang\\app\\Views\\edit_petugas.php')
 3 SYSTEMPATH\View\View.php(229): CodeIgniter\View\View->CodeIgniter\View\{closure}()
 4 SYSTEMPATH\Common.php(1178): CodeIgniter\View\View->render('edit_petugas', [], true)
 5 APPPATH\Controllers\Home.php(181): view('edit_petugas', [...])
 6 SYSTEMPATH\CodeIgniter.php(915): App\Controllers\Home->edit_petugas('5')
 7 SYSTEMPATH\CodeIgniter.php(492): CodeIgniter\CodeIgniter->runController(Object(App\Controllers\Home))
 8 SYSTEMPATH\CodeIgniter.php(353): CodeIgniter\CodeIgniter->handleRequest(null, Object(Config\Cache), false)
 9 FCPATH\index.php(79): CodeIgniter\CodeIgniter->run()
10 SYSTEMPATH\Commands\Server\rewrite.php(47): require_once('C:\\lelang\\public\\index.php')
CRITICAL - 2023-11-05 06:51:17 --> Undefined property: stdClass::$nama_petugas
in APPPATH\Views\edit_petugas.php on line 15.
 1 APPPATH\Views\edit_petugas.php(15): CodeIgniter\Debug\Exceptions->errorHandler(2, 'Undefined property: stdClass::$nama_petugas', 'C:\\lelang\\app\\Views\\edit_petugas.php', 15)
 2 SYSTEMPATH\View\View.php(226): include('C:\\lelang\\app\\Views\\edit_petugas.php')
 3 SYSTEMPATH\View\View.php(229): CodeIgniter\View\View->CodeIgniter\View\{closure}()
 4 SYSTEMPATH\Common.php(1178): CodeIgniter\View\View->render('edit_petugas', [], true)
 5 APPPATH\Controllers\Home.php(181): view('edit_petugas', [...])
 6 SYSTEMPATH\CodeIgniter.php(915): App\Controllers\Home->edit_petugas('1')
 7 SYSTEMPATH\CodeIgniter.php(492): CodeIgniter\CodeIgniter->runController(Object(App\Controllers\Home))
 8 SYSTEMPATH\CodeIgniter.php(353): CodeIgniter\CodeIgniter->handleRequest(null, Object(Config\Cache), false)
 9 FCPATH\index.php(79): CodeIgniter\CodeIgniter->run()
10 SYSTEMPATH\Commands\Server\rewrite.php(47): require_once('C:\\lelang\\public\\index.php')
CRITICAL - 2023-11-05 06:51:48 --> Attempt to read property "nama_petugas" on null
in APPPATH\Views\edit_petugas.php on line 15.
 1 APPPATH\Views\edit_petugas.php(15): CodeIgniter\Debug\Exceptions->errorHandler(2, 'Attempt to read property "nama_petugas" on null', 'C:\\lelang\\app\\Views\\edit_petugas.php', 15)
 2 SYSTEMPATH\View\View.php(226): include('C:\\lelang\\app\\Views\\edit_petugas.php')
 3 SYSTEMPATH\View\View.php(229): CodeIgniter\View\View->CodeIgniter\View\{closure}()
 4 SYSTEMPATH\Common.php(1178): CodeIgniter\View\View->render('edit_petugas', [], true)
 5 APPPATH\Controllers\Home.php(181): view('edit_petugas', [...])
 6 SYSTEMPATH\CodeIgniter.php(915): App\Controllers\Home->edit_petugas('5')
 7 SYSTEMPATH\CodeIgniter.php(492): CodeIgniter\CodeIgniter->runController(Object(App\Controllers\Home))
 8 SYSTEMPATH\CodeIgniter.php(353): CodeIgniter\CodeIgniter->handleRequest(null, Object(Config\Cache), false)
 9 FCPATH\index.php(79): CodeIgniter\CodeIgniter->run()
10 SYSTEMPATH\Commands\Server\rewrite.php(47): require_once('C:\\lelang\\public\\index.php')
CRITICAL - 2023-11-05 06:52:27 --> Attempt to read property "nama_petugas" on null
in APPPATH\Views\edit_petugas.php on line 15.
 1 APPPATH\Views\edit_petugas.php(15): CodeIgniter\Debug\Exceptions->errorHandler(2, 'Attempt to read property "nama_petugas" on null', 'C:\\lelang\\app\\Views\\edit_petugas.php', 15)
 2 SYSTEMPATH\View\View.php(226): include('C:\\lelang\\app\\Views\\edit_petugas.php')
 3 SYSTEMPATH\View\View.php(229): CodeIgniter\View\View->CodeIgniter\View\{closure}()
 4 SYSTEMPATH\Common.php(1178): CodeIgniter\View\View->render('edit_petugas', [], true)
 5 APPPATH\Controllers\Home.php(181): view('edit_petugas', [...])
 6 SYSTEMPATH\CodeIgniter.php(915): App\Controllers\Home->edit_petugas('5')
 7 SYSTEMPATH\CodeIgniter.php(492): CodeIgniter\CodeIgniter->runController(Object(App\Controllers\Home))
 8 SYSTEMPATH\CodeIgniter.php(353): CodeIgniter\CodeIgniter->handleRequest(null, Object(Config\Cache), false)
 9 FCPATH\index.php(79): CodeIgniter\CodeIgniter->run()
10 SYSTEMPATH\Commands\Server\rewrite.php(47): require_once('C:\\lelang\\public\\index.php')
CRITICAL - 2023-11-05 06:52:32 --> Attempt to read property "nama_petugas" on null
in APPPATH\Views\edit_petugas.php on line 15.
 1 APPPATH\Views\edit_petugas.php(15): CodeIgniter\Debug\Exceptions->errorHandler(2, 'Attempt to read property "nama_petugas" on null', 'C:\\lelang\\app\\Views\\edit_petugas.php', 15)
 2 SYSTEMPATH\View\View.php(226): include('C:\\lelang\\app\\Views\\edit_petugas.php')
 3 SYSTEMPATH\View\View.php(229): CodeIgniter\View\View->CodeIgniter\View\{closure}()
 4 SYSTEMPATH\Common.php(1178): CodeIgniter\View\View->render('edit_petugas', [], true)
 5 APPPATH\Controllers\Home.php(181): view('edit_petugas', [...])
 6 SYSTEMPATH\CodeIgniter.php(915): App\Controllers\Home->edit_petugas('5')
 7 SYSTEMPATH\CodeIgniter.php(492): CodeIgniter\CodeIgniter->runController(Object(App\Controllers\Home))
 8 SYSTEMPATH\CodeIgniter.php(353): CodeIgniter\CodeIgniter->handleRequest(null, Object(Config\Cache), false)
 9 FCPATH\index.php(79): CodeIgniter\CodeIgniter->run()
10 SYSTEMPATH\Commands\Server\rewrite.php(47): require_once('C:\\lelang\\public\\index.php')
CRITICAL - 2023-11-05 06:55:05 --> Attempt to read property "nama_petugas" on null
in APPPATH\Views\edit_petugas.php on line 15.
 1 APPPATH\Views\edit_petugas.php(15): CodeIgniter\Debug\Exceptions->errorHandler(2, 'Attempt to read property "nama_petugas" on null', 'C:\\lelang\\app\\Views\\edit_petugas.php', 15)
 2 SYSTEMPATH\View\View.php(226): include('C:\\lelang\\app\\Views\\edit_petugas.php')
 3 SYSTEMPATH\View\View.php(229): CodeIgniter\View\View->CodeIgniter\View\{closure}()
 4 SYSTEMPATH\Common.php(1178): CodeIgniter\View\View->render('edit_petugas', [], true)
 5 APPPATH\Controllers\Home.php(181): view('edit_petugas', [...])
 6 SYSTEMPATH\CodeIgniter.php(915): App\Controllers\Home->edit_petugas('5')
 7 SYSTEMPATH\CodeIgniter.php(492): CodeIgniter\CodeIgniter->runController(Object(App\Controllers\Home))
 8 SYSTEMPATH\CodeIgniter.php(353): CodeIgniter\CodeIgniter->handleRequest(null, Object(Config\Cache), false)
 9 FCPATH\index.php(79): CodeIgniter\CodeIgniter->run()
10 SYSTEMPATH\Commands\Server\rewrite.php(47): require_once('C:\\lelang\\public\\index.php')
CRITICAL - 2023-11-05 06:55:43 --> Attempt to read property "nama_petugas" on null
in APPPATH\Views\edit_petugas.php on line 15.
 1 APPPATH\Views\edit_petugas.php(15): CodeIgniter\Debug\Exceptions->errorHandler(2, 'Attempt to read property "nama_petugas" on null', 'C:\\lelang\\app\\Views\\edit_petugas.php', 15)
 2 SYSTEMPATH\View\View.php(226): include('C:\\lelang\\app\\Views\\edit_petugas.php')
 3 SYSTEMPATH\View\View.php(229): CodeIgniter\View\View->CodeIgniter\View\{closure}()
 4 SYSTEMPATH\Common.php(1178): CodeIgniter\View\View->render('edit_petugas', [], true)
 5 APPPATH\Controllers\Home.php(181): view('edit_petugas', [...])
 6 SYSTEMPATH\CodeIgniter.php(915): App\Controllers\Home->edit_petugas('5')
 7 SYSTEMPATH\CodeIgniter.php(492): CodeIgniter\CodeIgniter->runController(Object(App\Controllers\Home))
 8 SYSTEMPATH\CodeIgniter.php(353): CodeIgniter\CodeIgniter->handleRequest(null, Object(Config\Cache), false)
 9 FCPATH\index.php(79): CodeIgniter\CodeIgniter->run()
10 SYSTEMPATH\Commands\Server\rewrite.php(47): require_once('C:\\lelang\\public\\index.php')
CRITICAL - 2023-11-05 06:59:03 --> Undefined property: stdClass::$level
in APPPATH\Views\edit_petugas.php on line 37.
 1 APPPATH\Views\edit_petugas.php(37): CodeIgniter\Debug\Exceptions->errorHandler(2, 'Undefined property: stdClass::$level', 'C:\\lelang\\app\\Views\\edit_petugas.php', 37)
 2 SYSTEMPATH\View\View.php(226): include('C:\\lelang\\app\\Views\\edit_petugas.php')
 3 SYSTEMPATH\View\View.php(229): CodeIgniter\View\View->CodeIgniter\View\{closure}()
 4 SYSTEMPATH\Common.php(1178): CodeIgniter\View\View->render('edit_petugas', [], true)
 5 APPPATH\Controllers\Home.php(181): view('edit_petugas', [...])
 6 SYSTEMPATH\CodeIgniter.php(915): App\Controllers\Home->edit_petugas('5')
 7 SYSTEMPATH\CodeIgniter.php(492): CodeIgniter\CodeIgniter->runController(Object(App\Controllers\Home))
 8 SYSTEMPATH\CodeIgniter.php(353): CodeIgniter\CodeIgniter->handleRequest(null, Object(Config\Cache), false)
 9 FCPATH\index.php(79): CodeIgniter\CodeIgniter->run()
10 SYSTEMPATH\Commands\Server\rewrite.php(47): require_once('C:\\lelang\\public\\index.php')
CRITICAL - 2023-11-05 06:59:39 --> Undefined property: stdClass::$level
in APPPATH\Views\edit_petugas.php on line 39.
 1 APPPATH\Views\edit_petugas.php(39): CodeIgniter\Debug\Exceptions->errorHandler(2, 'Undefined property: stdClass::$level', 'C:\\lelang\\app\\Views\\edit_petugas.php', 39)
 2 SYSTEMPATH\View\View.php(226): include('C:\\lelang\\app\\Views\\edit_petugas.php')
 3 SYSTEMPATH\View\View.php(229): CodeIgniter\View\View->CodeIgniter\View\{closure}()
 4 SYSTEMPATH\Common.php(1178): CodeIgniter\View\View->render('edit_petugas', [], true)
 5 APPPATH\Controllers\Home.php(181): view('edit_petugas', [...])
 6 SYSTEMPATH\CodeIgniter.php(915): App\Controllers\Home->edit_petugas('5')
 7 SYSTEMPATH\CodeIgniter.php(492): CodeIgniter\CodeIgniter->runController(Object(App\Controllers\Home))
 8 SYSTEMPATH\CodeIgniter.php(353): CodeIgniter\CodeIgniter->handleRequest(null, Object(Config\Cache), false)
 9 FCPATH\index.php(79): CodeIgniter\CodeIgniter->run()
10 SYSTEMPATH\Commands\Server\rewrite.php(47): require_once('C:\\lelang\\public\\index.php')
CRITICAL - 2023-11-05 06:59:43 --> Undefined property: stdClass::$level
in APPPATH\Views\edit_petugas.php on line 39.
 1 APPPATH\Views\edit_petugas.php(39): CodeIgniter\Debug\Exceptions->errorHandler(2, 'Undefined property: stdClass::$level', 'C:\\lelang\\app\\Views\\edit_petugas.php', 39)
 2 SYSTEMPATH\View\View.php(226): include('C:\\lelang\\app\\Views\\edit_petugas.php')
 3 SYSTEMPATH\View\View.php(229): CodeIgniter\View\View->CodeIgniter\View\{closure}()
 4 SYSTEMPATH\Common.php(1178): CodeIgniter\View\View->render('edit_petugas', [], true)
 5 APPPATH\Controllers\Home.php(181): view('edit_petugas', [...])
 6 SYSTEMPATH\CodeIgniter.php(915): App\Controllers\Home->edit_petugas('5')
 7 SYSTEMPATH\CodeIgniter.php(492): CodeIgniter\CodeIgniter->runController(Object(App\Controllers\Home))
 8 SYSTEMPATH\CodeIgniter.php(353): CodeIgniter\CodeIgniter->handleRequest(null, Object(Config\Cache), false)
 9 FCPATH\index.php(79): CodeIgniter\CodeIgniter->run()
10 SYSTEMPATH\Commands\Server\rewrite.php(47): require_once('C:\\lelang\\public\\index.php')
CRITICAL - 2023-11-05 06:59:53 --> Undefined property: stdClass::$level
in APPPATH\Views\edit_petugas.php on line 49.
 1 APPPATH\Views\edit_petugas.php(49): CodeIgniter\Debug\Exceptions->errorHandler(2, 'Undefined property: stdClass::$level', 'C:\\lelang\\app\\Views\\edit_petugas.php', 49)
 2 SYSTEMPATH\View\View.php(226): include('C:\\lelang\\app\\Views\\edit_petugas.php')
 3 SYSTEMPATH\View\View.php(229): CodeIgniter\View\View->CodeIgniter\View\{closure}()
 4 SYSTEMPATH\Common.php(1178): CodeIgniter\View\View->render('edit_petugas', [], true)
 5 APPPATH\Controllers\Home.php(181): view('edit_petugas', [...])
 6 SYSTEMPATH\CodeIgniter.php(915): App\Controllers\Home->edit_petugas('5')
 7 SYSTEMPATH\CodeIgniter.php(492): CodeIgniter\CodeIgniter->runController(Object(App\Controllers\Home))
 8 SYSTEMPATH\CodeIgniter.php(353): CodeIgniter\CodeIgniter->handleRequest(null, Object(Config\Cache), false)
 9 FCPATH\index.php(79): CodeIgniter\CodeIgniter->run()
10 SYSTEMPATH\Commands\Server\rewrite.php(47): require_once('C:\\lelang\\public\\index.php')
CRITICAL - 2023-11-05 10:36:02 --> Too few arguments to function App\Models\M_lelang::join(), 3 passed in C:\lelang\app\Controllers\Home.php on line 122 and exactly 4 expected
in APPPATH\Models\M_lelang.php on line 16.
 1 APPPATH\Controllers\Home.php(122): App\Models\M_lelang->join('petugas', 'level', 'petugas.level=level.id_level')
 2 SYSTEMPATH\CodeIgniter.php(915): App\Controllers\Home->petugas()
 3 SYSTEMPATH\CodeIgniter.php(492): CodeIgniter\CodeIgniter->runController(Object(App\Controllers\Home))
 4 SYSTEMPATH\CodeIgniter.php(353): CodeIgniter\CodeIgniter->handleRequest(null, Object(Config\Cache), false)
 5 FCPATH\index.php(79): CodeIgniter\CodeIgniter->run()
 6 SYSTEMPATH\Commands\Server\rewrite.php(47): require_once('C:\\lelang\\public\\index.php')
CRITICAL - 2023-11-05 10:36:52 --> Too few arguments to function App\Models\M_lelang::join(), 3 passed in C:\lelang\app\Controllers\Home.php on line 122 and exactly 4 expected
in APPPATH\Models\M_lelang.php on line 16.
 1 APPPATH\Controllers\Home.php(122): App\Models\M_lelang->join('petugas', 'level', 'petugas.id_level=level.id_level')
 2 SYSTEMPATH\CodeIgniter.php(915): App\Controllers\Home->petugas()
 3 SYSTEMPATH\CodeIgniter.php(492): CodeIgniter\CodeIgniter->runController(Object(App\Controllers\Home))
 4 SYSTEMPATH\CodeIgniter.php(353): CodeIgniter\CodeIgniter->handleRequest(null, Object(Config\Cache), false)
 5 FCPATH\index.php(79): CodeIgniter\CodeIgniter->run()
 6 SYSTEMPATH\Commands\Server\rewrite.php(47): require_once('C:\\lelang\\public\\index.php')
CRITICAL - 2023-11-05 10:36:54 --> Too few arguments to function App\Models\M_lelang::join(), 3 passed in C:\lelang\app\Controllers\Home.php on line 122 and exactly 4 expected
in APPPATH\Models\M_lelang.php on line 16.
 1 APPPATH\Controllers\Home.php(122): App\Models\M_lelang->join('petugas', 'level', 'petugas.id_level=level.id_level')
 2 SYSTEMPATH\CodeIgniter.php(915): App\Controllers\Home->petugas()
 3 SYSTEMPATH\CodeIgniter.php(492): CodeIgniter\CodeIgniter->runController(Object(App\Controllers\Home))
 4 SYSTEMPATH\CodeIgniter.php(353): CodeIgniter\CodeIgniter->handleRequest(null, Object(Config\Cache), false)
 5 FCPATH\index.php(79): CodeIgniter\CodeIgniter->run()
 6 SYSTEMPATH\Commands\Server\rewrite.php(47): require_once('C:\\lelang\\public\\index.php')
CRITICAL - 2023-11-05 10:36:54 --> Too few arguments to function App\Models\M_lelang::join(), 3 passed in C:\lelang\app\Controllers\Home.php on line 122 and exactly 4 expected
in APPPATH\Models\M_lelang.php on line 16.
 1 APPPATH\Controllers\Home.php(122): App\Models\M_lelang->join('petugas', 'level', 'petugas.id_level=level.id_level')
 2 SYSTEMPATH\CodeIgniter.php(915): App\Controllers\Home->petugas()
 3 SYSTEMPATH\CodeIgniter.php(492): CodeIgniter\CodeIgniter->runController(Object(App\Controllers\Home))
 4 SYSTEMPATH\CodeIgniter.php(353): CodeIgniter\CodeIgniter->handleRequest(null, Object(Config\Cache), false)
 5 FCPATH\index.php(79): CodeIgniter\CodeIgniter->run()
 6 SYSTEMPATH\Commands\Server\rewrite.php(47): require_once('C:\\lelang\\public\\index.php')
CRITICAL - 2023-11-05 10:36:54 --> Too few arguments to function App\Models\M_lelang::join(), 3 passed in C:\lelang\app\Controllers\Home.php on line 122 and exactly 4 expected
in APPPATH\Models\M_lelang.php on line 16.
 1 APPPATH\Controllers\Home.php(122): App\Models\M_lelang->join('petugas', 'level', 'petugas.id_level=level.id_level')
 2 SYSTEMPATH\CodeIgniter.php(915): App\Controllers\Home->petugas()
 3 SYSTEMPATH\CodeIgniter.php(492): CodeIgniter\CodeIgniter->runController(Object(App\Controllers\Home))
 4 SYSTEMPATH\CodeIgniter.php(353): CodeIgniter\CodeIgniter->handleRequest(null, Object(Config\Cache), false)
 5 FCPATH\index.php(79): CodeIgniter\CodeIgniter->run()
 6 SYSTEMPATH\Commands\Server\rewrite.php(47): require_once('C:\\lelang\\public\\index.php')
CRITICAL - 2023-11-05 10:36:55 --> Too few arguments to function App\Models\M_lelang::join(), 3 passed in C:\lelang\app\Controllers\Home.php on line 122 and exactly 4 expected
in APPPATH\Models\M_lelang.php on line 16.
 1 APPPATH\Controllers\Home.php(122): App\Models\M_lelang->join('petugas', 'level', 'petugas.id_level=level.id_level')
 2 SYSTEMPATH\CodeIgniter.php(915): App\Controllers\Home->petugas()
 3 SYSTEMPATH\CodeIgniter.php(492): CodeIgniter\CodeIgniter->runController(Object(App\Controllers\Home))
 4 SYSTEMPATH\CodeIgniter.php(353): CodeIgniter\CodeIgniter->handleRequest(null, Object(Config\Cache), false)
 5 FCPATH\index.php(79): CodeIgniter\CodeIgniter->run()
 6 SYSTEMPATH\Commands\Server\rewrite.php(47): require_once('C:\\lelang\\public\\index.php')
CRITICAL - 2023-11-05 10:36:55 --> Too few arguments to function App\Models\M_lelang::join(), 3 passed in C:\lelang\app\Controllers\Home.php on line 122 and exactly 4 expected
in APPPATH\Models\M_lelang.php on line 16.
 1 APPPATH\Controllers\Home.php(122): App\Models\M_lelang->join('petugas', 'level', 'petugas.id_level=level.id_level')
 2 SYSTEMPATH\CodeIgniter.php(915): App\Controllers\Home->petugas()
 3 SYSTEMPATH\CodeIgniter.php(492): CodeIgniter\CodeIgniter->runController(Object(App\Controllers\Home))
 4 SYSTEMPATH\CodeIgniter.php(353): CodeIgniter\CodeIgniter->handleRequest(null, Object(Config\Cache), false)
 5 FCPATH\index.php(79): CodeIgniter\CodeIgniter->run()
 6 SYSTEMPATH\Commands\Server\rewrite.php(47): require_once('C:\\lelang\\public\\index.php')
CRITICAL - 2023-11-05 10:37:02 --> Too few arguments to function App\Models\M_lelang::join(), 3 passed in C:\lelang\app\Controllers\Home.php on line 122 and exactly 4 expected
in APPPATH\Models\M_lelang.php on line 16.
 1 APPPATH\Controllers\Home.php(122): App\Models\M_lelang->join('petugas', 'level', 'petugas.id_level=level.id_level')
 2 SYSTEMPATH\CodeIgniter.php(915): App\Controllers\Home->petugas()
 3 SYSTEMPATH\CodeIgniter.php(492): CodeIgniter\CodeIgniter->runController(Object(App\Controllers\Home))
 4 SYSTEMPATH\CodeIgniter.php(353): CodeIgniter\CodeIgniter->handleRequest(null, Object(Config\Cache), false)
 5 FCPATH\index.php(79): CodeIgniter\CodeIgniter->run()
 6 SYSTEMPATH\Commands\Server\rewrite.php(47): require_once('C:\\lelang\\public\\index.php')
CRITICAL - 2023-11-05 10:38:08 --> Too few arguments to function App\Models\M_lelang::join(), 2 passed in C:\lelang\app\Controllers\Home.php on line 122 and exactly 4 expected
in APPPATH\Models\M_lelang.php on line 16.
 1 APPPATH\Controllers\Home.php(122): App\Models\M_lelang->join('petugas', 'id_petugas')
 2 SYSTEMPATH\CodeIgniter.php(915): App\Controllers\Home->petugas()
 3 SYSTEMPATH\CodeIgniter.php(492): CodeIgniter\CodeIgniter->runController(Object(App\Controllers\Home))
 4 SYSTEMPATH\CodeIgniter.php(353): CodeIgniter\CodeIgniter->handleRequest(null, Object(Config\Cache), false)
 5 FCPATH\index.php(79): CodeIgniter\CodeIgniter->run()
 6 SYSTEMPATH\Commands\Server\rewrite.php(47): require_once('C:\\lelang\\public\\index.php')
CRITICAL - 2023-11-05 10:38:15 --> Too few arguments to function App\Models\M_lelang::join(), 2 passed in C:\lelang\app\Controllers\Home.php on line 122 and exactly 4 expected
in APPPATH\Models\M_lelang.php on line 16.
 1 APPPATH\Controllers\Home.php(122): App\Models\M_lelang->join('petugas', 'id_petugas')
 2 SYSTEMPATH\CodeIgniter.php(915): App\Controllers\Home->petugas()
 3 SYSTEMPATH\CodeIgniter.php(492): CodeIgniter\CodeIgniter->runController(Object(App\Controllers\Home))
 4 SYSTEMPATH\CodeIgniter.php(353): CodeIgniter\CodeIgniter->handleRequest(null, Object(Config\Cache), false)
 5 FCPATH\index.php(79): CodeIgniter\CodeIgniter->run()
 6 SYSTEMPATH\Commands\Server\rewrite.php(47): require_once('C:\\lelang\\public\\index.php')
CRITICAL - 2023-11-05 13:38:17 --> Too few arguments to function App\Models\M_lelang::join(), 3 passed in C:\lelang\app\Controllers\Home.php on line 122 and exactly 4 expected
in APPPATH\Models\M_lelang.php on line 16.
 1 APPPATH\Controllers\Home.php(122): App\Models\M_lelang->join('petugas', 'level', 'petugas.id_level=level.id_level')
 2 SYSTEMPATH\CodeIgniter.php(915): App\Controllers\Home->petugas()
 3 SYSTEMPATH\CodeIgniter.php(492): CodeIgniter\CodeIgniter->runController(Object(App\Controllers\Home))
 4 SYSTEMPATH\CodeIgniter.php(353): CodeIgniter\CodeIgniter->handleRequest(null, Object(Config\Cache), false)
 5 FCPATH\index.php(79): CodeIgniter\CodeIgniter->run()
 6 SYSTEMPATH\Commands\Server\rewrite.php(47): require_once('C:\\lelang\\public\\index.php')
CRITICAL - 2023-11-05 13:38:40 --> Too few arguments to function App\Models\M_lelang::join(), 3 passed in C:\lelang\app\Controllers\Home.php on line 122 and exactly 4 expected
in APPPATH\Models\M_lelang.php on line 16.
 1 APPPATH\Controllers\Home.php(122): App\Models\M_lelang->join('petugas', 'level', 'petugas.id_level=level.id_levelpetugas.id_level')
 2 SYSTEMPATH\CodeIgniter.php(915): App\Controllers\Home->petugas()
 3 SYSTEMPATH\CodeIgniter.php(492): CodeIgniter\CodeIgniter->runController(Object(App\Controllers\Home))
 4 SYSTEMPATH\CodeIgniter.php(353): CodeIgniter\CodeIgniter->handleRequest(null, Object(Config\Cache), false)
 5 FCPATH\index.php(79): CodeIgniter\CodeIgniter->run()
 6 SYSTEMPATH\Commands\Server\rewrite.php(47): require_once('C:\\lelang\\public\\index.php')
CRITICAL - 2023-11-05 13:38:45 --> Too few arguments to function App\Models\M_lelang::join(), 3 passed in C:\lelang\app\Controllers\Home.php on line 122 and exactly 4 expected
in APPPATH\Models\M_lelang.php on line 16.
 1 APPPATH\Controllers\Home.php(122): App\Models\M_lelang->join('petugas', 'level', 'petugas.id_level=level.id_levelpetugas.id_level')
 2 SYSTEMPATH\CodeIgniter.php(915): App\Controllers\Home->petugas()
 3 SYSTEMPATH\CodeIgniter.php(492): CodeIgniter\CodeIgniter->runController(Object(App\Controllers\Home))
 4 SYSTEMPATH\CodeIgniter.php(353): CodeIgniter\CodeIgniter->handleRequest(null, Object(Config\Cache), false)
 5 FCPATH\index.php(79): CodeIgniter\CodeIgniter->run()
 6 SYSTEMPATH\Commands\Server\rewrite.php(47): require_once('C:\\lelang\\public\\index.php')
CRITICAL - 2023-11-05 13:39:02 --> Too few arguments to function App\Models\M_lelang::join(), 3 passed in C:\lelang\app\Controllers\Home.php on line 122 and exactly 4 expected
in APPPATH\Models\M_lelang.php on line 16.
 1 APPPATH\Controllers\Home.php(122): App\Models\M_lelang->join('petugas', 'level', 'petugas.id_level=level.id_level')
 2 SYSTEMPATH\CodeIgniter.php(915): App\Controllers\Home->petugas()
 3 SYSTEMPATH\CodeIgniter.php(492): CodeIgniter\CodeIgniter->runController(Object(App\Controllers\Home))
 4 SYSTEMPATH\CodeIgniter.php(353): CodeIgniter\CodeIgniter->handleRequest(null, Object(Config\Cache), false)
 5 FCPATH\index.php(79): CodeIgniter\CodeIgniter->run()
 6 SYSTEMPATH\Commands\Server\rewrite.php(47): require_once('C:\\lelang\\public\\index.php')
ERROR - 2023-11-05 13:44:44 --> mysqli_sql_exception: Unknown column 'level' in 'field list' in C:\lelang\system\Database\MySQLi\Connection.php:306
Stack trace:
#0 C:\lelang\system\Database\MySQLi\Connection.php(306): mysqli->query('UPDATE `petugas...', 0)
#1 C:\lelang\system\Database\BaseConnection.php(692): CodeIgniter\Database\MySQLi\Connection->execute('UPDATE `petugas...')
#2 C:\lelang\system\Database\BaseConnection.php(606): CodeIgniter\Database\BaseConnection->simpleQuery('UPDATE `petugas...')
#3 C:\lelang\system\Database\BaseBuilder.php(2476): CodeIgniter\Database\BaseConnection->query('UPDATE `petugas...', Array, false)
#4 C:\lelang\app\Models\M_lelang.php(50): CodeIgniter\Database\BaseBuilder->update(Array, Array)
#5 C:\lelang\app\Controllers\Home.php(205): App\Models\M_lelang->edit('petugas', Array, Array)
#6 C:\lelang\system\CodeIgniter.php(915): App\Controllers\Home->aksi_edit_petugas()
#7 C:\lelang\system\CodeIgniter.php(492): CodeIgniter\CodeIgniter->runController(Object(App\Controllers\Home))
#8 C:\lelang\system\CodeIgniter.php(353): CodeIgniter\CodeIgniter->handleRequest(NULL, Object(Config\Cache), false)
#9 C:\lelang\public\index.php(79): CodeIgniter\CodeIgniter->run()
#10 C:\lelang\system\Commands\Server\rewrite.php(47): require_once('C:\\lelang\\publi...')
#11 {main}
CRITICAL - 2023-11-05 13:44:44 --> Unknown column 'level' in 'field list'
in SYSTEMPATH\Database\BaseConnection.php on line 646.
 1 SYSTEMPATH\Database\BaseBuilder.php(2476): CodeIgniter\Database\BaseConnection->query('UPDATE `petugas` SET `nama_petugas` = :nama_petugas:, `username` = :username:, `password` = :password:, `level` = :level:
WHERE `id_petugas` = :id_petugas:', [...], false)
 2 APPPATH\Models\M_lelang.php(50): CodeIgniter\Database\BaseBuilder->update([...], [...])
 3 APPPATH\Controllers\Home.php(205): App\Models\M_lelang->edit('petugas', [...], [...])
 4 SYSTEMPATH\CodeIgniter.php(915): App\Controllers\Home->aksi_edit_petugas()
 5 SYSTEMPATH\CodeIgniter.php(492): CodeIgniter\CodeIgniter->runController(Object(App\Controllers\Home))
 6 SYSTEMPATH\CodeIgniter.php(353): CodeIgniter\CodeIgniter->handleRequest(null, Object(Config\Cache), false)
 7 FCPATH\index.php(79): CodeIgniter\CodeIgniter->run()
 8 SYSTEMPATH\Commands\Server\rewrite.php(47): require_once('C:\\lelang\\public\\index.php')
